==============================================================
Vitis HLS - High-Level Synthesis from C, C++ and OpenCL v2022.1 (64-bit)
Tool Version Limit: 2022.04
Copyright 1986-2022 Xilinx, Inc. All Rights Reserved.
==============================================================
INFO: [SYN 201-201] Setting up clock 'default' with a period of 4ns.
INFO: [HLS 200-1611] Setting target device to 'xc7k160t-fbg676-2'
INFO: [HLS 200-1505] Using flow_target 'vivado'
INFO: [HLS 200-1464] Running solution command: config_compile -complex-mul-dsp=0
INFO: [HLS 200-1464] Running solution command: config_compile -pipeline_loops=0
INFO: [HLS 200-1464] Running solution command: config_export -format=ip_catalog
INFO: [HLS 200-1464] Running solution command: config_export -rtl=verilog
INFO: [HLS 200-1464] Running solution command: config_export -vivado_clock=4
INFO: [HLS 200-1510] Running: set_part xc7k160t-fbg676-2 
INFO: [HLS 200-1510] Running: create_clock -period 4 -name default 
INFO: [HLS 200-1510] Running: config_compile -pipeline_loops 0 
INFO: [HLS 200-1510] Running: config_export -format ip_catalog -rtl verilog -vivado_clock 4 
INFO: [HLS 200-1510] Running: source ./InnerProduct/solution5/directives.tcl
INFO: [HLS 200-1510] Running: set_directive_top -name inner_product inner_product 
INFO: [HLS 200-1510] Running: set_directive_pipeline -II 1 -rewind inner_product/inner_product_loop 
INFO: [HLS 200-1510] Running: set_directive_pipeline inner_product 
INFO: [HLS 200-1510] Running: set_directive_array_partition -dim 1 -factor 4 -type block inner_product a 
INFO: [HLS 200-1510] Running: set_directive_array_partition -dim 1 -factor 4 -type block inner_product b 
INFO: [HLS 200-1510] Running: set_directive_unroll -factor 4 inner_product/inner_product_loop 
INFO: [HLS 200-1510] Running: csynth_design 
INFO: [HLS 200-111] Finished File checks and directory preparation: CPU user time: 1 seconds. CPU system time: 0 seconds. Elapsed time: 0.386 seconds; current allocated memory: 1.214 GB.
INFO: [HLS 200-10] Analyzing design file 'inner_product.cpp' ... 
INFO: [HLS 200-111] Finished Source Code Analysis and Preprocessing: CPU user time: 0 seconds. CPU system time: 0 seconds. Elapsed time: 8.539 seconds; current allocated memory: 1.214 GB.
INFO: [HLS 200-777] Using interface defaults for 'Vivado' flow target.
INFO: [HLS 214-131] Inlining function 'ap_fixed_base<32, 32, true, (ap_q_mode)5, (ap_o_mode)3, 0>::operator!() const' into 'ap_fixed_base<16, 16, true, (ap_q_mode)5, (ap_o_mode)3, 0>& ap_fixed_base<16, 16, true, (ap_q_mode)5, (ap_o_mode)3, 0>::operator=<32, 32, true, (ap_q_mode)5, (ap_o_mode)3, 0>(ap_fixed_base<32, 32, true, (ap_q_mode)5, (ap_o_mode)3, 0> const&)' (C:/Apps/Xilinx/Vitis_HLS/2022.1/common/technology/autopilot\ap_fixed_base.h:854:9)
INFO: [HLS 214-131] Inlining function 'ap_fixed_base<16, 16, true, (ap_q_mode)5, (ap_o_mode)3, 0>& ap_fixed_base<16, 16, true, (ap_q_mode)5, (ap_o_mode)3, 0>::operator=<32, 32, true, (ap_q_mode)5, (ap_o_mode)3, 0>(ap_fixed_base<32, 32, true, (ap_q_mode)5, (ap_o_mode)3, 0> const&)' into 'ap_fixed_base<16, 16, true, (ap_q_mode)5, (ap_o_mode)3, 0>::ap_fixed_base(int)' (C:/Apps/Xilinx/Vitis_HLS/2022.1/common/technology/autopilot\ap_fixed_base.h:576:146)
INFO: [HLS 214-131] Inlining function 'ap_fixed_base<16, 16, true, (ap_q_mode)5, (ap_o_mode)3, 0>::ap_fixed_base(int)' into 'ap_fixed<16, 16, (ap_q_mode)5, (ap_o_mode)3, 0>::ap_fixed(int)' (C:/Apps/Xilinx/Vitis_HLS/2022.1/common/technology/autopilot\ap_fixed.h:183:79)
INFO: [HLS 214-131] Inlining function 'ap_fixed_base<32, 32, true, (ap_q_mode)5, (ap_o_mode)3, 0>::ap_fixed_base(int)' into 'ap_fixed_base<16, 16, true, (ap_q_mode)5, (ap_o_mode)3, 0>::RType<16, 16, true>::mult ap_fixed_base<16, 16, true, (ap_q_mode)5, (ap_o_mode)3, 0>::operator*<16, 16, true, (ap_q_mode)5, (ap_o_mode)3, 0>(ap_fixed_base<16, 16, true, (ap_q_mode)5, (ap_o_mode)3, 0> const&) const' (C:/Apps/Xilinx/Vitis_HLS/2022.1/common/technology/autopilot\ap_fixed_base.h:1316:55)
INFO: [HLS 214-131] Inlining function 'ap_fixed<32, 32, (ap_q_mode)5, (ap_o_mode)3, 0>::ap_fixed<32, 32, true, (ap_q_mode)5, (ap_o_mode)3, 0>(ap_fixed_base<32, 32, true, (ap_q_mode)5, (ap_o_mode)3, 0> const&)' into 'ap_fixed_base<16, 16, true, (ap_q_mode)5, (ap_o_mode)3, 0>::RType<16, 16, true>::mult ap_fixed_base<16, 16, true, (ap_q_mode)5, (ap_o_mode)3, 0>::operator*<16, 16, true, (ap_q_mode)5, (ap_o_mode)3, 0>(ap_fixed_base<16, 16, true, (ap_q_mode)5, (ap_o_mode)3, 0> const&) const' (C:/Apps/Xilinx/Vitis_HLS/2022.1/common/technology/autopilot\ap_fixed_base.h:1320:12)
INFO: [HLS 214-131] Inlining function 'ap_fixed_base<32, 32, true, (ap_q_mode)5, (ap_o_mode)3, 0>::ap_fixed_base(int)' into 'ap_fixed_base<16, 16, true, (ap_q_mode)5, (ap_o_mode)3, 0>::RType<16, 16, true>::mult ap_fixed_base<16, 16, true, (ap_q_mode)5, (ap_o_mode)3, 0>::operator*<16, 16, true, (ap_q_mode)5, (ap_o_mode)3, 0>(ap_fixed_base<16, 16, true, (ap_q_mode)5, (ap_o_mode)3, 0> const&) const' (C:/Apps/Xilinx/Vitis_HLS/2022.1/common/technology/autopilot\ap_fixed_base.h:1316:61)
INFO: [HLS 214-131] Inlining function 'ap_fixed_base<32, 32, true, (ap_q_mode)5, (ap_o_mode)3, 0>::operator!() const' into 'ap_fixed_base<33, 33, true, (ap_q_mode)5, (ap_o_mode)3, 0>& ap_fixed_base<33, 33, true, (ap_q_mode)5, (ap_o_mode)3, 0>::operator=<32, 32, true, (ap_q_mode)5, (ap_o_mode)3, 0>(ap_fixed_base<32, 32, true, (ap_q_mode)5, (ap_o_mode)3, 0> const&)' (C:/Apps/Xilinx/Vitis_HLS/2022.1/common/technology/autopilot\ap_fixed_base.h:854:9)
INFO: [HLS 214-131] Inlining function 'ap_fixed_base<33, 33, true, (ap_q_mode)5, (ap_o_mode)3, 0>& ap_fixed_base<33, 33, true, (ap_q_mode)5, (ap_o_mode)3, 0>::operator=<32, 32, true, (ap_q_mode)5, (ap_o_mode)3, 0>(ap_fixed_base<32, 32, true, (ap_q_mode)5, (ap_o_mode)3, 0> const&)' into 'ap_fixed_base<33, 33, true, (ap_q_mode)5, (ap_o_mode)3, 0>::ap_fixed_base(int)' (C:/Apps/Xilinx/Vitis_HLS/2022.1/common/technology/autopilot\ap_fixed_base.h:576:146)
INFO: [HLS 214-131] Inlining function 'ap_fixed_base<16, 16, true, (ap_q_mode)5, (ap_o_mode)3, 0>::operator!() const' into 'ap_fixed_base<33, 33, true, (ap_q_mode)5, (ap_o_mode)3, 0>& ap_fixed_base<33, 33, true, (ap_q_mode)5, (ap_o_mode)3, 0>::operator=<16, 16, true, (ap_q_mode)5, (ap_o_mode)3, 0>(ap_fixed_base<16, 16, true, (ap_q_mode)5, (ap_o_mode)3, 0> const&)' (C:/Apps/Xilinx/Vitis_HLS/2022.1/common/technology/autopilot\ap_fixed_base.h:854:9)
INFO: [HLS 214-131] Inlining function '_ZN8ssdm_intILi33ELb1EEC2EDq33_i' into 'ap_fixed_base<33, 33, true, (ap_q_mode)5, (ap_o_mode)3, 0>::ap_fixed_base<16, 16, true, (ap_q_mode)5, (ap_o_mode)3, 0>(ap_fixed_base<16, 16, true, (ap_q_mode)5, (ap_o_mode)3, 0> const&)' (C:/Apps/Xilinx/Vitis_HLS/2022.1/common/technology/autopilot\ap_fixed_base.h:447:80)
INFO: [HLS 214-131] Inlining function 'ap_fixed_base<33, 33, true, (ap_q_mode)5, (ap_o_mode)3, 0>& ap_fixed_base<33, 33, true, (ap_q_mode)5, (ap_o_mode)3, 0>::operator=<16, 16, true, (ap_q_mode)5, (ap_o_mode)3, 0>(ap_fixed_base<16, 16, true, (ap_q_mode)5, (ap_o_mode)3, 0> const&)' into 'ap_fixed_base<33, 33, true, (ap_q_mode)5, (ap_o_mode)3, 0>::ap_fixed_base<16, 16, true, (ap_q_mode)5, (ap_o_mode)3, 0>(ap_fixed_base<16, 16, true, (ap_q_mode)5, (ap_o_mode)3, 0> const&)' (C:/Apps/Xilinx/Vitis_HLS/2022.1/common/technology/autopilot\ap_fixed_base.h:449:5)
INFO: [HLS 214-131] Inlining function '_ZN8ssdm_intILi33ELb1EEC2EDq33_i' into 'ap_fixed_base<33, 33, true, (ap_q_mode)5, (ap_o_mode)3, 0>::ap_fixed_base<32, 32, true, (ap_q_mode)5, (ap_o_mode)3, 0>(ap_fixed_base<32, 32, true, (ap_q_mode)5, (ap_o_mode)3, 0> const&)' (C:/Apps/Xilinx/Vitis_HLS/2022.1/common/technology/autopilot\ap_fixed_base.h:447:80)
INFO: [HLS 214-131] Inlining function 'ap_fixed_base<33, 33, true, (ap_q_mode)5, (ap_o_mode)3, 0>& ap_fixed_base<33, 33, true, (ap_q_mode)5, (ap_o_mode)3, 0>::operator=<32, 32, true, (ap_q_mode)5, (ap_o_mode)3, 0>(ap_fixed_base<32, 32, true, (ap_q_mode)5, (ap_o_mode)3, 0> const&)' into 'ap_fixed_base<33, 33, true, (ap_q_mode)5, (ap_o_mode)3, 0>::ap_fixed_base<32, 32, true, (ap_q_mode)5, (ap_o_mode)3, 0>(ap_fixed_base<32, 32, true, (ap_q_mode)5, (ap_o_mode)3, 0> const&)' (C:/Apps/Xilinx/Vitis_HLS/2022.1/common/technology/autopilot\ap_fixed_base.h:449:5)
INFO: [HLS 214-131] Inlining function 'ap_fixed_base<33, 33, true, (ap_q_mode)5, (ap_o_mode)3, 0>::ap_fixed_base(int)' into 'ap_fixed_base<16, 16, true, (ap_q_mode)5, (ap_o_mode)3, 0>::RType<32, 32, true>::plus ap_fixed_base<16, 16, true, (ap_q_mode)5, (ap_o_mode)3, 0>::operator+<32, 32, true, (ap_q_mode)5, (ap_o_mode)3, 0>(ap_fixed_base<32, 32, true, (ap_q_mode)5, (ap_o_mode)3, 0> const&) const' (C:/Apps/Xilinx/Vitis_HLS/2022.1/common/technology/autopilot\ap_fixed_base.h:1393:325)
INFO: [HLS 214-131] Inlining function 'ap_fixed<33, 33, (ap_q_mode)5, (ap_o_mode)3, 0>::ap_fixed<33, 33, true, (ap_q_mode)5, (ap_o_mode)3, 0>(ap_fixed_base<33, 33, true, (ap_q_mode)5, (ap_o_mode)3, 0> const&)' into 'ap_fixed_base<16, 16, true, (ap_q_mode)5, (ap_o_mode)3, 0>::RType<32, 32, true>::plus ap_fixed_base<16, 16, true, (ap_q_mode)5, (ap_o_mode)3, 0>::operator+<32, 32, true, (ap_q_mode)5, (ap_o_mode)3, 0>(ap_fixed_base<32, 32, true, (ap_q_mode)5, (ap_o_mode)3, 0> const&) const' (C:/Apps/Xilinx/Vitis_HLS/2022.1/common/technology/autopilot\ap_fixed_base.h:1393:385)
INFO: [HLS 214-131] Inlining function 'ap_fixed_base<33, 33, true, (ap_q_mode)5, (ap_o_mode)3, 0>::ap_fixed_base<32, 32, true, (ap_q_mode)5, (ap_o_mode)3, 0>(ap_fixed_base<32, 32, true, (ap_q_mode)5, (ap_o_mode)3, 0> const&)' into 'ap_fixed_base<16, 16, true, (ap_q_mode)5, (ap_o_mode)3, 0>::RType<32, 32, true>::plus ap_fixed_base<16, 16, true, (ap_q_mode)5, (ap_o_mode)3, 0>::operator+<32, 32, true, (ap_q_mode)5, (ap_o_mode)3, 0>(ap_fixed_base<32, 32, true, (ap_q_mode)5, (ap_o_mode)3, 0> const&) const' (C:/Apps/Xilinx/Vitis_HLS/2022.1/common/technology/autopilot\ap_fixed_base.h:1393:345)
INFO: [HLS 214-131] Inlining function 'ap_fixed_base<33, 33, true, (ap_q_mode)5, (ap_o_mode)3, 0>::ap_fixed_base<16, 16, true, (ap_q_mode)5, (ap_o_mode)3, 0>(ap_fixed_base<16, 16, true, (ap_q_mode)5, (ap_o_mode)3, 0> const&)' into 'ap_fixed_base<16, 16, true, (ap_q_mode)5, (ap_o_mode)3, 0>::RType<32, 32, true>::plus ap_fixed_base<16, 16, true, (ap_q_mode)5, (ap_o_mode)3, 0>::operator+<32, 32, true, (ap_q_mode)5, (ap_o_mode)3, 0>(ap_fixed_base<32, 32, true, (ap_q_mode)5, (ap_o_mode)3, 0> const&) const' (C:/Apps/Xilinx/Vitis_HLS/2022.1/common/technology/autopilot\ap_fixed_base.h:1393:333)
INFO: [HLS 214-131] Inlining function 'ap_fixed_base<33, 33, true, (ap_q_mode)5, (ap_o_mode)3, 0>::operator!() const' into 'ap_fixed_base<16, 16, true, (ap_q_mode)5, (ap_o_mode)3, 0>& ap_fixed_base<16, 16, true, (ap_q_mode)5, (ap_o_mode)3, 0>::operator=<33, 33, true, (ap_q_mode)5, (ap_o_mode)3, 0>(ap_fixed_base<33, 33, true, (ap_q_mode)5, (ap_o_mode)3, 0> const&)' (C:/Apps/Xilinx/Vitis_HLS/2022.1/common/technology/autopilot\ap_fixed_base.h:854:9)
INFO: [HLS 214-131] Inlining function 'ap_fixed_base<16, 16, true, (ap_q_mode)5, (ap_o_mode)3, 0>::RType<32, 32, true>::plus ap_fixed_base<16, 16, true, (ap_q_mode)5, (ap_o_mode)3, 0>::operator+<32, 32, true, (ap_q_mode)5, (ap_o_mode)3, 0>(ap_fixed_base<32, 32, true, (ap_q_mode)5, (ap_o_mode)3, 0> const&) const' into 'ap_fixed_base<16, 16, true, (ap_q_mode)5, (ap_o_mode)3, 0>& ap_fixed_base<16, 16, true, (ap_q_mode)5, (ap_o_mode)3, 0>::operator+=<32, 32, true, (ap_q_mode)5, (ap_o_mode)3, 0>(ap_fixed_base<32, 32, true, (ap_q_mode)5, (ap_o_mode)3, 0> const&)' (C:/Apps/Xilinx/Vitis_HLS/2022.1/common/technology/autopilot\ap_fixed_base.h:1413:248)
INFO: [HLS 214-131] Inlining function 'ap_fixed_base<16, 16, true, (ap_q_mode)5, (ap_o_mode)3, 0>& ap_fixed_base<16, 16, true, (ap_q_mode)5, (ap_o_mode)3, 0>::operator=<33, 33, true, (ap_q_mode)5, (ap_o_mode)3, 0>(ap_fixed_base<33, 33, true, (ap_q_mode)5, (ap_o_mode)3, 0> const&)' into 'ap_fixed_base<16, 16, true, (ap_q_mode)5, (ap_o_mode)3, 0>& ap_fixed_base<16, 16, true, (ap_q_mode)5, (ap_o_mode)3, 0>::operator+=<32, 32, true, (ap_q_mode)5, (ap_o_mode)3, 0>(ap_fixed_base<32, 32, true, (ap_q_mode)5, (ap_o_mode)3, 0> const&)' (C:/Apps/Xilinx/Vitis_HLS/2022.1/common/technology/autopilot\ap_fixed_base.h:1413:246)
INFO: [HLS 214-131] Inlining function 'ap_fixed<16, 16, (ap_q_mode)5, (ap_o_mode)3, 0>::ap_fixed(int)' into 'inner_product(ap_fixed<16, 16, (ap_q_mode)5, (ap_o_mode)3, 0>*, ap_fixed<16, 16, (ap_q_mode)5, (ap_o_mode)3, 0>*, ap_fixed<16, 16, (ap_q_mode)5, (ap_o_mode)3, 0>&)' (inner_product.cpp:8:8)
INFO: [HLS 214-131] Inlining function 'ap_fixed_base<16, 16, true, (ap_q_mode)5, (ap_o_mode)3, 0>& ap_fixed_base<16, 16, true, (ap_q_mode)5, (ap_o_mode)3, 0>::operator+=<32, 32, true, (ap_q_mode)5, (ap_o_mode)3, 0>(ap_fixed_base<32, 32, true, (ap_q_mode)5, (ap_o_mode)3, 0> const&)' into 'inner_product(ap_fixed<16, 16, (ap_q_mode)5, (ap_o_mode)3, 0>*, ap_fixed<16, 16, (ap_q_mode)5, (ap_o_mode)3, 0>*, ap_fixed<16, 16, (ap_q_mode)5, (ap_o_mode)3, 0>&)' (inner_product.cpp:12:7)
INFO: [HLS 214-131] Inlining function 'ap_fixed_base<16, 16, true, (ap_q_mode)5, (ap_o_mode)3, 0>::RType<16, 16, true>::mult ap_fixed_base<16, 16, true, (ap_q_mode)5, (ap_o_mode)3, 0>::operator*<16, 16, true, (ap_q_mode)5, (ap_o_mode)3, 0>(ap_fixed_base<16, 16, true, (ap_q_mode)5, (ap_o_mode)3, 0> const&) const' into 'inner_product(ap_fixed<16, 16, (ap_q_mode)5, (ap_o_mode)3, 0>*, ap_fixed<16, 16, (ap_q_mode)5, (ap_o_mode)3, 0>*, ap_fixed<16, 16, (ap_q_mode)5, (ap_o_mode)3, 0>&)' (inner_product.cpp:12:15)
INFO: [HLS 214-291] Loop 'inner_product_loop' is marked as complete unroll implied by the pipeline pragma (inner_product.cpp:10:2)
INFO: [HLS 214-186] Unrolling loop 'inner_product_loop' (inner_product.cpp:10:2) in function 'inner_product' completely with a factor of 8 (inner_product.cpp:4:0)
WARNING: [HLS 214-189] Pipeline directive for loop 'inner_product_loop' (inner_product.cpp:10:2) in function 'inner_product' has been removed because the loop is unrolled completely (inner_product.cpp:4:0)
INFO: [HLS 214-248] Applying array_partition to 'a': Block partitioning with factor 4 on dimension 1. (inner_product.cpp:4:0)
INFO: [HLS 214-248] Applying array_partition to 'b': Block partitioning with factor 4 on dimension 1. (inner_product.cpp:4:0)
INFO: [HLS 214-241] Aggregating scalar variable 's' with compact=bit mode in 16-bits (inner_product.cpp:4:0)
INFO: [HLS 214-241] Aggregating bram variable 'b_3' with compact=bit mode in 16-bits (inner_product.cpp:4:0)
INFO: [HLS 214-241] Aggregating bram variable 'b_2' with compact=bit mode in 16-bits (inner_product.cpp:4:0)
INFO: [HLS 214-241] Aggregating bram variable 'b_1' with compact=bit mode in 16-bits (inner_product.cpp:4:0)
INFO: [HLS 214-241] Aggregating bram variable 'b_0' with compact=bit mode in 16-bits (inner_product.cpp:4:0)
INFO: [HLS 214-241] Aggregating bram variable 'a_3' with compact=bit mode in 16-bits (inner_product.cpp:4:0)
INFO: [HLS 214-241] Aggregating bram variable 'a_2' with compact=bit mode in 16-bits (inner_product.cpp:4:0)
INFO: [HLS 214-241] Aggregating bram variable 'a_1' with compact=bit mode in 16-bits (inner_product.cpp:4:0)
INFO: [HLS 214-241] Aggregating bram variable 'a_0' with compact=bit mode in 16-bits (inner_product.cpp:4:0)
INFO: [HLS 200-111] Finished Compiling Optimization and Transform: CPU user time: 0 seconds. CPU system time: 1 seconds. Elapsed time: 9.827 seconds; current allocated memory: 1.214 GB.
INFO: [HLS 200-111] Finished Checking Pragmas: CPU user time: 0 seconds. CPU system time: 0 seconds. Elapsed time: 0.098 seconds; current allocated memory: 1.214 GB.
INFO: [HLS 200-10] Starting code transformations ...
INFO: [HLS 200-111] Finished Standard Transforms: CPU user time: 0 seconds. CPU system time: 0 seconds. Elapsed time: 0.439 seconds; current allocated memory: 1.214 GB.
INFO: [HLS 200-10] Checking synthesizability ...
INFO: [HLS 200-111] Finished Checking Synthesizability: CPU user time: 0 seconds. CPU system time: 0 seconds. Elapsed time: 0.236 seconds; current allocated memory: 1.214 GB.
INFO: [XFORM 203-11] Balancing expressions in function 'inner_product' (inner_product.cpp:3:1)...7 expression(s) balanced.
INFO: [HLS 200-111] Finished Loop, function and other optimizations: CPU user time: 1 seconds. CPU system time: 0 seconds. Elapsed time: 0.414 seconds; current allocated memory: 1.214 GB.
INFO: [HLS 200-111] Finished Architecture Synthesis: CPU user time: 0 seconds. CPU system time: 0 seconds. Elapsed time: 0.174 seconds; current allocated memory: 1.214 GB.
INFO: [HLS 200-10] Starting hardware synthesis ...
INFO: [HLS 200-10] Synthesizing 'inner_product' ...
INFO: [HLS 200-10] ----------------------------------------------------------------
INFO: [HLS 200-42] -- Implementing module 'inner_product' 
INFO: [HLS 200-10] ----------------------------------------------------------------
INFO: [SCHED 204-11] Starting scheduling ...
INFO: [HLS 200-486] Changing DSP latency (root=mul_ln859_6) to 3 in order to utilize available DSP registers.
INFO: [HLS 200-486] Changing DSP latency (root=mul_ln859_4) to 3 in order to utilize available DSP registers.
INFO: [HLS 200-486] Changing DSP latency (root=mul_ln859_2) to 3 in order to utilize available DSP registers.
INFO: [HLS 200-486] Changing DSP latency (root=acc_V) to 3 in order to utilize available DSP registers.
INFO: [HLS 200-486] Changing DSP latency (root=mul_ln859_5) to 3 in order to utilize available DSP registers.
INFO: [HLS 200-486] Changing DSP latency (root=mul_ln859_3) to 3 in order to utilize available DSP registers.
INFO: [HLS 200-486] Changing DSP latency (root=mul_ln859_1) to 3 in order to utilize available DSP registers.
INFO: [HLS 200-486] Changing DSP latency (root=mul_ln859) to 3 in order to utilize available DSP registers.
INFO: [SCHED 204-61] Pipelining function 'inner_product'.
INFO: [HLS 200-1470] Pipelining result : Target II = NA, Final II = 1, Depth = 9, function 'inner_product'
INFO: [SCHED 204-11] Finished scheduling.
INFO: [HLS 200-111] Finished Scheduling: CPU user time: 0 seconds. CPU system time: 0 seconds. Elapsed time: 0.89 seconds; current allocated memory: 1.214 GB.
INFO: [BIND 205-100] Starting micro-architecture generation ...
INFO: [BIND 205-101] Performing variable lifetime analysis.
INFO: [BIND 205-101] Exploring resource sharing.
INFO: [BIND 205-101] Binding ...
INFO: [BIND 205-100] Finished micro-architecture generation.
INFO: [HLS 200-111] Finished Binding: CPU user time: 0 seconds. CPU system time: 0 seconds. Elapsed time: 0.313 seconds; current allocated memory: 1.214 GB.
INFO: [HLS 200-10] ----------------------------------------------------------------
INFO: [HLS 200-10] -- Generating RTL for module 'inner_product' 
INFO: [HLS 200-10] ----------------------------------------------------------------
INFO: [RTGEN 206-500] Setting interface mode on port 'inner_product/a_0' to 'ap_memory'.
INFO: [RTGEN 206-500] Setting interface mode on port 'inner_product/a_1' to 'ap_memory'.
INFO: [RTGEN 206-500] Setting interface mode on port 'inner_product/a_2' to 'ap_memory'.
INFO: [RTGEN 206-500] Setting interface mode on port 'inner_product/a_3' to 'ap_memory'.
INFO: [RTGEN 206-500] Setting interface mode on port 'inner_product/b_0' to 'ap_memory'.
INFO: [RTGEN 206-500] Setting interface mode on port 'inner_product/b_1' to 'ap_memory'.
INFO: [RTGEN 206-500] Setting interface mode on port 'inner_product/b_2' to 'ap_memory'.
INFO: [RTGEN 206-500] Setting interface mode on port 'inner_product/b_3' to 'ap_memory'.
INFO: [RTGEN 206-500] Setting interface mode on port 'inner_product/s' to 'ap_vld'.
INFO: [RTGEN 206-500] Setting interface mode on function 'inner_product' to 'ap_ctrl_hs'.
INFO: [HLS 200-1030] Apply Unified Pipeline Control on module 'inner_product' pipeline 'inner_product' pipeline type 'function pipeline'
INFO: [RTGEN 206-100] Generating core module 'mac_muladd_16s_16s_16ns_16_4_1': 4 instance(s).
INFO: [RTGEN 206-100] Generating core module 'mul_mul_16s_16s_16_4_1': 4 instance(s).
INFO: [RTGEN 206-100] Finished creating RTL model for 'inner_product'.
INFO: [HLS 200-111] Finished Creating RTL model: CPU user time: 0 seconds. CPU system time: 0 seconds. Elapsed time: 0.791 seconds; current allocated memory: 1.214 GB.
INFO: [HLS 200-111] Finished Generating all RTL models: CPU user time: 0 seconds. CPU system time: 1 seconds. Elapsed time: 4.162 seconds; current allocated memory: 1.214 GB.
INFO: [HLS 200-111] Finished Updating report files: CPU user time: 1 seconds. CPU system time: 1 seconds. Elapsed time: 3.825 seconds; current allocated memory: 1.214 GB.
INFO: [VHDL 208-304] Generating VHDL RTL for inner_product.
INFO: [VLOG 209-307] Generating Verilog RTL for inner_product.
INFO: [HLS 200-789] **** Estimated Fmax: 372.02 MHz
INFO: [HLS 200-111] Finished Command csynth_design CPU user time: 3 seconds. CPU system time: 3 seconds. Elapsed time: 30.393 seconds; current allocated memory: 0.000 MB.
INFO: [HLS 200-112] Total CPU user time: 7 seconds. Total CPU system time: 5 seconds. Total elapsed time: 34.467 seconds; peak allocated memory: 1.214 GB.
==============================================================
Vitis HLS - High-Level Synthesis from C, C++ and OpenCL v2022.1 (64-bit)
Tool Version Limit: 2022.04
Copyright 1986-2022 Xilinx, Inc. All Rights Reserved.
==============================================================
INFO: [SYN 201-201] Setting up clock 'default' with a period of 4ns.
INFO: [HLS 200-1611] Setting target device to 'xc7k160t-fbg676-2'
INFO: [HLS 200-1505] Using flow_target 'vivado'
INFO: [HLS 200-1464] Running solution command: config_compile -complex-mul-dsp=0
INFO: [HLS 200-1464] Running solution command: config_compile -pipeline_loops=0
INFO: [HLS 200-1464] Running solution command: config_export -format=ip_catalog
INFO: [HLS 200-1464] Running solution command: config_export -rtl=verilog
INFO: [HLS 200-1464] Running solution command: config_export -vivado_clock=4
INFO: [HLS 200-1510] Running: set_part xc7k160t-fbg676-2 
INFO: [HLS 200-1510] Running: create_clock -period 4 -name default 
INFO: [HLS 200-1510] Running: config_compile -pipeline_loops 0 
INFO: [HLS 200-1510] Running: config_export -format ip_catalog -rtl verilog -vivado_clock 4 
INFO: [HLS 200-1510] Running: source ./InnerProduct/solution5/directives.tcl
INFO: [HLS 200-1510] Running: set_directive_top -name inner_product inner_product 
INFO: [HLS 200-1510] Running: set_directive_pipeline -II 1 -rewind inner_product/inner_product_loop 
INFO: [HLS 200-1510] Running: set_directive_array_partition -type block -factor 4 -dim 1 inner_product a 
INFO: [HLS 200-1510] Running: set_directive_array_partition -type block -factor 4 -dim 1 inner_product b 
INFO: [HLS 200-1510] Running: set_directive_unroll -factor 4 inner_product/inner_product_loop 
INFO: [HLS 200-1510] Running: csynth_design 
INFO: [HLS 200-111] Finished File checks and directory preparation: CPU user time: 1 seconds. CPU system time: 0 seconds. Elapsed time: 0.377 seconds; current allocated memory: 1.213 GB.
INFO: [HLS 200-10] Analyzing design file 'inner_product.cpp' ... 
INFO: [HLS 200-111] Finished Source Code Analysis and Preprocessing: CPU user time: 0 seconds. CPU system time: 0 seconds. Elapsed time: 7.393 seconds; current allocated memory: 1.213 GB.
INFO: [HLS 200-777] Using interface defaults for 'Vivado' flow target.
INFO: [HLS 214-131] Inlining function 'ap_fixed_base<32, 32, true, (ap_q_mode)5, (ap_o_mode)3, 0>::operator!() const' into 'ap_fixed_base<16, 16, true, (ap_q_mode)5, (ap_o_mode)3, 0>& ap_fixed_base<16, 16, true, (ap_q_mode)5, (ap_o_mode)3, 0>::operator=<32, 32, true, (ap_q_mode)5, (ap_o_mode)3, 0>(ap_fixed_base<32, 32, true, (ap_q_mode)5, (ap_o_mode)3, 0> const&)' (C:/Apps/Xilinx/Vitis_HLS/2022.1/common/technology/autopilot\ap_fixed_base.h:854:9)
INFO: [HLS 214-131] Inlining function 'ap_fixed_base<16, 16, true, (ap_q_mode)5, (ap_o_mode)3, 0>& ap_fixed_base<16, 16, true, (ap_q_mode)5, (ap_o_mode)3, 0>::operator=<32, 32, true, (ap_q_mode)5, (ap_o_mode)3, 0>(ap_fixed_base<32, 32, true, (ap_q_mode)5, (ap_o_mode)3, 0> const&)' into 'ap_fixed_base<16, 16, true, (ap_q_mode)5, (ap_o_mode)3, 0>::ap_fixed_base(int)' (C:/Apps/Xilinx/Vitis_HLS/2022.1/common/technology/autopilot\ap_fixed_base.h:576:146)
INFO: [HLS 214-131] Inlining function 'ap_fixed_base<16, 16, true, (ap_q_mode)5, (ap_o_mode)3, 0>::ap_fixed_base(int)' into 'ap_fixed<16, 16, (ap_q_mode)5, (ap_o_mode)3, 0>::ap_fixed(int)' (C:/Apps/Xilinx/Vitis_HLS/2022.1/common/technology/autopilot\ap_fixed.h:183:79)
INFO: [HLS 214-131] Inlining function 'ap_fixed_base<32, 32, true, (ap_q_mode)5, (ap_o_mode)3, 0>::ap_fixed_base(int)' into 'ap_fixed_base<16, 16, true, (ap_q_mode)5, (ap_o_mode)3, 0>::RType<16, 16, true>::mult ap_fixed_base<16, 16, true, (ap_q_mode)5, (ap_o_mode)3, 0>::operator*<16, 16, true, (ap_q_mode)5, (ap_o_mode)3, 0>(ap_fixed_base<16, 16, true, (ap_q_mode)5, (ap_o_mode)3, 0> const&) const' (C:/Apps/Xilinx/Vitis_HLS/2022.1/common/technology/autopilot\ap_fixed_base.h:1316:55)
INFO: [HLS 214-131] Inlining function 'ap_fixed<32, 32, (ap_q_mode)5, (ap_o_mode)3, 0>::ap_fixed<32, 32, true, (ap_q_mode)5, (ap_o_mode)3, 0>(ap_fixed_base<32, 32, true, (ap_q_mode)5, (ap_o_mode)3, 0> const&)' into 'ap_fixed_base<16, 16, true, (ap_q_mode)5, (ap_o_mode)3, 0>::RType<16, 16, true>::mult ap_fixed_base<16, 16, true, (ap_q_mode)5, (ap_o_mode)3, 0>::operator*<16, 16, true, (ap_q_mode)5, (ap_o_mode)3, 0>(ap_fixed_base<16, 16, true, (ap_q_mode)5, (ap_o_mode)3, 0> const&) const' (C:/Apps/Xilinx/Vitis_HLS/2022.1/common/technology/autopilot\ap_fixed_base.h:1320:12)
INFO: [HLS 214-131] Inlining function 'ap_fixed_base<32, 32, true, (ap_q_mode)5, (ap_o_mode)3, 0>::ap_fixed_base(int)' into 'ap_fixed_base<16, 16, true, (ap_q_mode)5, (ap_o_mode)3, 0>::RType<16, 16, true>::mult ap_fixed_base<16, 16, true, (ap_q_mode)5, (ap_o_mode)3, 0>::operator*<16, 16, true, (ap_q_mode)5, (ap_o_mode)3, 0>(ap_fixed_base<16, 16, true, (ap_q_mode)5, (ap_o_mode)3, 0> const&) const' (C:/Apps/Xilinx/Vitis_HLS/2022.1/common/technology/autopilot\ap_fixed_base.h:1316:61)
INFO: [HLS 214-131] Inlining function 'ap_fixed_base<32, 32, true, (ap_q_mode)5, (ap_o_mode)3, 0>::operator!() const' into 'ap_fixed_base<33, 33, true, (ap_q_mode)5, (ap_o_mode)3, 0>& ap_fixed_base<33, 33, true, (ap_q_mode)5, (ap_o_mode)3, 0>::operator=<32, 32, true, (ap_q_mode)5, (ap_o_mode)3, 0>(ap_fixed_base<32, 32, true, (ap_q_mode)5, (ap_o_mode)3, 0> const&)' (C:/Apps/Xilinx/Vitis_HLS/2022.1/common/technology/autopilot\ap_fixed_base.h:854:9)
INFO: [HLS 214-131] Inlining function 'ap_fixed_base<33, 33, true, (ap_q_mode)5, (ap_o_mode)3, 0>& ap_fixed_base<33, 33, true, (ap_q_mode)5, (ap_o_mode)3, 0>::operator=<32, 32, true, (ap_q_mode)5, (ap_o_mode)3, 0>(ap_fixed_base<32, 32, true, (ap_q_mode)5, (ap_o_mode)3, 0> const&)' into 'ap_fixed_base<33, 33, true, (ap_q_mode)5, (ap_o_mode)3, 0>::ap_fixed_base(int)' (C:/Apps/Xilinx/Vitis_HLS/2022.1/common/technology/autopilot\ap_fixed_base.h:576:146)
INFO: [HLS 214-131] Inlining function 'ap_fixed_base<16, 16, true, (ap_q_mode)5, (ap_o_mode)3, 0>::operator!() const' into 'ap_fixed_base<33, 33, true, (ap_q_mode)5, (ap_o_mode)3, 0>& ap_fixed_base<33, 33, true, (ap_q_mode)5, (ap_o_mode)3, 0>::operator=<16, 16, true, (ap_q_mode)5, (ap_o_mode)3, 0>(ap_fixed_base<16, 16, true, (ap_q_mode)5, (ap_o_mode)3, 0> const&)' (C:/Apps/Xilinx/Vitis_HLS/2022.1/common/technology/autopilot\ap_fixed_base.h:854:9)
INFO: [HLS 214-131] Inlining function '_ZN8ssdm_intILi33ELb1EEC2EDq33_i' into 'ap_fixed_base<33, 33, true, (ap_q_mode)5, (ap_o_mode)3, 0>::ap_fixed_base<16, 16, true, (ap_q_mode)5, (ap_o_mode)3, 0>(ap_fixed_base<16, 16, true, (ap_q_mode)5, (ap_o_mode)3, 0> const&)' (C:/Apps/Xilinx/Vitis_HLS/2022.1/common/technology/autopilot\ap_fixed_base.h:447:80)
INFO: [HLS 214-131] Inlining function 'ap_fixed_base<33, 33, true, (ap_q_mode)5, (ap_o_mode)3, 0>& ap_fixed_base<33, 33, true, (ap_q_mode)5, (ap_o_mode)3, 0>::operator=<16, 16, true, (ap_q_mode)5, (ap_o_mode)3, 0>(ap_fixed_base<16, 16, true, (ap_q_mode)5, (ap_o_mode)3, 0> const&)' into 'ap_fixed_base<33, 33, true, (ap_q_mode)5, (ap_o_mode)3, 0>::ap_fixed_base<16, 16, true, (ap_q_mode)5, (ap_o_mode)3, 0>(ap_fixed_base<16, 16, true, (ap_q_mode)5, (ap_o_mode)3, 0> const&)' (C:/Apps/Xilinx/Vitis_HLS/2022.1/common/technology/autopilot\ap_fixed_base.h:449:5)
INFO: [HLS 214-131] Inlining function '_ZN8ssdm_intILi33ELb1EEC2EDq33_i' into 'ap_fixed_base<33, 33, true, (ap_q_mode)5, (ap_o_mode)3, 0>::ap_fixed_base<32, 32, true, (ap_q_mode)5, (ap_o_mode)3, 0>(ap_fixed_base<32, 32, true, (ap_q_mode)5, (ap_o_mode)3, 0> const&)' (C:/Apps/Xilinx/Vitis_HLS/2022.1/common/technology/autopilot\ap_fixed_base.h:447:80)
INFO: [HLS 214-131] Inlining function 'ap_fixed_base<33, 33, true, (ap_q_mode)5, (ap_o_mode)3, 0>& ap_fixed_base<33, 33, true, (ap_q_mode)5, (ap_o_mode)3, 0>::operator=<32, 32, true, (ap_q_mode)5, (ap_o_mode)3, 0>(ap_fixed_base<32, 32, true, (ap_q_mode)5, (ap_o_mode)3, 0> const&)' into 'ap_fixed_base<33, 33, true, (ap_q_mode)5, (ap_o_mode)3, 0>::ap_fixed_base<32, 32, true, (ap_q_mode)5, (ap_o_mode)3, 0>(ap_fixed_base<32, 32, true, (ap_q_mode)5, (ap_o_mode)3, 0> const&)' (C:/Apps/Xilinx/Vitis_HLS/2022.1/common/technology/autopilot\ap_fixed_base.h:449:5)
INFO: [HLS 214-131] Inlining function 'ap_fixed_base<33, 33, true, (ap_q_mode)5, (ap_o_mode)3, 0>::ap_fixed_base(int)' into 'ap_fixed_base<16, 16, true, (ap_q_mode)5, (ap_o_mode)3, 0>::RType<32, 32, true>::plus ap_fixed_base<16, 16, true, (ap_q_mode)5, (ap_o_mode)3, 0>::operator+<32, 32, true, (ap_q_mode)5, (ap_o_mode)3, 0>(ap_fixed_base<32, 32, true, (ap_q_mode)5, (ap_o_mode)3, 0> const&) const' (C:/Apps/Xilinx/Vitis_HLS/2022.1/common/technology/autopilot\ap_fixed_base.h:1393:325)
INFO: [HLS 214-131] Inlining function 'ap_fixed<33, 33, (ap_q_mode)5, (ap_o_mode)3, 0>::ap_fixed<33, 33, true, (ap_q_mode)5, (ap_o_mode)3, 0>(ap_fixed_base<33, 33, true, (ap_q_mode)5, (ap_o_mode)3, 0> const&)' into 'ap_fixed_base<16, 16, true, (ap_q_mode)5, (ap_o_mode)3, 0>::RType<32, 32, true>::plus ap_fixed_base<16, 16, true, (ap_q_mode)5, (ap_o_mode)3, 0>::operator+<32, 32, true, (ap_q_mode)5, (ap_o_mode)3, 0>(ap_fixed_base<32, 32, true, (ap_q_mode)5, (ap_o_mode)3, 0> const&) const' (C:/Apps/Xilinx/Vitis_HLS/2022.1/common/technology/autopilot\ap_fixed_base.h:1393:385)
INFO: [HLS 214-131] Inlining function 'ap_fixed_base<33, 33, true, (ap_q_mode)5, (ap_o_mode)3, 0>::ap_fixed_base<32, 32, true, (ap_q_mode)5, (ap_o_mode)3, 0>(ap_fixed_base<32, 32, true, (ap_q_mode)5, (ap_o_mode)3, 0> const&)' into 'ap_fixed_base<16, 16, true, (ap_q_mode)5, (ap_o_mode)3, 0>::RType<32, 32, true>::plus ap_fixed_base<16, 16, true, (ap_q_mode)5, (ap_o_mode)3, 0>::operator+<32, 32, true, (ap_q_mode)5, (ap_o_mode)3, 0>(ap_fixed_base<32, 32, true, (ap_q_mode)5, (ap_o_mode)3, 0> const&) const' (C:/Apps/Xilinx/Vitis_HLS/2022.1/common/technology/autopilot\ap_fixed_base.h:1393:345)
INFO: [HLS 214-131] Inlining function 'ap_fixed_base<33, 33, true, (ap_q_mode)5, (ap_o_mode)3, 0>::ap_fixed_base<16, 16, true, (ap_q_mode)5, (ap_o_mode)3, 0>(ap_fixed_base<16, 16, true, (ap_q_mode)5, (ap_o_mode)3, 0> const&)' into 'ap_fixed_base<16, 16, true, (ap_q_mode)5, (ap_o_mode)3, 0>::RType<32, 32, true>::plus ap_fixed_base<16, 16, true, (ap_q_mode)5, (ap_o_mode)3, 0>::operator+<32, 32, true, (ap_q_mode)5, (ap_o_mode)3, 0>(ap_fixed_base<32, 32, true, (ap_q_mode)5, (ap_o_mode)3, 0> const&) const' (C:/Apps/Xilinx/Vitis_HLS/2022.1/common/technology/autopilot\ap_fixed_base.h:1393:333)
INFO: [HLS 214-131] Inlining function 'ap_fixed_base<33, 33, true, (ap_q_mode)5, (ap_o_mode)3, 0>::operator!() const' into 'ap_fixed_base<16, 16, true, (ap_q_mode)5, (ap_o_mode)3, 0>& ap_fixed_base<16, 16, true, (ap_q_mode)5, (ap_o_mode)3, 0>::operator=<33, 33, true, (ap_q_mode)5, (ap_o_mode)3, 0>(ap_fixed_base<33, 33, true, (ap_q_mode)5, (ap_o_mode)3, 0> const&)' (C:/Apps/Xilinx/Vitis_HLS/2022.1/common/technology/autopilot\ap_fixed_base.h:854:9)
INFO: [HLS 214-131] Inlining function 'ap_fixed_base<16, 16, true, (ap_q_mode)5, (ap_o_mode)3, 0>::RType<32, 32, true>::plus ap_fixed_base<16, 16, true, (ap_q_mode)5, (ap_o_mode)3, 0>::operator+<32, 32, true, (ap_q_mode)5, (ap_o_mode)3, 0>(ap_fixed_base<32, 32, true, (ap_q_mode)5, (ap_o_mode)3, 0> const&) const' into 'ap_fixed_base<16, 16, true, (ap_q_mode)5, (ap_o_mode)3, 0>& ap_fixed_base<16, 16, true, (ap_q_mode)5, (ap_o_mode)3, 0>::operator+=<32, 32, true, (ap_q_mode)5, (ap_o_mode)3, 0>(ap_fixed_base<32, 32, true, (ap_q_mode)5, (ap_o_mode)3, 0> const&)' (C:/Apps/Xilinx/Vitis_HLS/2022.1/common/technology/autopilot\ap_fixed_base.h:1413:248)
INFO: [HLS 214-131] Inlining function 'ap_fixed_base<16, 16, true, (ap_q_mode)5, (ap_o_mode)3, 0>& ap_fixed_base<16, 16, true, (ap_q_mode)5, (ap_o_mode)3, 0>::operator=<33, 33, true, (ap_q_mode)5, (ap_o_mode)3, 0>(ap_fixed_base<33, 33, true, (ap_q_mode)5, (ap_o_mode)3, 0> const&)' into 'ap_fixed_base<16, 16, true, (ap_q_mode)5, (ap_o_mode)3, 0>& ap_fixed_base<16, 16, true, (ap_q_mode)5, (ap_o_mode)3, 0>::operator+=<32, 32, true, (ap_q_mode)5, (ap_o_mode)3, 0>(ap_fixed_base<32, 32, true, (ap_q_mode)5, (ap_o_mode)3, 0> const&)' (C:/Apps/Xilinx/Vitis_HLS/2022.1/common/technology/autopilot\ap_fixed_base.h:1413:246)
INFO: [HLS 214-131] Inlining function 'ap_fixed<16, 16, (ap_q_mode)5, (ap_o_mode)3, 0>::ap_fixed(int)' into 'inner_product(ap_fixed<16, 16, (ap_q_mode)5, (ap_o_mode)3, 0>*, ap_fixed<16, 16, (ap_q_mode)5, (ap_o_mode)3, 0>*, ap_fixed<16, 16, (ap_q_mode)5, (ap_o_mode)3, 0>&)' (inner_product.cpp:8:8)
INFO: [HLS 214-131] Inlining function 'ap_fixed_base<16, 16, true, (ap_q_mode)5, (ap_o_mode)3, 0>& ap_fixed_base<16, 16, true, (ap_q_mode)5, (ap_o_mode)3, 0>::operator+=<32, 32, true, (ap_q_mode)5, (ap_o_mode)3, 0>(ap_fixed_base<32, 32, true, (ap_q_mode)5, (ap_o_mode)3, 0> const&)' into 'inner_product(ap_fixed<16, 16, (ap_q_mode)5, (ap_o_mode)3, 0>*, ap_fixed<16, 16, (ap_q_mode)5, (ap_o_mode)3, 0>*, ap_fixed<16, 16, (ap_q_mode)5, (ap_o_mode)3, 0>&)' (inner_product.cpp:12:7)
INFO: [HLS 214-131] Inlining function 'ap_fixed_base<16, 16, true, (ap_q_mode)5, (ap_o_mode)3, 0>::RType<16, 16, true>::mult ap_fixed_base<16, 16, true, (ap_q_mode)5, (ap_o_mode)3, 0>::operator*<16, 16, true, (ap_q_mode)5, (ap_o_mode)3, 0>(ap_fixed_base<16, 16, true, (ap_q_mode)5, (ap_o_mode)3, 0> const&) const' into 'inner_product(ap_fixed<16, 16, (ap_q_mode)5, (ap_o_mode)3, 0>*, ap_fixed<16, 16, (ap_q_mode)5, (ap_o_mode)3, 0>*, ap_fixed<16, 16, (ap_q_mode)5, (ap_o_mode)3, 0>&)' (inner_product.cpp:12:15)
INFO: [HLS 214-188] Unrolling loop 'inner_product_loop' (inner_product.cpp:10:2) in function 'inner_product' partially with a factor of 4 (inner_product.cpp:4:0)
INFO: [HLS 214-248] Applying array_partition to 'a': Block partitioning with factor 4 on dimension 1. (inner_product.cpp:4:0)
INFO: [HLS 214-248] Applying array_partition to 'b': Block partitioning with factor 4 on dimension 1. (inner_product.cpp:4:0)
INFO: [HLS 214-241] Aggregating scalar variable 's' with compact=bit mode in 16-bits (inner_product.cpp:4:0)
INFO: [HLS 214-241] Aggregating bram variable 'b_3' with compact=bit mode in 16-bits (inner_product.cpp:4:0)
INFO: [HLS 214-241] Aggregating bram variable 'b_2' with compact=bit mode in 16-bits (inner_product.cpp:4:0)
INFO: [HLS 214-241] Aggregating bram variable 'b_1' with compact=bit mode in 16-bits (inner_product.cpp:4:0)
INFO: [HLS 214-241] Aggregating bram variable 'b_0' with compact=bit mode in 16-bits (inner_product.cpp:4:0)
INFO: [HLS 214-241] Aggregating bram variable 'a_3' with compact=bit mode in 16-bits (inner_product.cpp:4:0)
INFO: [HLS 214-241] Aggregating bram variable 'a_2' with compact=bit mode in 16-bits (inner_product.cpp:4:0)
INFO: [HLS 214-241] Aggregating bram variable 'a_1' with compact=bit mode in 16-bits (inner_product.cpp:4:0)
INFO: [HLS 214-241] Aggregating bram variable 'a_0' with compact=bit mode in 16-bits (inner_product.cpp:4:0)
INFO: [HLS 200-111] Finished Compiling Optimization and Transform: CPU user time: 0 seconds. CPU system time: 0 seconds. Elapsed time: 9.644 seconds; current allocated memory: 1.213 GB.
INFO: [HLS 200-111] Finished Checking Pragmas: CPU user time: 0 seconds. CPU system time: 1 seconds. Elapsed time: 0.05 seconds; current allocated memory: 1.213 GB.
INFO: [HLS 200-10] Starting code transformations ...
INFO: [HLS 200-111] Finished Standard Transforms: CPU user time: 0 seconds. CPU system time: 0 seconds. Elapsed time: 0.185 seconds; current allocated memory: 1.213 GB.
INFO: [HLS 200-10] Checking synthesizability ...
INFO: [HLS 200-111] Finished Checking Synthesizability: CPU user time: 0 seconds. CPU system time: 0 seconds. Elapsed time: 0.229 seconds; current allocated memory: 1.213 GB.
INFO: [XFORM 203-11] Balancing expressions in function 'inner_product' (inner_product.cpp:3:1)...4 expression(s) balanced.
INFO: [HLS 200-111] Finished Loop, function and other optimizations: CPU user time: 1 seconds. CPU system time: 0 seconds. Elapsed time: 0.383 seconds; current allocated memory: 1.213 GB.
INFO: [XFORM 203-531] Rewinding loop 'inner_product_loop' (inner_product.cpp:6) in function 'inner_product'.
INFO: [HLS 200-111] Finished Architecture Synthesis: CPU user time: 0 seconds. CPU system time: 0 seconds. Elapsed time: 0.216 seconds; current allocated memory: 1.213 GB.
INFO: [HLS 200-10] Starting hardware synthesis ...
INFO: [HLS 200-10] Synthesizing 'inner_product' ...
INFO: [HLS 200-10] ----------------------------------------------------------------
INFO: [HLS 200-42] -- Implementing module 'inner_product' 
INFO: [HLS 200-10] ----------------------------------------------------------------
INFO: [SCHED 204-11] Starting scheduling ...
INFO: [HLS 200-486] Changing DSP latency (root=mul_ln859_3) to 3 in order to utilize available DSP registers.
INFO: [HLS 200-486] Changing DSP latency (root=mul_ln859_1) to 3 in order to utilize available DSP registers.
INFO: [HLS 200-486] Changing DSP latency (root=mul_ln859_2) to 3 in order to utilize available DSP registers.
INFO: [HLS 200-486] Changing DSP latency (root=mul_ln859) to 3 in order to utilize available DSP registers.
INFO: [SCHED 204-61] Pipelining loop 'inner_product_loop'.
INFO: [HLS 200-1470] Pipelining result : Target II = 1, Final II = 1, Depth = 9, loop 'inner_product_loop'
INFO: [SCHED 204-11] Finished scheduling.
INFO: [HLS 200-111] Finished Scheduling: CPU user time: 0 seconds. CPU system time: 0 seconds. Elapsed time: 0.708 seconds; current allocated memory: 1.213 GB.
INFO: [BIND 205-100] Starting micro-architecture generation ...
INFO: [BIND 205-101] Performing variable lifetime analysis.
INFO: [BIND 205-101] Exploring resource sharing.
INFO: [BIND 205-101] Binding ...
INFO: [BIND 205-100] Finished micro-architecture generation.
INFO: [HLS 200-111] Finished Binding: CPU user time: 0 seconds. CPU system time: 0 seconds. Elapsed time: 0.349 seconds; current allocated memory: 1.213 GB.
INFO: [HLS 200-10] ----------------------------------------------------------------
INFO: [HLS 200-10] -- Generating RTL for module 'inner_product' 
INFO: [HLS 200-10] ----------------------------------------------------------------
INFO: [RTGEN 206-500] Setting interface mode on port 'inner_product/a_0' to 'ap_memory'.
INFO: [RTGEN 206-500] Setting interface mode on port 'inner_product/a_1' to 'ap_memory'.
INFO: [RTGEN 206-500] Setting interface mode on port 'inner_product/a_2' to 'ap_memory'.
INFO: [RTGEN 206-500] Setting interface mode on port 'inner_product/a_3' to 'ap_memory'.
INFO: [RTGEN 206-500] Setting interface mode on port 'inner_product/b_0' to 'ap_memory'.
INFO: [RTGEN 206-500] Setting interface mode on port 'inner_product/b_1' to 'ap_memory'.
INFO: [RTGEN 206-500] Setting interface mode on port 'inner_product/b_2' to 'ap_memory'.
INFO: [RTGEN 206-500] Setting interface mode on port 'inner_product/b_3' to 'ap_memory'.
INFO: [RTGEN 206-500] Setting interface mode on port 'inner_product/s' to 'ap_vld'.
INFO: [RTGEN 206-500] Setting interface mode on function 'inner_product' to 'ap_ctrl_hs'.
INFO: [HLS 200-1030] Apply Unified Pipeline Control on module 'inner_product' pipeline 'inner_product_loop' pipeline type 'rewind pipeline'
INFO: [RTGEN 206-100] Generating core module 'mac_muladd_16s_16s_16ns_16_4_1': 2 instance(s).
INFO: [RTGEN 206-100] Generating core module 'mul_mul_16s_16s_16_4_1': 2 instance(s).
INFO: [RTGEN 206-100] Generating core module 'mux_32_16_1_1': 4 instance(s).
INFO: [RTGEN 206-100] Generating core module 'mux_42_16_1_1': 4 instance(s).
INFO: [RTGEN 206-100] Finished creating RTL model for 'inner_product'.
INFO: [HLS 200-111] Finished Creating RTL model: CPU user time: 0 seconds. CPU system time: 0 seconds. Elapsed time: 0.968 seconds; current allocated memory: 1.213 GB.
INFO: [HLS 200-111] Finished Generating all RTL models: CPU user time: 1 seconds. CPU system time: 1 seconds. Elapsed time: 4.811 seconds; current allocated memory: 1.213 GB.
INFO: [HLS 200-111] Finished Updating report files: CPU user time: 1 seconds. CPU system time: 0 seconds. Elapsed time: 3.61 seconds; current allocated memory: 1.213 GB.
INFO: [VHDL 208-304] Generating VHDL RTL for inner_product.
INFO: [VLOG 209-307] Generating Verilog RTL for inner_product.
INFO: [HLS 200-790] **** Loop Constraint Status: All loop constraints were satisfied.
INFO: [HLS 200-789] **** Estimated Fmax: 351.64 MHz
INFO: [HLS 200-111] Finished Command csynth_design CPU user time: 4 seconds. CPU system time: 2 seconds. Elapsed time: 29.261 seconds; current allocated memory: 0.000 MB.
INFO: [HLS 200-112] Total CPU user time: 8 seconds. Total CPU system time: 4 seconds. Total elapsed time: 33.165 seconds; peak allocated memory: 1.213 GB.
==============================================================
Vitis HLS - High-Level Synthesis from C, C++ and OpenCL v2022.1 (64-bit)
Tool Version Limit: 2022.04
Copyright 1986-2022 Xilinx, Inc. All Rights Reserved.
==============================================================
INFO: [SYN 201-201] Setting up clock 'default' with a period of 4ns.
INFO: [HLS 200-1611] Setting target device to 'xc7k160t-fbg676-2'
INFO: [HLS 200-1505] Using flow_target 'vivado'
INFO: [HLS 200-1464] Running solution command: config_compile -complex-mul-dsp=0
INFO: [HLS 200-1464] Running solution command: config_compile -pipeline_loops=0
INFO: [HLS 200-1464] Running solution command: config_export -format=ip_catalog
INFO: [HLS 200-1464] Running solution command: config_export -rtl=verilog
INFO: [HLS 200-1464] Running solution command: config_export -vivado_clock=4
INFO: [HLS 200-1510] Running: set_part xc7k160t-fbg676-2 
INFO: [HLS 200-1510] Running: create_clock -period 4 -name default 
INFO: [HLS 200-1510] Running: config_compile -pipeline_loops 0 
INFO: [HLS 200-1510] Running: config_export -format ip_catalog -rtl verilog -vivado_clock 4 
INFO: [HLS 200-1510] Running: source ./InnerProduct/solution5/directives.tcl
INFO: [HLS 200-1510] Running: set_directive_top -name inner_product inner_product 
INFO: [HLS 200-1510] Running: set_directive_pipeline -II 1 -rewind inner_product/inner_product_loop 
INFO: [HLS 200-1510] Running: set_directive_array_partition -type block -factor 4 -dim 1 inner_product a 
INFO: [HLS 200-1510] Running: set_directive_array_partition -type block -factor 4 -dim 1 inner_product b 
INFO: [HLS 200-1510] Running: set_directive_unroll -factor 4 inner_product/inner_product_loop 
INFO: [HLS 200-1510] Running: cosim_design -trace_level all 
INFO: [COSIM 212-47] Using XSIM for RTL simulation.
INFO: [COSIM 212-14] Instrumenting C test bench ...
INFO: [COSIM 212-302] Starting C TB testing ... 
INFO: [COSIM 212-333] Generating C post check test bench ...
INFO: [COSIM 212-12] Generating RTL test bench ...
INFO: [COSIM 212-1] *** C/RTL co-simulation file generation completed. ***
INFO: [COSIM 212-323] Starting verilog simulation. 
INFO: [COSIM 212-15] Starting XSIM ...
INFO: [COSIM 212-316] Starting C post checking ...
INFO: [COSIM 212-1000] *** C/RTL co-simulation finished: PASS ***
INFO: [COSIM 212-211] II is measurable only when transaction number is greater than 1 in RTL simulation. Otherwise, they will be marked as all NA. If user wants to calculate them, please make sure there are at least 2 transactions in RTL simulation.
INFO: [HLS 200-111] Finished Command cosim_design CPU user time: 2 seconds. CPU system time: 1 seconds. Elapsed time: 54.591 seconds; current allocated memory: 0.000 MB.
INFO: [HLS 200-112] Total CPU user time: 6 seconds. Total CPU system time: 3 seconds. Total elapsed time: 58.548 seconds; peak allocated memory: 1.214 GB.
