==============================================================
Vitis HLS - High-Level Synthesis from C, C++ and OpenCL v2022.1 (64-bit)
Tool Version Limit: 2022.04
Copyright 1986-2022 Xilinx, Inc. All Rights Reserved.
==============================================================
INFO: [SYN 201-201] Setting up clock 'default' with a period of 4ns.
INFO: [HLS 200-1611] Setting target device to 'xc7k70t-fbg676-2'
INFO: [HLS 200-1505] Using flow_target 'vivado'
INFO: [HLS 200-1510] Running: set_part xc7k70tfbg676-2 
INFO: [HLS 200-1510] Running: create_clock -period 4 -name default 
INFO: [SYN 201-201] Setting up clock 'default' with a period of 4ns.
INFO: [HLS 200-1510] Running: csim_design -setup -quiet 
INFO: [SIM 211-2] *************** CSIM start ***************
INFO: [SIM 211-4] CSIM will launch GCC as the compiler.
INFO: [SIM 211-1] CSim file generation done with 0 errors.
INFO: [SIM 211-3] *************** CSIM finish ***************
INFO: [HLS 200-111] Finished Command csim_design CPU user time: 0 seconds. CPU system time: 0 seconds. Elapsed time: 6.524 seconds; current allocated memory: 0.000 MB.
INFO: [HLS 200-112] Total CPU user time: 3 seconds. Total CPU system time: 2 seconds. Total elapsed time: 11.137 seconds; peak allocated memory: 1.210 GB.
==============================================================
Vitis HLS - High-Level Synthesis from C, C++ and OpenCL v2022.1 (64-bit)
Tool Version Limit: 2022.04
Copyright 1986-2022 Xilinx, Inc. All Rights Reserved.
==============================================================
INFO: [SYN 201-201] Setting up clock 'default' with a period of 4ns.
INFO: [HLS 200-1611] Setting target device to 'xc7k70t-fbg676-2'
INFO: [HLS 200-1505] Using flow_target 'vivado'
INFO: [HLS 200-1510] Running: set_part xc7k70tfbg676-2 
INFO: [HLS 200-1510] Running: create_clock -period 4 -name default 
INFO: [HLS 200-1510] Running: csynth_design 
INFO: [HLS 200-111] Finished File checks and directory preparation: CPU user time: 0 seconds. CPU system time: 0 seconds. Elapsed time: 0.587 seconds; current allocated memory: 1.214 GB.
INFO: [HLS 200-10] Analyzing design file 'loop_imperfect.cpp' ... 
INFO: [HLS 200-111] Finished Source Code Analysis and Preprocessing: CPU user time: 0 seconds. CPU system time: 0 seconds. Elapsed time: 6.459 seconds; current allocated memory: 1.214 GB.
INFO: [HLS 200-777] Using interface defaults for 'Vivado' flow target.
INFO: [HLS 214-131] Inlining function '_ZN8ssdm_intILi12ELb1EEC2EDq12_i' into 'ap_int_base<12, true>::ap_int_base(int)' (C:/Apps/Xilinx/Vitis_HLS/2022.1/common/technology/autopilot\ap_int_base.h:260:67)
INFO: [HLS 214-131] Inlining function 'ap_int_base<12, true>::ap_int_base(int)' into 'ap_int<12>::ap_int(int)' (C:/Apps/Xilinx/Vitis_HLS/2022.1/common/technology/autopilot\ap_int.h:179:57)
INFO: [HLS 214-131] Inlining function 'ssdm_int<32, true>::ssdm_int(int)' into 'ap_int_base<32, true>::ap_int_base(int)' (C:/Apps/Xilinx/Vitis_HLS/2022.1/common/technology/autopilot\ap_int_base.h:260:67)
INFO: [HLS 214-131] Inlining function '_ZN8ssdm_intILi37ELb1EEC2EDq37_i' into 'ap_int_base<37, true>::ap_int_base<5, true>(ap_int_base<5, true> const&)' (C:/Apps/Xilinx/Vitis_HLS/2022.1/common/technology/autopilot\ap_int_base.h:231:106)
INFO: [HLS 214-131] Inlining function '_ZN8ssdm_intILi37ELb1EEC2EDq37_i' into 'ap_int_base<37, true>::ap_int_base<32, true>(ap_int_base<32, true> const&)' (C:/Apps/Xilinx/Vitis_HLS/2022.1/common/technology/autopilot\ap_int_base.h:231:106)
INFO: [HLS 214-131] Inlining function '_ZN8ssdm_intILi37ELb1EEC2EDq37_i' into 'ap_int_base<37, true>::ap_int_base(int)' (C:/Apps/Xilinx/Vitis_HLS/2022.1/common/technology/autopilot\ap_int_base.h:260:67)
INFO: [HLS 214-131] Inlining function 'ap_int_base<37, true>::ap_int_base<5, true>(ap_int_base<5, true> const&)' into 'ap_int_base<5, true>::RType<32, true>::mult operator*<5, true, 32, true>(ap_int_base<5, true> const&, ap_int_base<32, true> const&)' (C:/Apps/Xilinx/Vitis_HLS/2022.1/common/technology/autopilot\ap_int_base.h:1540:339)
INFO: [HLS 214-131] Inlining function 'ap_int<37>::ap_int<37, true>(ap_int_base<37, true> const&)' into 'ap_int_base<5, true>::RType<32, true>::mult operator*<5, true, 32, true>(ap_int_base<5, true> const&, ap_int_base<32, true> const&)' (C:/Apps/Xilinx/Vitis_HLS/2022.1/common/technology/autopilot\ap_int_base.h:1540:554)
INFO: [HLS 214-131] Inlining function 'ap_int_base<37, true>::ap_int_base(int)' into 'ap_int_base<5, true>::RType<32, true>::mult operator*<5, true, 32, true>(ap_int_base<5, true> const&, ap_int_base<32, true> const&)' (C:/Apps/Xilinx/Vitis_HLS/2022.1/common/technology/autopilot\ap_int_base.h:1540:516)
INFO: [HLS 214-131] Inlining function 'ap_int_base<37, true>::ap_int_base<32, true>(ap_int_base<32, true> const&)' into 'ap_int_base<5, true>::RType<32, true>::mult operator*<5, true, 32, true>(ap_int_base<5, true> const&, ap_int_base<32, true> const&)' (C:/Apps/Xilinx/Vitis_HLS/2022.1/common/technology/autopilot\ap_int_base.h:1540:427)
INFO: [HLS 214-131] Inlining function 'ap_int_base<32, true>::ap_int_base(int)' into 'ap_int_base<5, true>::RType<($_0)32, true>::mult operator*<5, true>(ap_int_base<5, true> const&, int)' (C:/Apps/Xilinx/Vitis_HLS/2022.1/common/technology/autopilot\ap_int_base.h:1679:483)
INFO: [HLS 214-131] Inlining function 'ap_int_base<5, true>::RType<32, true>::mult operator*<5, true, 32, true>(ap_int_base<5, true> const&, ap_int_base<32, true> const&)' into 'ap_int_base<5, true>::RType<($_0)32, true>::mult operator*<5, true>(ap_int_base<5, true> const&, int)' (C:/Apps/Xilinx/Vitis_HLS/2022.1/common/technology/autopilot\ap_int_base.h:1679:481)
INFO: [HLS 214-131] Inlining function '_ZN8ssdm_intILi13ELb1EEC2EDq13_i' into 'ap_int_base<13, true>::ap_int_base(int)' (C:/Apps/Xilinx/Vitis_HLS/2022.1/common/technology/autopilot\ap_int_base.h:260:67)
INFO: [HLS 214-131] Inlining function 'ap_int_base<13, true>::ap_int_base(int)' into 'ap_int_base<12, true>::RType<32, true>::div operator/<12, true, 32, true>(ap_int_base<12, true> const&, ap_int_base<32, true> const&)' (C:/Apps/Xilinx/Vitis_HLS/2022.1/common/technology/autopilot\ap_int_base.h:1559:337)
INFO: [HLS 214-131] Inlining function 'ap_int<13>::ap_int<13, true>(ap_int_base<13, true> const&)' into 'ap_int_base<12, true>::RType<32, true>::div operator/<12, true, 32, true>(ap_int_base<12, true> const&, ap_int_base<32, true> const&)' (C:/Apps/Xilinx/Vitis_HLS/2022.1/common/technology/autopilot\ap_int_base.h:1559:374)
INFO: [HLS 214-131] Inlining function 'ap_int_base<32, true>::ap_int_base(int)' into 'ap_int_base<12, true>::RType<($_0)32, true>::div operator/<12, true>(ap_int_base<12, true> const&, int)' (C:/Apps/Xilinx/Vitis_HLS/2022.1/common/technology/autopilot\ap_int_base.h:1679:2052)
INFO: [HLS 214-131] Inlining function 'ap_int_base<12, true>::RType<32, true>::div operator/<12, true, 32, true>(ap_int_base<12, true> const&, ap_int_base<32, true> const&)' into 'ap_int_base<12, true>::RType<($_0)32, true>::div operator/<12, true>(ap_int_base<12, true> const&, int)' (C:/Apps/Xilinx/Vitis_HLS/2022.1/common/technology/autopilot\ap_int_base.h:1679:2050)
INFO: [HLS 214-131] Inlining function '_ZN8ssdm_intILi6ELb1EEC2EDq6_i' into 'ap_int_base<6, true>::ap_int_base<13, true>(ap_int_base<13, true> const&)' (C:/Apps/Xilinx/Vitis_HLS/2022.1/common/technology/autopilot\ap_int_base.h:231:106)
INFO: [HLS 214-131] Inlining function 'ap_int_base<6, true>::ap_int_base<13, true>(ap_int_base<13, true> const&)' into 'ap_int<6>::ap_int<13>(ap_int<13> const&)' (C:/Apps/Xilinx/Vitis_HLS/2022.1/common/technology/autopilot\ap_int.h:69:89)
INFO: [HLS 214-131] Inlining function '_ZN8ssdm_intILi6ELb1EEC2EDq6_i' into 'ap_int_base<6, true>::ap_int_base(int)' (C:/Apps/Xilinx/Vitis_HLS/2022.1/common/technology/autopilot\ap_int_base.h:260:67)
INFO: [HLS 214-131] Inlining function 'ap_int_base<6, true>::ap_int_base(int)' into 'ap_int<6>::ap_int(int)' (C:/Apps/Xilinx/Vitis_HLS/2022.1/common/technology/autopilot\ap_int.h:179:57)
INFO: [HLS 214-131] Inlining function 'ap_int<12>::ap_int(int)' into 'loop_imperfect(ap_int<5>*, ap_int<6>*)' (loop_imperfect.cpp:25:15)
INFO: [HLS 214-131] Inlining function 'ap_int<6>::ap_int(int)' into 'loop_imperfect(ap_int<5>*, ap_int<6>*)' (loop_imperfect.cpp:32:20)
INFO: [HLS 214-131] Inlining function 'ap_int<6>::ap_int<13>(ap_int<13> const&)' into 'loop_imperfect(ap_int<5>*, ap_int<6>*)' (loop_imperfect.cpp:30:20)
INFO: [HLS 214-131] Inlining function 'ap_int_base<12, true>::RType<($_0)32, true>::div operator/<12, true>(ap_int_base<12, true> const&, int)' into 'loop_imperfect(ap_int<5>*, ap_int<6>*)' (loop_imperfect.cpp:30:24)
INFO: [HLS 214-131] Inlining function 'ap_int_base<12, true>& ap_int_base<12, true>::operator+=<37, true>(ap_int_base<37, true> const&)' into 'loop_imperfect(ap_int<5>*, ap_int<6>*)' (loop_imperfect.cpp:27:17)
INFO: [HLS 214-131] Inlining function 'ap_int_base<5, true>::RType<($_0)32, true>::mult operator*<5, true>(ap_int_base<5, true> const&, int)' into 'loop_imperfect(ap_int<5>*, ap_int<6>*)' (loop_imperfect.cpp:27:25)
INFO: [HLS 214-241] Aggregating bram variable 'B' with compact=bit mode in 6-bits (loop_imperfect.cpp:19:0)
INFO: [HLS 214-241] Aggregating bram variable 'A' with compact=bit mode in 5-bits (loop_imperfect.cpp:19:0)
INFO: [HLS 200-111] Finished Compiling Optimization and Transform: CPU user time: 0 seconds. CPU system time: 0 seconds. Elapsed time: 6.131 seconds; current allocated memory: 1.214 GB.
INFO: [HLS 200-111] Finished Checking Pragmas: CPU user time: 0 seconds. CPU system time: 1 seconds. Elapsed time: 0.08 seconds; current allocated memory: 1.214 GB.
INFO: [HLS 200-10] Starting code transformations ...
INFO: [HLS 200-111] Finished Standard Transforms: CPU user time: 0 seconds. CPU system time: 0 seconds. Elapsed time: 0.22 seconds; current allocated memory: 1.214 GB.
INFO: [HLS 200-10] Checking synthesizability ...
INFO: [HLS 200-111] Finished Checking Synthesizability: CPU user time: 0 seconds. CPU system time: 0 seconds. Elapsed time: 0.122 seconds; current allocated memory: 1.214 GB.
INFO: [XFORM 203-510] Pipelining loop 'LOOP_I' (loop_imperfect.cpp:22) in function 'loop_imperfect' automatically.
INFO: [XFORM 203-502] Unrolling all sub-loops inside loop 'LOOP_I' (loop_imperfect.cpp:22) in function 'loop_imperfect' for pipelining.
INFO: [HLS 200-489] Unrolling loop 'LOOP_J' (loop_imperfect.cpp:22) in function 'loop_imperfect' completely with a factor of 20.
INFO: [XFORM 203-11] Balancing expressions in function 'loop_imperfect' (loop_imperfect.cpp:19:12)...23 expression(s) balanced.
INFO: [HLS 200-111] Finished Loop, function and other optimizations: CPU user time: 0 seconds. CPU system time: 0 seconds. Elapsed time: 0.279 seconds; current allocated memory: 1.214 GB.
INFO: [HLS 200-111] Finished Architecture Synthesis: CPU user time: 0 seconds. CPU system time: 0 seconds. Elapsed time: 0.123 seconds; current allocated memory: 1.214 GB.
INFO: [HLS 200-10] Starting hardware synthesis ...
INFO: [HLS 200-10] Synthesizing 'loop_imperfect' ...
INFO: [HLS 200-10] ----------------------------------------------------------------
INFO: [HLS 200-42] -- Implementing module 'loop_imperfect_Pipeline_LOOP_I' 
INFO: [HLS 200-10] ----------------------------------------------------------------
INFO: [SCHED 204-11] Starting scheduling ...
INFO: [SCHED 204-61] Pipelining loop 'LOOP_I'.
INFO: [HLS 200-1470] Pipelining result : Target II = NA, Final II = 1, Depth = 1, loop 'LOOP_I'
INFO: [SCHED 204-11] Finished scheduling.
INFO: [HLS 200-111] Finished Scheduling: CPU user time: 0 seconds. CPU system time: 0 seconds. Elapsed time: 0.626 seconds; current allocated memory: 1.214 GB.
INFO: [BIND 205-100] Starting micro-architecture generation ...
INFO: [BIND 205-101] Performing variable lifetime analysis.
INFO: [BIND 205-101] Exploring resource sharing.
INFO: [BIND 205-101] Binding ...
INFO: [BIND 205-100] Finished micro-architecture generation.
INFO: [HLS 200-111] Finished Binding: CPU user time: 1 seconds. CPU system time: 0 seconds. Elapsed time: 0.421 seconds; current allocated memory: 1.214 GB.
INFO: [HLS 200-10] ----------------------------------------------------------------
INFO: [HLS 200-42] -- Implementing module 'loop_imperfect' 
INFO: [HLS 200-10] ----------------------------------------------------------------
INFO: [SCHED 204-11] Starting scheduling ...
INFO: [HLS 200-486] Changing DSP latency (root=mul_ln1559) to 3 in order to utilize available DSP registers.
INFO: [HLS 200-486] Changing DSP latency (root=mul_ln886_2) to 3 in order to utilize available DSP registers.
INFO: [HLS 200-486] Changing DSP latency (root=mul_ln886) to 3 in order to utilize available DSP registers.
INFO: [HLS 200-486] Changing DSP latency (root=mul_ln886_1) to 3 in order to utilize available DSP registers.
INFO: [SCHED 204-11] Finished scheduling.
INFO: [HLS 200-111] Finished Scheduling: CPU user time: 0 seconds. CPU system time: 0 seconds. Elapsed time: 0.325 seconds; current allocated memory: 1.214 GB.
INFO: [BIND 205-100] Starting micro-architecture generation ...
INFO: [BIND 205-101] Performing variable lifetime analysis.
INFO: [BIND 205-101] Exploring resource sharing.
INFO: [BIND 205-101] Binding ...
INFO: [BIND 205-100] Finished micro-architecture generation.
INFO: [HLS 200-111] Finished Binding: CPU user time: 0 seconds. CPU system time: 0 seconds. Elapsed time: 0.489 seconds; current allocated memory: 1.214 GB.
INFO: [HLS 200-10] ----------------------------------------------------------------
INFO: [HLS 200-10] -- Generating RTL for module 'loop_imperfect_Pipeline_LOOP_I' 
INFO: [HLS 200-10] ----------------------------------------------------------------
INFO: [RTGEN 206-100] Finished creating RTL model for 'loop_imperfect_Pipeline_LOOP_I'.
INFO: [HLS 200-111] Finished Creating RTL model: CPU user time: 0 seconds. CPU system time: 0 seconds. Elapsed time: 0.988 seconds; current allocated memory: 1.214 GB.
INFO: [HLS 200-10] ----------------------------------------------------------------
INFO: [HLS 200-10] -- Generating RTL for module 'loop_imperfect' 
INFO: [HLS 200-10] ----------------------------------------------------------------
INFO: [RTGEN 206-500] Setting interface mode on port 'loop_imperfect/A' to 'ap_memory'.
INFO: [RTGEN 206-500] Setting interface mode on port 'loop_imperfect/B' to 'ap_memory'.
INFO: [RTGEN 206-500] Setting interface mode on function 'loop_imperfect' to 'ap_ctrl_hs'.
INFO: [RTGEN 206-100] Generating core module 'mac_muladd_5s_4ns_10s_11_4_1': 1 instance(s).
INFO: [RTGEN 206-100] Generating core module 'mac_muladd_5s_4ns_11s_11_4_1': 1 instance(s).
INFO: [RTGEN 206-100] Generating core module 'mac_muladd_5s_5ns_5s_10_4_1': 1 instance(s).
INFO: [RTGEN 206-100] Generating core module 'mul_mul_12s_13ns_26_4_1': 1 instance(s).
INFO: [RTGEN 206-100] Finished creating RTL model for 'loop_imperfect'.
INFO: [HLS 200-111] Finished Creating RTL model: CPU user time: 0 seconds. CPU system time: 0 seconds. Elapsed time: 1.107 seconds; current allocated memory: 1.214 GB.
INFO: [HLS 200-111] Finished Generating all RTL models: CPU user time: 0 seconds. CPU system time: 3 seconds. Elapsed time: 12.934 seconds; current allocated memory: 1.214 GB.
INFO: [HLS 200-111] Finished Updating report files: CPU user time: 1 seconds. CPU system time: 1 seconds. Elapsed time: 5.028 seconds; current allocated memory: 1.214 GB.
INFO: [VHDL 208-304] Generating VHDL RTL for loop_imperfect.
INFO: [VLOG 209-307] Generating Verilog RTL for loop_imperfect.
INFO: [HLS 200-790] **** Loop Constraint Status: All loop constraints were satisfied.
INFO: [HLS 200-789] **** Estimated Fmax: 351.42 MHz
INFO: [HLS 200-111] Finished Command csynth_design CPU user time: 2 seconds. CPU system time: 5 seconds. Elapsed time: 36.302 seconds; current allocated memory: 0.000 MB.
INFO: [HLS 200-112] Total CPU user time: 4 seconds. Total CPU system time: 7 seconds. Total elapsed time: 40.243 seconds; peak allocated memory: 1.214 GB.
==============================================================
Vitis HLS - High-Level Synthesis from C, C++ and OpenCL v2022.1 (64-bit)
Tool Version Limit: 2022.04
Copyright 1986-2022 Xilinx, Inc. All Rights Reserved.
==============================================================
INFO: [SYN 201-201] Setting up clock 'default' with a period of 4ns.
INFO: [HLS 200-1611] Setting target device to 'xc7k70t-fbg676-2'
INFO: [HLS 200-1505] Using flow_target 'vivado'
INFO: [HLS 200-1510] Running: set_part xc7k70tfbg676-2 
INFO: [HLS 200-1510] Running: create_clock -period 4 -name default 
INFO: [SYN 201-201] Setting up clock 'default' with a period of 4ns.
INFO: [HLS 200-1510] Running: cosim_design -trace_level all 
INFO: [COSIM 212-47] Using XSIM for RTL simulation.
INFO: [COSIM 212-14] Instrumenting C test bench ...
INFO: [COSIM 212-302] Starting C TB testing ... 
ERROR: [COSIM 212-359] Aborting co-simulation: C TB simulation failed, nonzero return value '1'.
ERROR: [COSIM 212-320] C TB testing failed, stop generating test vectors. Please check C TB or re-run cosim.
ERROR: [COSIM 212-5] *** C/RTL co-simulation file generation failed. ***
ERROR: [COSIM 212-4] *** C/RTL co-simulation finished: FAIL ***
INFO: [HLS 200-111] Finished Command cosim_design CPU user time: 1 seconds. CPU system time: 1 seconds. Elapsed time: 18.231 seconds; current allocated memory: 0.000 MB.
INFO: [HLS 200-112] Total CPU user time: 3 seconds. Total CPU system time: 3 seconds. Total elapsed time: 21.721 seconds; peak allocated memory: 1.213 GB.
==============================================================
Vitis HLS - High-Level Synthesis from C, C++ and OpenCL v2022.1 (64-bit)
Tool Version Limit: 2022.04
Copyright 1986-2022 Xilinx, Inc. All Rights Reserved.
==============================================================
INFO: [SYN 201-201] Setting up clock 'default' with a period of 4ns.
INFO: [HLS 200-1611] Setting target device to 'xc7k70t-fbg676-2'
INFO: [HLS 200-1505] Using flow_target 'vivado'
INFO: [HLS 200-1510] Running: set_part xc7k70tfbg676-2 
INFO: [HLS 200-1510] Running: create_clock -period 4 -name default 
INFO: [HLS 200-1510] Running: csim_design -setup -quiet 
INFO: [SIM 211-2] *************** CSIM start ***************
INFO: [SIM 211-4] CSIM will launch GCC as the compiler.
INFO: [SIM 211-1] CSim file generation done with 0 errors.
INFO: [SIM 211-3] *************** CSIM finish ***************
INFO: [HLS 200-111] Finished Command csim_design CPU user time: 0 seconds. CPU system time: 0 seconds. Elapsed time: 3.257 seconds; current allocated memory: 0.000 MB.
INFO: [HLS 200-112] Total CPU user time: 2 seconds. Total CPU system time: 2 seconds. Total elapsed time: 7.349 seconds; peak allocated memory: 1.213 GB.
==============================================================
Vitis HLS - High-Level Synthesis from C, C++ and OpenCL v2022.1 (64-bit)
Tool Version Limit: 2022.04
Copyright 1986-2022 Xilinx, Inc. All Rights Reserved.
==============================================================
INFO: [SYN 201-201] Setting up clock 'default' with a period of 4ns.
INFO: [HLS 200-1611] Setting target device to 'xc7k70t-fbg676-2'
INFO: [HLS 200-1505] Using flow_target 'vivado'
INFO: [HLS 200-1510] Running: set_part xc7k70tfbg676-2 
INFO: [HLS 200-1510] Running: create_clock -period 4 -name default 
INFO: [HLS 200-1510] Running: csynth_design 
INFO: [HLS 200-111] Finished File checks and directory preparation: CPU user time: 0 seconds. CPU system time: 1 seconds. Elapsed time: 0.975 seconds; current allocated memory: 1.214 GB.
INFO: [HLS 200-10] Analyzing design file 'loop_imperfect.cpp' ... 
INFO: [HLS 200-111] Finished Source Code Analysis and Preprocessing: CPU user time: 0 seconds. CPU system time: 0 seconds. Elapsed time: 6.552 seconds; current allocated memory: 1.214 GB.
INFO: [HLS 200-777] Using interface defaults for 'Vivado' flow target.
INFO: [HLS 214-131] Inlining function '_ZN8ssdm_intILi12ELb1EEC2EDq12_i' into 'ap_int_base<12, true>::ap_int_base(int)' (C:/Apps/Xilinx/Vitis_HLS/2022.1/common/technology/autopilot\ap_int_base.h:260:67)
INFO: [HLS 214-131] Inlining function 'ap_int_base<12, true>::ap_int_base(int)' into 'ap_int<12>::ap_int(int)' (C:/Apps/Xilinx/Vitis_HLS/2022.1/common/technology/autopilot\ap_int.h:179:57)
INFO: [HLS 214-131] Inlining function 'ssdm_int<32, true>::ssdm_int(int)' into 'ap_int_base<32, true>::ap_int_base(int)' (C:/Apps/Xilinx/Vitis_HLS/2022.1/common/technology/autopilot\ap_int_base.h:260:67)
INFO: [HLS 214-131] Inlining function '_ZN8ssdm_intILi37ELb1EEC2EDq37_i' into 'ap_int_base<37, true>::ap_int_base<5, true>(ap_int_base<5, true> const&)' (C:/Apps/Xilinx/Vitis_HLS/2022.1/common/technology/autopilot\ap_int_base.h:231:106)
INFO: [HLS 214-131] Inlining function '_ZN8ssdm_intILi37ELb1EEC2EDq37_i' into 'ap_int_base<37, true>::ap_int_base<32, true>(ap_int_base<32, true> const&)' (C:/Apps/Xilinx/Vitis_HLS/2022.1/common/technology/autopilot\ap_int_base.h:231:106)
INFO: [HLS 214-131] Inlining function '_ZN8ssdm_intILi37ELb1EEC2EDq37_i' into 'ap_int_base<37, true>::ap_int_base(int)' (C:/Apps/Xilinx/Vitis_HLS/2022.1/common/technology/autopilot\ap_int_base.h:260:67)
INFO: [HLS 214-131] Inlining function 'ap_int_base<37, true>::ap_int_base<5, true>(ap_int_base<5, true> const&)' into 'ap_int_base<5, true>::RType<32, true>::mult operator*<5, true, 32, true>(ap_int_base<5, true> const&, ap_int_base<32, true> const&)' (C:/Apps/Xilinx/Vitis_HLS/2022.1/common/technology/autopilot\ap_int_base.h:1540:339)
INFO: [HLS 214-131] Inlining function 'ap_int<37>::ap_int<37, true>(ap_int_base<37, true> const&)' into 'ap_int_base<5, true>::RType<32, true>::mult operator*<5, true, 32, true>(ap_int_base<5, true> const&, ap_int_base<32, true> const&)' (C:/Apps/Xilinx/Vitis_HLS/2022.1/common/technology/autopilot\ap_int_base.h:1540:554)
INFO: [HLS 214-131] Inlining function 'ap_int_base<37, true>::ap_int_base(int)' into 'ap_int_base<5, true>::RType<32, true>::mult operator*<5, true, 32, true>(ap_int_base<5, true> const&, ap_int_base<32, true> const&)' (C:/Apps/Xilinx/Vitis_HLS/2022.1/common/technology/autopilot\ap_int_base.h:1540:516)
INFO: [HLS 214-131] Inlining function 'ap_int_base<37, true>::ap_int_base<32, true>(ap_int_base<32, true> const&)' into 'ap_int_base<5, true>::RType<32, true>::mult operator*<5, true, 32, true>(ap_int_base<5, true> const&, ap_int_base<32, true> const&)' (C:/Apps/Xilinx/Vitis_HLS/2022.1/common/technology/autopilot\ap_int_base.h:1540:427)
INFO: [HLS 214-131] Inlining function 'ap_int_base<32, true>::ap_int_base(int)' into 'ap_int_base<5, true>::RType<($_0)32, true>::mult operator*<5, true>(ap_int_base<5, true> const&, int)' (C:/Apps/Xilinx/Vitis_HLS/2022.1/common/technology/autopilot\ap_int_base.h:1679:483)
INFO: [HLS 214-131] Inlining function 'ap_int_base<5, true>::RType<32, true>::mult operator*<5, true, 32, true>(ap_int_base<5, true> const&, ap_int_base<32, true> const&)' into 'ap_int_base<5, true>::RType<($_0)32, true>::mult operator*<5, true>(ap_int_base<5, true> const&, int)' (C:/Apps/Xilinx/Vitis_HLS/2022.1/common/technology/autopilot\ap_int_base.h:1679:481)
INFO: [HLS 214-131] Inlining function '_ZN8ssdm_intILi13ELb1EEC2EDq13_i' into 'ap_int_base<13, true>::ap_int_base(int)' (C:/Apps/Xilinx/Vitis_HLS/2022.1/common/technology/autopilot\ap_int_base.h:260:67)
INFO: [HLS 214-131] Inlining function 'ap_int_base<13, true>::ap_int_base(int)' into 'ap_int_base<12, true>::RType<32, true>::div operator/<12, true, 32, true>(ap_int_base<12, true> const&, ap_int_base<32, true> const&)' (C:/Apps/Xilinx/Vitis_HLS/2022.1/common/technology/autopilot\ap_int_base.h:1559:337)
INFO: [HLS 214-131] Inlining function 'ap_int<13>::ap_int<13, true>(ap_int_base<13, true> const&)' into 'ap_int_base<12, true>::RType<32, true>::div operator/<12, true, 32, true>(ap_int_base<12, true> const&, ap_int_base<32, true> const&)' (C:/Apps/Xilinx/Vitis_HLS/2022.1/common/technology/autopilot\ap_int_base.h:1559:374)
INFO: [HLS 214-131] Inlining function 'ap_int_base<32, true>::ap_int_base(int)' into 'ap_int_base<12, true>::RType<($_0)32, true>::div operator/<12, true>(ap_int_base<12, true> const&, int)' (C:/Apps/Xilinx/Vitis_HLS/2022.1/common/technology/autopilot\ap_int_base.h:1679:2052)
INFO: [HLS 214-131] Inlining function 'ap_int_base<12, true>::RType<32, true>::div operator/<12, true, 32, true>(ap_int_base<12, true> const&, ap_int_base<32, true> const&)' into 'ap_int_base<12, true>::RType<($_0)32, true>::div operator/<12, true>(ap_int_base<12, true> const&, int)' (C:/Apps/Xilinx/Vitis_HLS/2022.1/common/technology/autopilot\ap_int_base.h:1679:2050)
INFO: [HLS 214-131] Inlining function '_ZN8ssdm_intILi6ELb1EEC2EDq6_i' into 'ap_int_base<6, true>::ap_int_base<13, true>(ap_int_base<13, true> const&)' (C:/Apps/Xilinx/Vitis_HLS/2022.1/common/technology/autopilot\ap_int_base.h:231:106)
INFO: [HLS 214-131] Inlining function 'ap_int_base<6, true>::ap_int_base<13, true>(ap_int_base<13, true> const&)' into 'ap_int<6>::ap_int<13>(ap_int<13> const&)' (C:/Apps/Xilinx/Vitis_HLS/2022.1/common/technology/autopilot\ap_int.h:69:89)
INFO: [HLS 214-131] Inlining function '_ZN8ssdm_intILi6ELb1EEC2EDq6_i' into 'ap_int_base<6, true>::ap_int_base(int)' (C:/Apps/Xilinx/Vitis_HLS/2022.1/common/technology/autopilot\ap_int_base.h:260:67)
INFO: [HLS 214-131] Inlining function 'ap_int_base<6, true>::ap_int_base(int)' into 'ap_int<6>::ap_int(int)' (C:/Apps/Xilinx/Vitis_HLS/2022.1/common/technology/autopilot\ap_int.h:179:57)
INFO: [HLS 214-131] Inlining function 'ap_int<12>::ap_int(int)' into 'loop_imperfect(ap_int<5>*, ap_int<6>*)' (loop_imperfect.cpp:25:15)
INFO: [HLS 214-131] Inlining function 'ap_int<6>::ap_int(int)' into 'loop_imperfect(ap_int<5>*, ap_int<6>*)' (loop_imperfect.cpp:32:20)
INFO: [HLS 214-131] Inlining function 'ap_int<6>::ap_int<13>(ap_int<13> const&)' into 'loop_imperfect(ap_int<5>*, ap_int<6>*)' (loop_imperfect.cpp:30:20)
INFO: [HLS 214-131] Inlining function 'ap_int_base<12, true>::RType<($_0)32, true>::div operator/<12, true>(ap_int_base<12, true> const&, int)' into 'loop_imperfect(ap_int<5>*, ap_int<6>*)' (loop_imperfect.cpp:30:24)
INFO: [HLS 214-131] Inlining function 'ap_int_base<12, true>& ap_int_base<12, true>::operator+=<37, true>(ap_int_base<37, true> const&)' into 'loop_imperfect(ap_int<5>*, ap_int<6>*)' (loop_imperfect.cpp:27:17)
INFO: [HLS 214-131] Inlining function 'ap_int_base<5, true>::RType<($_0)32, true>::mult operator*<5, true>(ap_int_base<5, true> const&, int)' into 'loop_imperfect(ap_int<5>*, ap_int<6>*)' (loop_imperfect.cpp:27:25)
INFO: [HLS 214-241] Aggregating bram variable 'B' with compact=bit mode in 6-bits (loop_imperfect.cpp:19:0)
INFO: [HLS 214-241] Aggregating bram variable 'A' with compact=bit mode in 5-bits (loop_imperfect.cpp:19:0)
INFO: [HLS 200-111] Finished Compiling Optimization and Transform: CPU user time: 0 seconds. CPU system time: 1 seconds. Elapsed time: 5.984 seconds; current allocated memory: 1.214 GB.
INFO: [HLS 200-111] Finished Checking Pragmas: CPU user time: 0 seconds. CPU system time: 0 seconds. Elapsed time: 0.086 seconds; current allocated memory: 1.214 GB.
INFO: [HLS 200-10] Starting code transformations ...
INFO: [HLS 200-111] Finished Standard Transforms: CPU user time: 0 seconds. CPU system time: 0 seconds. Elapsed time: 0.207 seconds; current allocated memory: 1.214 GB.
INFO: [HLS 200-10] Checking synthesizability ...
INFO: [HLS 200-111] Finished Checking Synthesizability: CPU user time: 0 seconds. CPU system time: 0 seconds. Elapsed time: 0.134 seconds; current allocated memory: 1.214 GB.
INFO: [XFORM 203-510] Pipelining loop 'LOOP_I' (loop_imperfect.cpp:22) in function 'loop_imperfect' automatically.
INFO: [XFORM 203-502] Unrolling all sub-loops inside loop 'LOOP_I' (loop_imperfect.cpp:22) in function 'loop_imperfect' for pipelining.
INFO: [HLS 200-489] Unrolling loop 'LOOP_J' (loop_imperfect.cpp:22) in function 'loop_imperfect' completely with a factor of 20.
INFO: [XFORM 203-11] Balancing expressions in function 'loop_imperfect' (loop_imperfect.cpp:19:12)...23 expression(s) balanced.
INFO: [HLS 200-111] Finished Loop, function and other optimizations: CPU user time: 0 seconds. CPU system time: 0 seconds. Elapsed time: 0.322 seconds; current allocated memory: 1.214 GB.
INFO: [HLS 200-111] Finished Architecture Synthesis: CPU user time: 0 seconds. CPU system time: 0 seconds. Elapsed time: 0.13 seconds; current allocated memory: 1.214 GB.
INFO: [HLS 200-10] Starting hardware synthesis ...
INFO: [HLS 200-10] Synthesizing 'loop_imperfect' ...
INFO: [HLS 200-10] ----------------------------------------------------------------
INFO: [HLS 200-42] -- Implementing module 'loop_imperfect_Pipeline_LOOP_I' 
INFO: [HLS 200-10] ----------------------------------------------------------------
INFO: [SCHED 204-11] Starting scheduling ...
INFO: [SCHED 204-61] Pipelining loop 'LOOP_I'.
INFO: [HLS 200-1470] Pipelining result : Target II = NA, Final II = 1, Depth = 1, loop 'LOOP_I'
INFO: [SCHED 204-11] Finished scheduling.
INFO: [HLS 200-111] Finished Scheduling: CPU user time: 0 seconds. CPU system time: 0 seconds. Elapsed time: 0.735 seconds; current allocated memory: 1.214 GB.
INFO: [BIND 205-100] Starting micro-architecture generation ...
INFO: [BIND 205-101] Performing variable lifetime analysis.
INFO: [BIND 205-101] Exploring resource sharing.
INFO: [BIND 205-101] Binding ...
INFO: [BIND 205-100] Finished micro-architecture generation.
INFO: [HLS 200-111] Finished Binding: CPU user time: 0 seconds. CPU system time: 0 seconds. Elapsed time: 0.18 seconds; current allocated memory: 1.214 GB.
INFO: [HLS 200-10] ----------------------------------------------------------------
INFO: [HLS 200-42] -- Implementing module 'loop_imperfect' 
INFO: [HLS 200-10] ----------------------------------------------------------------
INFO: [SCHED 204-11] Starting scheduling ...
INFO: [HLS 200-486] Changing DSP latency (root=mul_ln1559) to 3 in order to utilize available DSP registers.
INFO: [HLS 200-486] Changing DSP latency (root=mul_ln886_2) to 3 in order to utilize available DSP registers.
INFO: [HLS 200-486] Changing DSP latency (root=mul_ln886) to 3 in order to utilize available DSP registers.
INFO: [HLS 200-486] Changing DSP latency (root=mul_ln886_1) to 3 in order to utilize available DSP registers.
INFO: [SCHED 204-11] Finished scheduling.
INFO: [HLS 200-111] Finished Scheduling: CPU user time: 1 seconds. CPU system time: 0 seconds. Elapsed time: 0.362 seconds; current allocated memory: 1.214 GB.
INFO: [BIND 205-100] Starting micro-architecture generation ...
INFO: [BIND 205-101] Performing variable lifetime analysis.
INFO: [BIND 205-101] Exploring resource sharing.
INFO: [BIND 205-101] Binding ...
INFO: [BIND 205-100] Finished micro-architecture generation.
INFO: [HLS 200-111] Finished Binding: CPU user time: 0 seconds. CPU system time: 0 seconds. Elapsed time: 0.492 seconds; current allocated memory: 1.214 GB.
INFO: [HLS 200-10] ----------------------------------------------------------------
INFO: [HLS 200-10] -- Generating RTL for module 'loop_imperfect_Pipeline_LOOP_I' 
INFO: [HLS 200-10] ----------------------------------------------------------------
INFO: [RTGEN 206-100] Finished creating RTL model for 'loop_imperfect_Pipeline_LOOP_I'.
INFO: [HLS 200-111] Finished Creating RTL model: CPU user time: 0 seconds. CPU system time: 0 seconds. Elapsed time: 0.784 seconds; current allocated memory: 1.214 GB.
INFO: [HLS 200-10] ----------------------------------------------------------------
INFO: [HLS 200-10] -- Generating RTL for module 'loop_imperfect' 
INFO: [HLS 200-10] ----------------------------------------------------------------
INFO: [RTGEN 206-500] Setting interface mode on port 'loop_imperfect/A' to 'ap_memory'.
INFO: [RTGEN 206-500] Setting interface mode on port 'loop_imperfect/B' to 'ap_memory'.
INFO: [RTGEN 206-500] Setting interface mode on function 'loop_imperfect' to 'ap_ctrl_hs'.
INFO: [RTGEN 206-100] Generating core module 'mac_muladd_5s_4ns_10s_11_4_1': 1 instance(s).
INFO: [RTGEN 206-100] Generating core module 'mac_muladd_5s_4ns_11s_11_4_1': 1 instance(s).
INFO: [RTGEN 206-100] Generating core module 'mac_muladd_5s_5ns_5s_10_4_1': 1 instance(s).
INFO: [RTGEN 206-100] Generating core module 'mul_mul_12s_13ns_26_4_1': 1 instance(s).
INFO: [RTGEN 206-100] Finished creating RTL model for 'loop_imperfect'.
INFO: [HLS 200-111] Finished Creating RTL model: CPU user time: 0 seconds. CPU system time: 0 seconds. Elapsed time: 1.178 seconds; current allocated memory: 1.214 GB.
INFO: [HLS 200-111] Finished Generating all RTL models: CPU user time: 0 seconds. CPU system time: 2 seconds. Elapsed time: 13.434 seconds; current allocated memory: 1.214 GB.
INFO: [HLS 200-111] Finished Updating report files: CPU user time: 1 seconds. CPU system time: 1 seconds. Elapsed time: 4.878 seconds; current allocated memory: 1.214 GB.
INFO: [VHDL 208-304] Generating VHDL RTL for loop_imperfect.
INFO: [VLOG 209-307] Generating Verilog RTL for loop_imperfect.
INFO: [HLS 200-790] **** Loop Constraint Status: All loop constraints were satisfied.
INFO: [HLS 200-789] **** Estimated Fmax: 351.42 MHz
INFO: [HLS 200-111] Finished Command csynth_design CPU user time: 2 seconds. CPU system time: 5 seconds. Elapsed time: 36.832 seconds; current allocated memory: 0.000 MB.
INFO: [HLS 200-112] Total CPU user time: 4 seconds. Total CPU system time: 6 seconds. Total elapsed time: 40.711 seconds; peak allocated memory: 1.214 GB.
==============================================================
Vitis HLS - High-Level Synthesis from C, C++ and OpenCL v2022.1 (64-bit)
Tool Version Limit: 2022.04
Copyright 1986-2022 Xilinx, Inc. All Rights Reserved.
==============================================================
INFO: [SYN 201-201] Setting up clock 'default' with a period of 4ns.
INFO: [HLS 200-1611] Setting target device to 'xc7k70t-fbg676-2'
INFO: [HLS 200-1505] Using flow_target 'vivado'
INFO: [HLS 200-1510] Running: set_part xc7k70tfbg676-2 
INFO: [HLS 200-1510] Running: create_clock -period 4 -name default 
INFO: [SYN 201-201] Setting up clock 'default' with a period of 4ns.
INFO: [HLS 200-1510] Running: cosim_design -trace_level all 
INFO: [COSIM 212-47] Using XSIM for RTL simulation.
INFO: [COSIM 212-14] Instrumenting C test bench ...
INFO: [COSIM 212-302] Starting C TB testing ... 
INFO: [COSIM 212-333] Generating C post check test bench ...
INFO: [COSIM 212-12] Generating RTL test bench ...
INFO: [COSIM 212-1] *** C/RTL co-simulation file generation completed. ***
INFO: [COSIM 212-323] Starting verilog simulation. 
INFO: [COSIM 212-15] Starting XSIM ...
INFO: [COSIM 212-316] Starting C post checking ...
INFO: [COSIM 212-1000] *** C/RTL co-simulation finished: PASS ***
INFO: [COSIM 212-211] II is measurable only when transaction number is greater than 1 in RTL simulation. Otherwise, they will be marked as all NA. If user wants to calculate them, please make sure there are at least 2 transactions in RTL simulation.
INFO: [HLS 200-111] Finished Command cosim_design CPU user time: 1 seconds. CPU system time: 1 seconds. Elapsed time: 40.21 seconds; current allocated memory: 0.000 MB.
INFO: [HLS 200-112] Total CPU user time: 3 seconds. Total CPU system time: 3 seconds. Total elapsed time: 44.116 seconds; peak allocated memory: 1.213 GB.
