Copyright 1986-2022 Xilinx, Inc. All Rights Reserved.
-------------------------------------------------------------------------------------------------
| Tool Version : Vivado v.2022.1 (win64) Build 3526262 Mon Apr 18 15:48:16 MDT 2022
| Date         : Fri Feb 24 13:01:47 2023
| Host         : winvdi1009 running 64-bit major release  (build 9200)
| Command      : report_timing -max_paths 10 -file ./report/inner_product_timing_paths_synth.rpt
| Design       : bd_0_wrapper
| Device       : 7k160t-fbg676
| Speed File   : -2  PRODUCTION 1.12 2017-02-17
-------------------------------------------------------------------------------------------------

Timing Report

Slack (MET) :             2.307ns  (required time - arrival time)
  Source:                 bd_0_i/hls_inst/inst/ap_enable_reg_pp0_iter8_reg/C
                            (rising edge-triggered cell FDRE clocked by ap_clk  {rise@0.000ns fall@2.000ns period=4.000ns})
  Destination:            bd_0_i/hls_inst/inst/acc_V2_reg_200_reg[0]/R
                            (rising edge-triggered cell FDRE clocked by ap_clk  {rise@0.000ns fall@2.000ns period=4.000ns})
  Path Group:             ap_clk
  Path Type:              Setup (Max at Slow Process Corner)
  Requirement:            4.000ns  (ap_clk rise@4.000ns - ap_clk rise@0.000ns)
  Data Path Delay:        1.329ns  (logic 0.356ns (26.787%)  route 0.973ns (73.213%))
  Logic Levels:           1  (LUT2=1)
  Clock Path Skew:        -0.027ns (DCD - SCD + CPR)
    Destination Clock Delay (DCD):    0.510ns = ( 4.510 - 4.000 ) 
    Source Clock Delay      (SCD):    0.537ns
    Clock Pessimism Removal (CPR):    0.000ns
  Clock Uncertainty:      0.035ns  ((TSJ^2 + TIJ^2)^1/2 + DJ) / 2 + PE
    Total System Jitter     (TSJ):    0.071ns
    Total Input Jitter      (TIJ):    0.000ns
    Discrete Jitter          (DJ):    0.000ns
    Phase Error              (PE):    0.000ns

    Location             Delay type                Incr(ns)  Path(ns)    Netlist Resource(s)
  -------------------------------------------------------------------    -------------------
                         (clock ap_clk rise edge)     0.000     0.000 r  
                                                      0.000     0.000 r  ap_clk (IN)
                         net (fo=118, unset)          0.537     0.537    bd_0_i/hls_inst/inst/ap_clk
                         FDRE                                         r  bd_0_i/hls_inst/inst/ap_enable_reg_pp0_iter8_reg/C
  -------------------------------------------------------------------    -------------------
                         FDRE (Prop_fdre_C_Q)         0.233     0.770 r  bd_0_i/hls_inst/inst/ap_enable_reg_pp0_iter8_reg/Q
                         net (fo=19, unplaced)        0.326     1.096    bd_0_i/hls_inst/inst/ap_enable_reg_pp0_iter8
                         LUT2 (Prop_lut2_I0_O)        0.123     1.219 r  bd_0_i/hls_inst/inst/acc_V2_reg_200[0]_i_1/O
                         net (fo=16, unplaced)        0.647     1.866    bd_0_i/hls_inst/inst/acc_V2_reg_200
                         FDRE                                         r  bd_0_i/hls_inst/inst/acc_V2_reg_200_reg[0]/R
  -------------------------------------------------------------------    -------------------

                         (clock ap_clk rise edge)     4.000     4.000 r  
                                                      0.000     4.000 r  ap_clk (IN)
                         net (fo=118, unset)          0.510     4.510    bd_0_i/hls_inst/inst/ap_clk
                         FDRE                                         r  bd_0_i/hls_inst/inst/acc_V2_reg_200_reg[0]/C
                         clock pessimism              0.000     4.510    
                         clock uncertainty           -0.035     4.475    
                         FDRE (Setup_fdre_C_R)       -0.302     4.173    bd_0_i/hls_inst/inst/acc_V2_reg_200_reg[0]
  -------------------------------------------------------------------
                         required time                          4.173    
                         arrival time                          -1.866    
  -------------------------------------------------------------------
                         slack                                  2.307    

Slack (MET) :             2.307ns  (required time - arrival time)
  Source:                 bd_0_i/hls_inst/inst/ap_enable_reg_pp0_iter8_reg/C
                            (rising edge-triggered cell FDRE clocked by ap_clk  {rise@0.000ns fall@2.000ns period=4.000ns})
  Destination:            bd_0_i/hls_inst/inst/acc_V2_reg_200_reg[10]/R
                            (rising edge-triggered cell FDRE clocked by ap_clk  {rise@0.000ns fall@2.000ns period=4.000ns})
  Path Group:             ap_clk
  Path Type:              Setup (Max at Slow Process Corner)
  Requirement:            4.000ns  (ap_clk rise@4.000ns - ap_clk rise@0.000ns)
  Data Path Delay:        1.329ns  (logic 0.356ns (26.787%)  route 0.973ns (73.213%))
  Logic Levels:           1  (LUT2=1)
  Clock Path Skew:        -0.027ns (DCD - SCD + CPR)
    Destination Clock Delay (DCD):    0.510ns = ( 4.510 - 4.000 ) 
    Source Clock Delay      (SCD):    0.537ns
    Clock Pessimism Removal (CPR):    0.000ns
  Clock Uncertainty:      0.035ns  ((TSJ^2 + TIJ^2)^1/2 + DJ) / 2 + PE
    Total System Jitter     (TSJ):    0.071ns
    Total Input Jitter      (TIJ):    0.000ns
    Discrete Jitter          (DJ):    0.000ns
    Phase Error              (PE):    0.000ns

    Location             Delay type                Incr(ns)  Path(ns)    Netlist Resource(s)
  -------------------------------------------------------------------    -------------------
                         (clock ap_clk rise edge)     0.000     0.000 r  
                                                      0.000     0.000 r  ap_clk (IN)
                         net (fo=118, unset)          0.537     0.537    bd_0_i/hls_inst/inst/ap_clk
                         FDRE                                         r  bd_0_i/hls_inst/inst/ap_enable_reg_pp0_iter8_reg/C
  -------------------------------------------------------------------    -------------------
                         FDRE (Prop_fdre_C_Q)         0.233     0.770 r  bd_0_i/hls_inst/inst/ap_enable_reg_pp0_iter8_reg/Q
                         net (fo=19, unplaced)        0.326     1.096    bd_0_i/hls_inst/inst/ap_enable_reg_pp0_iter8
                         LUT2 (Prop_lut2_I0_O)        0.123     1.219 r  bd_0_i/hls_inst/inst/acc_V2_reg_200[0]_i_1/O
                         net (fo=16, unplaced)        0.647     1.866    bd_0_i/hls_inst/inst/acc_V2_reg_200
                         FDRE                                         r  bd_0_i/hls_inst/inst/acc_V2_reg_200_reg[10]/R
  -------------------------------------------------------------------    -------------------

                         (clock ap_clk rise edge)     4.000     4.000 r  
                                                      0.000     4.000 r  ap_clk (IN)
                         net (fo=118, unset)          0.510     4.510    bd_0_i/hls_inst/inst/ap_clk
                         FDRE                                         r  bd_0_i/hls_inst/inst/acc_V2_reg_200_reg[10]/C
                         clock pessimism              0.000     4.510    
                         clock uncertainty           -0.035     4.475    
                         FDRE (Setup_fdre_C_R)       -0.302     4.173    bd_0_i/hls_inst/inst/acc_V2_reg_200_reg[10]
  -------------------------------------------------------------------
                         required time                          4.173    
                         arrival time                          -1.866    
  -------------------------------------------------------------------
                         slack                                  2.307    

Slack (MET) :             2.307ns  (required time - arrival time)
  Source:                 bd_0_i/hls_inst/inst/ap_enable_reg_pp0_iter8_reg/C
                            (rising edge-triggered cell FDRE clocked by ap_clk  {rise@0.000ns fall@2.000ns period=4.000ns})
  Destination:            bd_0_i/hls_inst/inst/acc_V2_reg_200_reg[11]/R
                            (rising edge-triggered cell FDRE clocked by ap_clk  {rise@0.000ns fall@2.000ns period=4.000ns})
  Path Group:             ap_clk
  Path Type:              Setup (Max at Slow Process Corner)
  Requirement:            4.000ns  (ap_clk rise@4.000ns - ap_clk rise@0.000ns)
  Data Path Delay:        1.329ns  (logic 0.356ns (26.787%)  route 0.973ns (73.213%))
  Logic Levels:           1  (LUT2=1)
  Clock Path Skew:        -0.027ns (DCD - SCD + CPR)
    Destination Clock Delay (DCD):    0.510ns = ( 4.510 - 4.000 ) 
    Source Clock Delay      (SCD):    0.537ns
    Clock Pessimism Removal (CPR):    0.000ns
  Clock Uncertainty:      0.035ns  ((TSJ^2 + TIJ^2)^1/2 + DJ) / 2 + PE
    Total System Jitter     (TSJ):    0.071ns
    Total Input Jitter      (TIJ):    0.000ns
    Discrete Jitter          (DJ):    0.000ns
    Phase Error              (PE):    0.000ns

    Location             Delay type                Incr(ns)  Path(ns)    Netlist Resource(s)
  -------------------------------------------------------------------    -------------------
                         (clock ap_clk rise edge)     0.000     0.000 r  
                                                      0.000     0.000 r  ap_clk (IN)
                         net (fo=118, unset)          0.537     0.537    bd_0_i/hls_inst/inst/ap_clk
                         FDRE                                         r  bd_0_i/hls_inst/inst/ap_enable_reg_pp0_iter8_reg/C
  -------------------------------------------------------------------    -------------------
                         FDRE (Prop_fdre_C_Q)         0.233     0.770 r  bd_0_i/hls_inst/inst/ap_enable_reg_pp0_iter8_reg/Q
                         net (fo=19, unplaced)        0.326     1.096    bd_0_i/hls_inst/inst/ap_enable_reg_pp0_iter8
                         LUT2 (Prop_lut2_I0_O)        0.123     1.219 r  bd_0_i/hls_inst/inst/acc_V2_reg_200[0]_i_1/O
                         net (fo=16, unplaced)        0.647     1.866    bd_0_i/hls_inst/inst/acc_V2_reg_200
                         FDRE                                         r  bd_0_i/hls_inst/inst/acc_V2_reg_200_reg[11]/R
  -------------------------------------------------------------------    -------------------

                         (clock ap_clk rise edge)     4.000     4.000 r  
                                                      0.000     4.000 r  ap_clk (IN)
                         net (fo=118, unset)          0.510     4.510    bd_0_i/hls_inst/inst/ap_clk
                         FDRE                                         r  bd_0_i/hls_inst/inst/acc_V2_reg_200_reg[11]/C
                         clock pessimism              0.000     4.510    
                         clock uncertainty           -0.035     4.475    
                         FDRE (Setup_fdre_C_R)       -0.302     4.173    bd_0_i/hls_inst/inst/acc_V2_reg_200_reg[11]
  -------------------------------------------------------------------
                         required time                          4.173    
                         arrival time                          -1.866    
  -------------------------------------------------------------------
                         slack                                  2.307    

Slack (MET) :             2.307ns  (required time - arrival time)
  Source:                 bd_0_i/hls_inst/inst/ap_enable_reg_pp0_iter8_reg/C
                            (rising edge-triggered cell FDRE clocked by ap_clk  {rise@0.000ns fall@2.000ns period=4.000ns})
  Destination:            bd_0_i/hls_inst/inst/acc_V2_reg_200_reg[12]/R
                            (rising edge-triggered cell FDRE clocked by ap_clk  {rise@0.000ns fall@2.000ns period=4.000ns})
  Path Group:             ap_clk
  Path Type:              Setup (Max at Slow Process Corner)
  Requirement:            4.000ns  (ap_clk rise@4.000ns - ap_clk rise@0.000ns)
  Data Path Delay:        1.329ns  (logic 0.356ns (26.787%)  route 0.973ns (73.213%))
  Logic Levels:           1  (LUT2=1)
  Clock Path Skew:        -0.027ns (DCD - SCD + CPR)
    Destination Clock Delay (DCD):    0.510ns = ( 4.510 - 4.000 ) 
    Source Clock Delay      (SCD):    0.537ns
    Clock Pessimism Removal (CPR):    0.000ns
  Clock Uncertainty:      0.035ns  ((TSJ^2 + TIJ^2)^1/2 + DJ) / 2 + PE
    Total System Jitter     (TSJ):    0.071ns
    Total Input Jitter      (TIJ):    0.000ns
    Discrete Jitter          (DJ):    0.000ns
    Phase Error              (PE):    0.000ns

    Location             Delay type                Incr(ns)  Path(ns)    Netlist Resource(s)
  -------------------------------------------------------------------    -------------------
                         (clock ap_clk rise edge)     0.000     0.000 r  
                                                      0.000     0.000 r  ap_clk (IN)
                         net (fo=118, unset)          0.537     0.537    bd_0_i/hls_inst/inst/ap_clk
                         FDRE                                         r  bd_0_i/hls_inst/inst/ap_enable_reg_pp0_iter8_reg/C
  -------------------------------------------------------------------    -------------------
                         FDRE (Prop_fdre_C_Q)         0.233     0.770 r  bd_0_i/hls_inst/inst/ap_enable_reg_pp0_iter8_reg/Q
                         net (fo=19, unplaced)        0.326     1.096    bd_0_i/hls_inst/inst/ap_enable_reg_pp0_iter8
                         LUT2 (Prop_lut2_I0_O)        0.123     1.219 r  bd_0_i/hls_inst/inst/acc_V2_reg_200[0]_i_1/O
                         net (fo=16, unplaced)        0.647     1.866    bd_0_i/hls_inst/inst/acc_V2_reg_200
                         FDRE                                         r  bd_0_i/hls_inst/inst/acc_V2_reg_200_reg[12]/R
  -------------------------------------------------------------------    -------------------

                         (clock ap_clk rise edge)     4.000     4.000 r  
                                                      0.000     4.000 r  ap_clk (IN)
                         net (fo=118, unset)          0.510     4.510    bd_0_i/hls_inst/inst/ap_clk
                         FDRE                                         r  bd_0_i/hls_inst/inst/acc_V2_reg_200_reg[12]/C
                         clock pessimism              0.000     4.510    
                         clock uncertainty           -0.035     4.475    
                         FDRE (Setup_fdre_C_R)       -0.302     4.173    bd_0_i/hls_inst/inst/acc_V2_reg_200_reg[12]
  -------------------------------------------------------------------
                         required time                          4.173    
                         arrival time                          -1.866    
  -------------------------------------------------------------------
                         slack                                  2.307    

Slack (MET) :             2.307ns  (required time - arrival time)
  Source:                 bd_0_i/hls_inst/inst/ap_enable_reg_pp0_iter8_reg/C
                            (rising edge-triggered cell FDRE clocked by ap_clk  {rise@0.000ns fall@2.000ns period=4.000ns})
  Destination:            bd_0_i/hls_inst/inst/acc_V2_reg_200_reg[13]/R
                            (rising edge-triggered cell FDRE clocked by ap_clk  {rise@0.000ns fall@2.000ns period=4.000ns})
  Path Group:             ap_clk
  Path Type:              Setup (Max at Slow Process Corner)
  Requirement:            4.000ns  (ap_clk rise@4.000ns - ap_clk rise@0.000ns)
  Data Path Delay:        1.329ns  (logic 0.356ns (26.787%)  route 0.973ns (73.213%))
  Logic Levels:           1  (LUT2=1)
  Clock Path Skew:        -0.027ns (DCD - SCD + CPR)
    Destination Clock Delay (DCD):    0.510ns = ( 4.510 - 4.000 ) 
    Source Clock Delay      (SCD):    0.537ns
    Clock Pessimism Removal (CPR):    0.000ns
  Clock Uncertainty:      0.035ns  ((TSJ^2 + TIJ^2)^1/2 + DJ) / 2 + PE
    Total System Jitter     (TSJ):    0.071ns
    Total Input Jitter      (TIJ):    0.000ns
    Discrete Jitter          (DJ):    0.000ns
    Phase Error              (PE):    0.000ns

    Location             Delay type                Incr(ns)  Path(ns)    Netlist Resource(s)
  -------------------------------------------------------------------    -------------------
                         (clock ap_clk rise edge)     0.000     0.000 r  
                                                      0.000     0.000 r  ap_clk (IN)
                         net (fo=118, unset)          0.537     0.537    bd_0_i/hls_inst/inst/ap_clk
                         FDRE                                         r  bd_0_i/hls_inst/inst/ap_enable_reg_pp0_iter8_reg/C
  -------------------------------------------------------------------    -------------------
                         FDRE (Prop_fdre_C_Q)         0.233     0.770 r  bd_0_i/hls_inst/inst/ap_enable_reg_pp0_iter8_reg/Q
                         net (fo=19, unplaced)        0.326     1.096    bd_0_i/hls_inst/inst/ap_enable_reg_pp0_iter8
                         LUT2 (Prop_lut2_I0_O)        0.123     1.219 r  bd_0_i/hls_inst/inst/acc_V2_reg_200[0]_i_1/O
                         net (fo=16, unplaced)        0.647     1.866    bd_0_i/hls_inst/inst/acc_V2_reg_200
                         FDRE                                         r  bd_0_i/hls_inst/inst/acc_V2_reg_200_reg[13]/R
  -------------------------------------------------------------------    -------------------

                         (clock ap_clk rise edge)     4.000     4.000 r  
                                                      0.000     4.000 r  ap_clk (IN)
                         net (fo=118, unset)          0.510     4.510    bd_0_i/hls_inst/inst/ap_clk
                         FDRE                                         r  bd_0_i/hls_inst/inst/acc_V2_reg_200_reg[13]/C
                         clock pessimism              0.000     4.510    
                         clock uncertainty           -0.035     4.475    
                         FDRE (Setup_fdre_C_R)       -0.302     4.173    bd_0_i/hls_inst/inst/acc_V2_reg_200_reg[13]
  -------------------------------------------------------------------
                         required time                          4.173    
                         arrival time                          -1.866    
  -------------------------------------------------------------------
                         slack                                  2.307    

Slack (MET) :             2.307ns  (required time - arrival time)
  Source:                 bd_0_i/hls_inst/inst/ap_enable_reg_pp0_iter8_reg/C
                            (rising edge-triggered cell FDRE clocked by ap_clk  {rise@0.000ns fall@2.000ns period=4.000ns})
  Destination:            bd_0_i/hls_inst/inst/acc_V2_reg_200_reg[14]/R
                            (rising edge-triggered cell FDRE clocked by ap_clk  {rise@0.000ns fall@2.000ns period=4.000ns})
  Path Group:             ap_clk
  Path Type:              Setup (Max at Slow Process Corner)
  Requirement:            4.000ns  (ap_clk rise@4.000ns - ap_clk rise@0.000ns)
  Data Path Delay:        1.329ns  (logic 0.356ns (26.787%)  route 0.973ns (73.213%))
  Logic Levels:           1  (LUT2=1)
  Clock Path Skew:        -0.027ns (DCD - SCD + CPR)
    Destination Clock Delay (DCD):    0.510ns = ( 4.510 - 4.000 ) 
    Source Clock Delay      (SCD):    0.537ns
    Clock Pessimism Removal (CPR):    0.000ns
  Clock Uncertainty:      0.035ns  ((TSJ^2 + TIJ^2)^1/2 + DJ) / 2 + PE
    Total System Jitter     (TSJ):    0.071ns
    Total Input Jitter      (TIJ):    0.000ns
    Discrete Jitter          (DJ):    0.000ns
    Phase Error              (PE):    0.000ns

    Location             Delay type                Incr(ns)  Path(ns)    Netlist Resource(s)
  -------------------------------------------------------------------    -------------------
                         (clock ap_clk rise edge)     0.000     0.000 r  
                                                      0.000     0.000 r  ap_clk (IN)
                         net (fo=118, unset)          0.537     0.537    bd_0_i/hls_inst/inst/ap_clk
                         FDRE                                         r  bd_0_i/hls_inst/inst/ap_enable_reg_pp0_iter8_reg/C
  -------------------------------------------------------------------    -------------------
                         FDRE (Prop_fdre_C_Q)         0.233     0.770 r  bd_0_i/hls_inst/inst/ap_enable_reg_pp0_iter8_reg/Q
                         net (fo=19, unplaced)        0.326     1.096    bd_0_i/hls_inst/inst/ap_enable_reg_pp0_iter8
                         LUT2 (Prop_lut2_I0_O)        0.123     1.219 r  bd_0_i/hls_inst/inst/acc_V2_reg_200[0]_i_1/O
                         net (fo=16, unplaced)        0.647     1.866    bd_0_i/hls_inst/inst/acc_V2_reg_200
                         FDRE                                         r  bd_0_i/hls_inst/inst/acc_V2_reg_200_reg[14]/R
  -------------------------------------------------------------------    -------------------

                         (clock ap_clk rise edge)     4.000     4.000 r  
                                                      0.000     4.000 r  ap_clk (IN)
                         net (fo=118, unset)          0.510     4.510    bd_0_i/hls_inst/inst/ap_clk
                         FDRE                                         r  bd_0_i/hls_inst/inst/acc_V2_reg_200_reg[14]/C
                         clock pessimism              0.000     4.510    
                         clock uncertainty           -0.035     4.475    
                         FDRE (Setup_fdre_C_R)       -0.302     4.173    bd_0_i/hls_inst/inst/acc_V2_reg_200_reg[14]
  -------------------------------------------------------------------
                         required time                          4.173    
                         arrival time                          -1.866    
  -------------------------------------------------------------------
                         slack                                  2.307    

Slack (MET) :             2.307ns  (required time - arrival time)
  Source:                 bd_0_i/hls_inst/inst/ap_enable_reg_pp0_iter8_reg/C
                            (rising edge-triggered cell FDRE clocked by ap_clk  {rise@0.000ns fall@2.000ns period=4.000ns})
  Destination:            bd_0_i/hls_inst/inst/acc_V2_reg_200_reg[15]/R
                            (rising edge-triggered cell FDRE clocked by ap_clk  {rise@0.000ns fall@2.000ns period=4.000ns})
  Path Group:             ap_clk
  Path Type:              Setup (Max at Slow Process Corner)
  Requirement:            4.000ns  (ap_clk rise@4.000ns - ap_clk rise@0.000ns)
  Data Path Delay:        1.329ns  (logic 0.356ns (26.787%)  route 0.973ns (73.213%))
  Logic Levels:           1  (LUT2=1)
  Clock Path Skew:        -0.027ns (DCD - SCD + CPR)
    Destination Clock Delay (DCD):    0.510ns = ( 4.510 - 4.000 ) 
    Source Clock Delay      (SCD):    0.537ns
    Clock Pessimism Removal (CPR):    0.000ns
  Clock Uncertainty:      0.035ns  ((TSJ^2 + TIJ^2)^1/2 + DJ) / 2 + PE
    Total System Jitter     (TSJ):    0.071ns
    Total Input Jitter      (TIJ):    0.000ns
    Discrete Jitter          (DJ):    0.000ns
    Phase Error              (PE):    0.000ns

    Location             Delay type                Incr(ns)  Path(ns)    Netlist Resource(s)
  -------------------------------------------------------------------    -------------------
                         (clock ap_clk rise edge)     0.000     0.000 r  
                                                      0.000     0.000 r  ap_clk (IN)
                         net (fo=118, unset)          0.537     0.537    bd_0_i/hls_inst/inst/ap_clk
                         FDRE                                         r  bd_0_i/hls_inst/inst/ap_enable_reg_pp0_iter8_reg/C
  -------------------------------------------------------------------    -------------------
                         FDRE (Prop_fdre_C_Q)         0.233     0.770 r  bd_0_i/hls_inst/inst/ap_enable_reg_pp0_iter8_reg/Q
                         net (fo=19, unplaced)        0.326     1.096    bd_0_i/hls_inst/inst/ap_enable_reg_pp0_iter8
                         LUT2 (Prop_lut2_I0_O)        0.123     1.219 r  bd_0_i/hls_inst/inst/acc_V2_reg_200[0]_i_1/O
                         net (fo=16, unplaced)        0.647     1.866    bd_0_i/hls_inst/inst/acc_V2_reg_200
                         FDRE                                         r  bd_0_i/hls_inst/inst/acc_V2_reg_200_reg[15]/R
  -------------------------------------------------------------------    -------------------

                         (clock ap_clk rise edge)     4.000     4.000 r  
                                                      0.000     4.000 r  ap_clk (IN)
                         net (fo=118, unset)          0.510     4.510    bd_0_i/hls_inst/inst/ap_clk
                         FDRE                                         r  bd_0_i/hls_inst/inst/acc_V2_reg_200_reg[15]/C
                         clock pessimism              0.000     4.510    
                         clock uncertainty           -0.035     4.475    
                         FDRE (Setup_fdre_C_R)       -0.302     4.173    bd_0_i/hls_inst/inst/acc_V2_reg_200_reg[15]
  -------------------------------------------------------------------
                         required time                          4.173    
                         arrival time                          -1.866    
  -------------------------------------------------------------------
                         slack                                  2.307    

Slack (MET) :             2.307ns  (required time - arrival time)
  Source:                 bd_0_i/hls_inst/inst/ap_enable_reg_pp0_iter8_reg/C
                            (rising edge-triggered cell FDRE clocked by ap_clk  {rise@0.000ns fall@2.000ns period=4.000ns})
  Destination:            bd_0_i/hls_inst/inst/acc_V2_reg_200_reg[1]/R
                            (rising edge-triggered cell FDRE clocked by ap_clk  {rise@0.000ns fall@2.000ns period=4.000ns})
  Path Group:             ap_clk
  Path Type:              Setup (Max at Slow Process Corner)
  Requirement:            4.000ns  (ap_clk rise@4.000ns - ap_clk rise@0.000ns)
  Data Path Delay:        1.329ns  (logic 0.356ns (26.787%)  route 0.973ns (73.213%))
  Logic Levels:           1  (LUT2=1)
  Clock Path Skew:        -0.027ns (DCD - SCD + CPR)
    Destination Clock Delay (DCD):    0.510ns = ( 4.510 - 4.000 ) 
    Source Clock Delay      (SCD):    0.537ns
    Clock Pessimism Removal (CPR):    0.000ns
  Clock Uncertainty:      0.035ns  ((TSJ^2 + TIJ^2)^1/2 + DJ) / 2 + PE
    Total System Jitter     (TSJ):    0.071ns
    Total Input Jitter      (TIJ):    0.000ns
    Discrete Jitter          (DJ):    0.000ns
    Phase Error              (PE):    0.000ns

    Location             Delay type                Incr(ns)  Path(ns)    Netlist Resource(s)
  -------------------------------------------------------------------    -------------------
                         (clock ap_clk rise edge)     0.000     0.000 r  
                                                      0.000     0.000 r  ap_clk (IN)
                         net (fo=118, unset)          0.537     0.537    bd_0_i/hls_inst/inst/ap_clk
                         FDRE                                         r  bd_0_i/hls_inst/inst/ap_enable_reg_pp0_iter8_reg/C
  -------------------------------------------------------------------    -------------------
                         FDRE (Prop_fdre_C_Q)         0.233     0.770 r  bd_0_i/hls_inst/inst/ap_enable_reg_pp0_iter8_reg/Q
                         net (fo=19, unplaced)        0.326     1.096    bd_0_i/hls_inst/inst/ap_enable_reg_pp0_iter8
                         LUT2 (Prop_lut2_I0_O)        0.123     1.219 r  bd_0_i/hls_inst/inst/acc_V2_reg_200[0]_i_1/O
                         net (fo=16, unplaced)        0.647     1.866    bd_0_i/hls_inst/inst/acc_V2_reg_200
                         FDRE                                         r  bd_0_i/hls_inst/inst/acc_V2_reg_200_reg[1]/R
  -------------------------------------------------------------------    -------------------

                         (clock ap_clk rise edge)     4.000     4.000 r  
                                                      0.000     4.000 r  ap_clk (IN)
                         net (fo=118, unset)          0.510     4.510    bd_0_i/hls_inst/inst/ap_clk
                         FDRE                                         r  bd_0_i/hls_inst/inst/acc_V2_reg_200_reg[1]/C
                         clock pessimism              0.000     4.510    
                         clock uncertainty           -0.035     4.475    
                         FDRE (Setup_fdre_C_R)       -0.302     4.173    bd_0_i/hls_inst/inst/acc_V2_reg_200_reg[1]
  -------------------------------------------------------------------
                         required time                          4.173    
                         arrival time                          -1.866    
  -------------------------------------------------------------------
                         slack                                  2.307    

Slack (MET) :             2.307ns  (required time - arrival time)
  Source:                 bd_0_i/hls_inst/inst/ap_enable_reg_pp0_iter8_reg/C
                            (rising edge-triggered cell FDRE clocked by ap_clk  {rise@0.000ns fall@2.000ns period=4.000ns})
  Destination:            bd_0_i/hls_inst/inst/acc_V2_reg_200_reg[2]/R
                            (rising edge-triggered cell FDRE clocked by ap_clk  {rise@0.000ns fall@2.000ns period=4.000ns})
  Path Group:             ap_clk
  Path Type:              Setup (Max at Slow Process Corner)
  Requirement:            4.000ns  (ap_clk rise@4.000ns - ap_clk rise@0.000ns)
  Data Path Delay:        1.329ns  (logic 0.356ns (26.787%)  route 0.973ns (73.213%))
  Logic Levels:           1  (LUT2=1)
  Clock Path Skew:        -0.027ns (DCD - SCD + CPR)
    Destination Clock Delay (DCD):    0.510ns = ( 4.510 - 4.000 ) 
    Source Clock Delay      (SCD):    0.537ns
    Clock Pessimism Removal (CPR):    0.000ns
  Clock Uncertainty:      0.035ns  ((TSJ^2 + TIJ^2)^1/2 + DJ) / 2 + PE
    Total System Jitter     (TSJ):    0.071ns
    Total Input Jitter      (TIJ):    0.000ns
    Discrete Jitter          (DJ):    0.000ns
    Phase Error              (PE):    0.000ns

    Location             Delay type                Incr(ns)  Path(ns)    Netlist Resource(s)
  -------------------------------------------------------------------    -------------------
                         (clock ap_clk rise edge)     0.000     0.000 r  
                                                      0.000     0.000 r  ap_clk (IN)
                         net (fo=118, unset)          0.537     0.537    bd_0_i/hls_inst/inst/ap_clk
                         FDRE                                         r  bd_0_i/hls_inst/inst/ap_enable_reg_pp0_iter8_reg/C
  -------------------------------------------------------------------    -------------------
                         FDRE (Prop_fdre_C_Q)         0.233     0.770 r  bd_0_i/hls_inst/inst/ap_enable_reg_pp0_iter8_reg/Q
                         net (fo=19, unplaced)        0.326     1.096    bd_0_i/hls_inst/inst/ap_enable_reg_pp0_iter8
                         LUT2 (Prop_lut2_I0_O)        0.123     1.219 r  bd_0_i/hls_inst/inst/acc_V2_reg_200[0]_i_1/O
                         net (fo=16, unplaced)        0.647     1.866    bd_0_i/hls_inst/inst/acc_V2_reg_200
                         FDRE                                         r  bd_0_i/hls_inst/inst/acc_V2_reg_200_reg[2]/R
  -------------------------------------------------------------------    -------------------

                         (clock ap_clk rise edge)     4.000     4.000 r  
                                                      0.000     4.000 r  ap_clk (IN)
                         net (fo=118, unset)          0.510     4.510    bd_0_i/hls_inst/inst/ap_clk
                         FDRE                                         r  bd_0_i/hls_inst/inst/acc_V2_reg_200_reg[2]/C
                         clock pessimism              0.000     4.510    
                         clock uncertainty           -0.035     4.475    
                         FDRE (Setup_fdre_C_R)       -0.302     4.173    bd_0_i/hls_inst/inst/acc_V2_reg_200_reg[2]
  -------------------------------------------------------------------
                         required time                          4.173    
                         arrival time                          -1.866    
  -------------------------------------------------------------------
                         slack                                  2.307    

Slack (MET) :             2.307ns  (required time - arrival time)
  Source:                 bd_0_i/hls_inst/inst/ap_enable_reg_pp0_iter8_reg/C
                            (rising edge-triggered cell FDRE clocked by ap_clk  {rise@0.000ns fall@2.000ns period=4.000ns})
  Destination:            bd_0_i/hls_inst/inst/acc_V2_reg_200_reg[3]/R
                            (rising edge-triggered cell FDRE clocked by ap_clk  {rise@0.000ns fall@2.000ns period=4.000ns})
  Path Group:             ap_clk
  Path Type:              Setup (Max at Slow Process Corner)
  Requirement:            4.000ns  (ap_clk rise@4.000ns - ap_clk rise@0.000ns)
  Data Path Delay:        1.329ns  (logic 0.356ns (26.787%)  route 0.973ns (73.213%))
  Logic Levels:           1  (LUT2=1)
  Clock Path Skew:        -0.027ns (DCD - SCD + CPR)
    Destination Clock Delay (DCD):    0.510ns = ( 4.510 - 4.000 ) 
    Source Clock Delay      (SCD):    0.537ns
    Clock Pessimism Removal (CPR):    0.000ns
  Clock Uncertainty:      0.035ns  ((TSJ^2 + TIJ^2)^1/2 + DJ) / 2 + PE
    Total System Jitter     (TSJ):    0.071ns
    Total Input Jitter      (TIJ):    0.000ns
    Discrete Jitter          (DJ):    0.000ns
    Phase Error              (PE):    0.000ns

    Location             Delay type                Incr(ns)  Path(ns)    Netlist Resource(s)
  -------------------------------------------------------------------    -------------------
                         (clock ap_clk rise edge)     0.000     0.000 r  
                                                      0.000     0.000 r  ap_clk (IN)
                         net (fo=118, unset)          0.537     0.537    bd_0_i/hls_inst/inst/ap_clk
                         FDRE                                         r  bd_0_i/hls_inst/inst/ap_enable_reg_pp0_iter8_reg/C
  -------------------------------------------------------------------    -------------------
                         FDRE (Prop_fdre_C_Q)         0.233     0.770 r  bd_0_i/hls_inst/inst/ap_enable_reg_pp0_iter8_reg/Q
                         net (fo=19, unplaced)        0.326     1.096    bd_0_i/hls_inst/inst/ap_enable_reg_pp0_iter8
                         LUT2 (Prop_lut2_I0_O)        0.123     1.219 r  bd_0_i/hls_inst/inst/acc_V2_reg_200[0]_i_1/O
                         net (fo=16, unplaced)        0.647     1.866    bd_0_i/hls_inst/inst/acc_V2_reg_200
                         FDRE                                         r  bd_0_i/hls_inst/inst/acc_V2_reg_200_reg[3]/R
  -------------------------------------------------------------------    -------------------

                         (clock ap_clk rise edge)     4.000     4.000 r  
                                                      0.000     4.000 r  ap_clk (IN)
                         net (fo=118, unset)          0.510     4.510    bd_0_i/hls_inst/inst/ap_clk
                         FDRE                                         r  bd_0_i/hls_inst/inst/acc_V2_reg_200_reg[3]/C
                         clock pessimism              0.000     4.510    
                         clock uncertainty           -0.035     4.475    
                         FDRE (Setup_fdre_C_R)       -0.302     4.173    bd_0_i/hls_inst/inst/acc_V2_reg_200_reg[3]
  -------------------------------------------------------------------
                         required time                          4.173    
                         arrival time                          -1.866    
  -------------------------------------------------------------------
                         slack                                  2.307    




