Copyright 1986-2022 Xilinx, Inc. All Rights Reserved.
----------------------------------------------------------------------------------------------------------------------------------------
| Tool Version : Vivado v.2022.1 (win64) Build 3526262 Mon Apr 18 15:48:16 MDT 2022
| Date         : Fri Feb 24 13:01:36 2023
| Host         : winvdi1009 running 64-bit major release  (build 9200)
| Command      : report_utilization -hierarchical -hierarchical_depth 5 -file ./report/inner_product_utilization_hierarchical_synth.rpt
| Design       : bd_0_wrapper
| Device       : xc7k160tfbg676-2
| Speed File   : -2
| Design State : Synthesized
----------------------------------------------------------------------------------------------------------------------------------------

Utilization Design Information

Table of Contents
-----------------
1. Utilization by Hierarchy

1. Utilization by Hierarchy
---------------------------

+------------------------------------------------------------------+----------------------------------------------------------------------+------------+------------+---------+------+-----+--------+--------+------------+
|                             Instance                             |                                Module                                | Total LUTs | Logic LUTs | LUTRAMs | SRLs | FFs | RAMB36 | RAMB18 | DSP Blocks |
+------------------------------------------------------------------+----------------------------------------------------------------------+------------+------------+---------+------+-----+--------+--------+------------+
| bd_0_wrapper                                                     |                                                                (top) |         93 |         90 |       0 |    3 | 114 |      0 |      0 |          2 |
|   bd_0_i                                                         |                                                                 bd_0 |         93 |         90 |       0 |    3 | 114 |      0 |      0 |          2 |
|     hls_inst                                                     |                                                      bd_0_hls_inst_0 |         93 |         90 |       0 |    3 | 114 |      0 |      0 |          2 |
|       (hls_inst)                                                 |                                                      bd_0_hls_inst_0 |          0 |          0 |       0 |    0 |   0 |      0 |      0 |          0 |
|       inst                                                       |                                        bd_0_hls_inst_0_inner_product |         93 |         90 |       0 |    3 | 114 |      0 |      0 |          2 |
|         (inst)                                                   |                                        bd_0_hls_inst_0_inner_product |         39 |         36 |       0 |    3 | 113 |      0 |      0 |          0 |
|         flow_control_loop_pipe_U                                 |                 bd_0_hls_inst_0_inner_product_flow_control_loop_pipe |          6 |          6 |       0 |    0 |   1 |      0 |      0 |          0 |
|         mac_muladd_16s_16s_16ns_16_4_1_U6                        |         bd_0_hls_inst_0_inner_product_mac_muladd_16s_16s_16ns_16_4_1 |          0 |          0 |       0 |    0 |   0 |      0 |      0 |          1 |
|           inner_product_mac_muladd_16s_16s_16ns_16_4_1_DSP48_1_U | bd_0_hls_inst_0_inner_product_mac_muladd_16s_16s_16ns_16_4_1_DSP48_1 |          0 |          0 |       0 |    0 |   0 |      0 |      0 |          1 |
|         mul_mul_16s_16s_16_4_1_U5                                |                 bd_0_hls_inst_0_inner_product_mul_mul_16s_16s_16_4_1 |          0 |          0 |       0 |    0 |   0 |      0 |      0 |          1 |
|           inner_product_mul_mul_16s_16s_16_4_1_DSP48_0_U         |         bd_0_hls_inst_0_inner_product_mul_mul_16s_16s_16_4_1_DSP48_0 |          0 |          0 |       0 |    0 |   0 |      0 |      0 |          1 |
|         mux_21_16_1_1_U1                                         |                          bd_0_hls_inst_0_inner_product_mux_21_16_1_1 |          8 |          8 |       0 |    0 |   0 |      0 |      0 |          0 |
|         mux_21_16_1_1_U2                                         |                        bd_0_hls_inst_0_inner_product_mux_21_16_1_1_0 |          8 |          8 |       0 |    0 |   0 |      0 |      0 |          0 |
|         mux_21_16_1_1_U3                                         |                        bd_0_hls_inst_0_inner_product_mux_21_16_1_1_1 |         16 |         16 |       0 |    0 |   0 |      0 |      0 |          0 |
|         mux_21_16_1_1_U4                                         |                        bd_0_hls_inst_0_inner_product_mux_21_16_1_1_2 |         16 |         16 |       0 |    0 |   0 |      0 |      0 |          0 |
+------------------------------------------------------------------+----------------------------------------------------------------------+------------+------------+---------+------+-----+--------+--------+------------+


