

================================================================
== Vitis HLS Report for 'mmul'
================================================================
* Date:           Fri Feb 17 16:44:42 2023

* Version:        2022.1 (Build 3526262 on Mon Apr 18 15:48:16 MDT 2022)
* Project:        mmul
* Solution:       solution3 (Vivado IP Flow Target)
* Product family: kintex7
* Target device:  xc7k160t-fbg676-2


================================================================
== Performance Estimates
================================================================
+ Timing: 
    * Summary: 
    +--------+---------+----------+------------+
    |  Clock |  Target | Estimated| Uncertainty|
    +--------+---------+----------+------------+
    |ap_clk  |  4.00 ns|  2.787 ns|     1.08 ns|
    +--------+---------+----------+------------+

+ Latency: 
    * Summary: 
    +---------+---------+----------+----------+-----+-----+---------+
    |  Latency (cycles) |  Latency (absolute) |  Interval | Pipeline|
    |   min   |   max   |    min   |    max   | min | max |   Type  |
    +---------+---------+----------+----------+-----+-----+---------+
    |       81|       81|  0.324 us|  0.324 us|   82|   82|       no|
    +---------+---------+----------+----------+-----+-----+---------+

    + Detail: 
        * Instance: 
        N/A

        * Loop: 
        +----------------+---------+---------+----------+-----------+-----------+------+----------+
        |                |  Latency (cycles) | Iteration|  Initiation Interval  | Trip |          |
        |    Loop Name   |   min   |   max   |  Latency |  achieved |   target  | Count| Pipelined|
        +----------------+---------+---------+----------+-----------+-----------+------+----------+
        |- row_col_prod  |       79|       79|         9|          1|          1|    72|       yes|
        +----------------+---------+---------+----------+-----------+-----------+------+----------+



================================================================
== Utilization Estimates
================================================================
* Summary: 
+-----------------+---------+-----+--------+--------+-----+
|       Name      | BRAM_18K| DSP |   FF   |   LUT  | URAM|
+-----------------+---------+-----+--------+--------+-----+
|DSP              |        -|    1|       -|       -|    -|
|Expression       |        -|    -|       0|     164|    -|
|FIFO             |        -|    -|       -|       -|    -|
|Instance         |        -|    -|       0|      30|    -|
|Memory           |        -|    -|       -|       -|    -|
|Multiplexer      |        -|    -|       -|     117|    -|
|Register         |        -|    -|     323|      96|    -|
+-----------------+---------+-----+--------+--------+-----+
|Total            |        0|    1|     323|     407|    0|
+-----------------+---------+-----+--------+--------+-----+
|Available        |      650|  600|  202800|  101400|    0|
+-----------------+---------+-----+--------+--------+-----+
|Utilization (%)  |        0|   ~0|      ~0|      ~0|    0|
+-----------------+---------+-----+--------+--------+-----+

+ Detail: 
    * Instance: 
    +------------------+---------------+---------+----+---+----+-----+
    |     Instance     |     Module    | BRAM_18K| DSP| FF| LUT| URAM|
    +------------------+---------------+---------+----+---+----+-----+
    |mux_32_16_1_1_U1  |mux_32_16_1_1  |        0|   0|  0|  13|    0|
    |mux_43_16_1_1_U2  |mux_43_16_1_1  |        0|   0|  0|  17|    0|
    +------------------+---------------+---------+----+---+----+-----+
    |Total             |               |        0|   0|  0|  30|    0|
    +------------------+---------------+---------+----+---+----+-----+

    * DSP: 
    +-----------------------------------+--------------------------------+--------------+
    |              Instance             |             Module             |  Expression  |
    +-----------------------------------+--------------------------------+--------------+
    |mac_muladd_16s_16s_16ns_16_4_1_U3  |mac_muladd_16s_16s_16ns_16_4_1  |  i0 * i1 + i2|
    +-----------------------------------+--------------------------------+--------------+

    * Memory: 
    N/A

    * FIFO: 
    N/A

    * Expression: 
    +-------------------------+----------+----+---+----+------------+------------+
    |      Variable Name      | Operation| DSP| FF| LUT| Bitwidth P0| Bitwidth P1|
    +-------------------------+----------+----+---+----+------------+------------+
    |add_ln10_1_fu_274_p2     |         +|   0|  0|  14|           6|           1|
    |add_ln10_fu_344_p2       |         +|   0|  0|  11|           3|           1|
    |add_ln12_fu_383_p2       |         +|   0|  0|  11|           3|           1|
    |add_ln16_fu_433_p2       |         +|   0|  0|   7|           5|           5|
    |add_ln8_1_fu_256_p2      |         +|   0|  0|  14|           7|           1|
    |add_ln8_fu_307_p2        |         +|   0|  0|  10|           2|           1|
    |sub_ln16_fu_417_p2       |         -|   0|  0|   7|           5|           5|
    |and_ln8_fu_338_p2        |       and|   0|  0|   2|           1|           1|
    |ap_condition_240         |       and|   0|  0|   2|           1|           1|
    |ap_condition_242         |       and|   0|  0|   2|           1|           1|
    |icmp_ln10_fu_265_p2      |      icmp|   0|  0|  10|           6|           5|
    |icmp_ln12_fu_332_p2      |      icmp|   0|  0|   9|           3|           4|
    |icmp_ln14_fu_371_p2      |      icmp|   0|  0|   8|           3|           1|
    |icmp_ln16_fu_377_p2      |      icmp|   0|  0|   8|           3|           2|
    |icmp_ln8_fu_250_p2       |      icmp|   0|  0|  10|           7|           7|
    |or_ln10_fu_350_p2        |        or|   0|  0|   2|           1|           1|
    |grp_fu_491_p2            |    select|   0|  0|  16|           1|           1|
    |select_ln10_1_fu_363_p3  |    select|   0|  0|   3|           1|           3|
    |select_ln10_2_fu_280_p3  |    select|   0|  0|   6|           1|           1|
    |select_ln10_fu_355_p3    |    select|   0|  0|   3|           1|           1|
    |select_ln8_1_fu_320_p3   |    select|   0|  0|   2|           1|           2|
    |select_ln8_fu_313_p3     |    select|   0|  0|   3|           1|           1|
    |ap_enable_pp0            |       xor|   0|  0|   2|           1|           2|
    |xor_ln8_fu_327_p2        |       xor|   0|  0|   2|           1|           2|
    +-------------------------+----------+----+---+----+------------+------------+
    |Total                    |          |   0|  0| 164|          65|          51|
    +-------------------------+----------+----+---+----+------------+------------+

    * Multiplexer: 
    +----------------------------------------+----+-----------+-----+-----------+
    |                  Name                  | LUT| Input Size| Bits| Total Bits|
    +----------------------------------------+----+-----------+-----+-----------+
    |acc_V_1_fu_90                           |   9|          2|   16|         32|
    |ap_done_int                             |   9|          2|    1|          2|
    |ap_enable_reg_pp0_iter1                 |   9|          2|    1|          2|
    |ap_sig_allocacmp_acc_V_1_load           |   9|          2|   16|         32|
    |ap_sig_allocacmp_indvar_flatten36_load  |   9|          2|    7|         14|
    |ap_sig_allocacmp_indvar_flatten_load    |   9|          2|    6|         12|
    |ap_sig_allocacmp_indvar_flatten_load_1  |   9|          2|    6|         12|
    |ap_sig_allocacmp_k_load                 |   9|          2|    3|          6|
    |i_fu_106                                |   9|          2|    2|          4|
    |indvar_flatten36_fu_110                 |   9|          2|    7|         14|
    |indvar_flatten_fu_102                   |   9|          2|    6|         12|
    |j_fu_98                                 |   9|          2|    3|          6|
    |k_fu_94                                 |   9|          2|    3|          6|
    +----------------------------------------+----+-----------+-----+-----------+
    |Total                                   | 117|         26|   77|        154|
    +----------------------------------------+----+-----------+-----+-----------+

    * Register: 
    +------------------------------------+----+----+-----+-----------+
    |                Name                | FF | LUT| Bits| Const Bits|
    +------------------------------------+----+----+-----+-----------+
    |acc_V_1_fu_90                       |  16|   0|   16|          0|
    |acc_V_reg_646                       |  16|   0|   16|          0|
    |add_ln12_reg_581                    |   3|   0|    3|          0|
    |add_ln16_reg_586                    |   5|   0|    5|          0|
    |ap_CS_fsm                           |   1|   0|    1|          0|
    |ap_done_reg                         |   1|   0|    1|          0|
    |ap_enable_reg_pp0_iter1             |   1|   0|    1|          0|
    |ap_enable_reg_pp0_iter2             |   1|   0|    1|          0|
    |ap_enable_reg_pp0_iter3             |   1|   0|    1|          0|
    |ap_enable_reg_pp0_iter4             |   1|   0|    1|          0|
    |ap_enable_reg_pp0_iter5             |   1|   0|    1|          0|
    |ap_enable_reg_pp0_iter6             |   1|   0|    1|          0|
    |ap_enable_reg_pp0_iter7             |   1|   0|    1|          0|
    |ap_enable_reg_pp0_iter8             |   1|   0|    1|          0|
    |ap_loop_exit_ready_pp0_iter1_reg    |   1|   0|    1|          0|
    |ap_loop_exit_ready_pp0_iter2_reg    |   1|   0|    1|          0|
    |ap_loop_exit_ready_pp0_iter3_reg    |   1|   0|    1|          0|
    |ap_loop_exit_ready_pp0_iter4_reg    |   1|   0|    1|          0|
    |ap_loop_exit_ready_pp0_iter5_reg    |   1|   0|    1|          0|
    |ap_loop_exit_ready_pp0_iter6_reg    |   1|   0|    1|          0|
    |ap_loop_exit_ready_pp0_iter7_reg    |   1|   0|    1|          0|
    |c_addr_reg_641                      |   5|   0|    5|          0|
    |i_fu_106                            |   2|   0|    2|          0|
    |icmp_ln10_reg_545                   |   1|   0|    1|          0|
    |icmp_ln14_reg_572                   |   1|   0|    1|          0|
    |icmp_ln16_reg_577                   |   1|   0|    1|          0|
    |indvar_flatten36_fu_110             |   7|   0|    7|          0|
    |indvar_flatten_fu_102               |   6|   0|    6|          0|
    |j_fu_98                             |   3|   0|    3|          0|
    |k_fu_94                             |   3|   0|    3|          0|
    |select_ln10_1_reg_566               |   3|   0|    3|          0|
    |select_ln10_reg_560                 |   3|   0|    3|          0|
    |select_ln10_reg_560_pp0_iter2_reg   |   3|   0|    3|          0|
    |select_ln8_1_reg_553                |   2|   0|    2|          0|
    |select_ln8_1_reg_553_pp0_iter2_reg  |   2|   0|    2|          0|
    |tmp_1_reg_631                       |  16|   0|   16|          0|
    |tmp_reg_626                         |  16|   0|   16|          0|
    |add_ln16_reg_586                    |  64|  32|    5|          0|
    |icmp_ln14_reg_572                   |  64|  32|    1|          0|
    |icmp_ln16_reg_577                   |  64|  32|    1|          0|
    +------------------------------------+----+----+-----+-----------+
    |Total                               | 323|  96|  138|          0|
    +------------------------------------+----+----+-----+-----------+



================================================================
== Interface
================================================================
* Summary: 
+--------------+-----+-----+------------+--------------+--------------+
|   RTL Ports  | Dir | Bits|  Protocol  | Source Object|    C Type    |
+--------------+-----+-----+------------+--------------+--------------+
|ap_clk        |   in|    1|  ap_ctrl_hs|          mmul|  return value|
|ap_rst        |   in|    1|  ap_ctrl_hs|          mmul|  return value|
|ap_start      |   in|    1|  ap_ctrl_hs|          mmul|  return value|
|ap_done       |  out|    1|  ap_ctrl_hs|          mmul|  return value|
|ap_idle       |  out|    1|  ap_ctrl_hs|          mmul|  return value|
|ap_ready      |  out|    1|  ap_ctrl_hs|          mmul|  return value|
|a_0_address0  |  out|    2|   ap_memory|           a_0|         array|
|a_0_ce0       |  out|    1|   ap_memory|           a_0|         array|
|a_0_q0        |   in|   16|   ap_memory|           a_0|         array|
|a_1_address0  |  out|    2|   ap_memory|           a_1|         array|
|a_1_ce0       |  out|    1|   ap_memory|           a_1|         array|
|a_1_q0        |   in|   16|   ap_memory|           a_1|         array|
|a_2_address0  |  out|    2|   ap_memory|           a_2|         array|
|a_2_ce0       |  out|    1|   ap_memory|           a_2|         array|
|a_2_q0        |   in|   16|   ap_memory|           a_2|         array|
|a_3_address0  |  out|    2|   ap_memory|           a_3|         array|
|a_3_ce0       |  out|    1|   ap_memory|           a_3|         array|
|a_3_we0       |  out|    1|   ap_memory|           a_3|         array|
|a_3_d0        |  out|   16|   ap_memory|           a_3|         array|
|a_3_q0        |   in|   16|   ap_memory|           a_3|         array|
|a_3_address1  |  out|    2|   ap_memory|           a_3|         array|
|a_3_ce1       |  out|    1|   ap_memory|           a_3|         array|
|a_3_we1       |  out|    1|   ap_memory|           a_3|         array|
|a_3_d1        |  out|   16|   ap_memory|           a_3|         array|
|a_3_q1        |   in|   16|   ap_memory|           a_3|         array|
|b_0_address0  |  out|    3|   ap_memory|           b_0|         array|
|b_0_ce0       |  out|    1|   ap_memory|           b_0|         array|
|b_0_q0        |   in|   16|   ap_memory|           b_0|         array|
|b_1_address0  |  out|    3|   ap_memory|           b_1|         array|
|b_1_ce0       |  out|    1|   ap_memory|           b_1|         array|
|b_1_q0        |   in|   16|   ap_memory|           b_1|         array|
|b_2_address0  |  out|    3|   ap_memory|           b_2|         array|
|b_2_ce0       |  out|    1|   ap_memory|           b_2|         array|
|b_2_q0        |   in|   16|   ap_memory|           b_2|         array|
|b_3_address0  |  out|    3|   ap_memory|           b_3|         array|
|b_3_ce0       |  out|    1|   ap_memory|           b_3|         array|
|b_3_q0        |   in|   16|   ap_memory|           b_3|         array|
|c_address0    |  out|    5|   ap_memory|             c|         array|
|c_ce0         |  out|    1|   ap_memory|             c|         array|
|c_we0         |  out|    1|   ap_memory|             c|         array|
|c_d0          |  out|   16|   ap_memory|             c|         array|
+--------------+-----+-----+------------+--------------+--------------+

