

================================================================
== Vitis HLS Report for 'inner_product'
================================================================
* Date:           Fri Feb 10 12:56:43 2023

* Version:        2022.1 (Build 3526262 on Mon Apr 18 15:48:16 MDT 2022)
* Project:        InnerProduct
* Solution:       solution1 (Vivado IP Flow Target)
* Product family: kintex7
* Target device:  xc7k160t-fbg676-2


================================================================
== Performance Estimates
================================================================
+ Timing: 
    * Summary: 
    +--------+---------+----------+------------+
    |  Clock |  Target | Estimated| Uncertainty|
    +--------+---------+----------+------------+
    |ap_clk  |  4.00 ns|  2.323 ns|     1.08 ns|
    +--------+---------+----------+------------+

+ Latency: 
    * Summary: 
    +---------+---------+----------+----------+-----+-----+---------+
    |  Latency (cycles) |  Latency (absolute) |  Interval | Pipeline|
    |   min   |   max   |    min   |    max   | min | max |   Type  |
    +---------+---------+----------+----------+-----+-----+---------+
    |       41|       41|  0.164 us|  0.164 us|   42|   42|       no|
    +---------+---------+----------+----------+-----+-----+---------+

    + Detail: 
        * Instance: 
        N/A

        * Loop: 
        +----------------------+---------+---------+----------+-----------+-----------+------+----------+
        |                      |  Latency (cycles) | Iteration|  Initiation Interval  | Trip |          |
        |       Loop Name      |   min   |   max   |  Latency |  achieved |   target  | Count| Pipelined|
        +----------------------+---------+---------+----------+-----------+-----------+------+----------+
        |- inner_product_loop  |       40|       40|         5|          -|          -|     8|        no|
        +----------------------+---------+---------+----------+-----------+-----------+------+----------+



================================================================
== Utilization Estimates
================================================================
* Summary: 
+-----------------+---------+-----+--------+--------+-----+
|       Name      | BRAM_18K| DSP |   FF   |   LUT  | URAM|
+-----------------+---------+-----+--------+--------+-----+
|DSP              |        -|    1|       -|       -|    -|
|Expression       |        -|    -|       0|      22|    -|
|FIFO             |        -|    -|       -|       -|    -|
|Instance         |        -|    -|       -|       -|    -|
|Memory           |        -|    -|       -|       -|    -|
|Multiplexer      |        -|    -|       -|      47|    -|
|Register         |        -|    -|      26|       -|    -|
+-----------------+---------+-----+--------+--------+-----+
|Total            |        0|    1|      26|      69|    0|
+-----------------+---------+-----+--------+--------+-----+
|Available        |      650|  600|  202800|  101400|    0|
+-----------------+---------+-----+--------+--------+-----+
|Utilization (%)  |        0|   ~0|      ~0|      ~0|    0|
+-----------------+---------+-----+--------+--------+-----+

+ Detail: 
    * Instance: 
    N/A

    * DSP: 
    +-----------------------------------+--------------------------------+--------------+
    |              Instance             |             Module             |  Expression  |
    +-----------------------------------+--------------------------------+--------------+
    |mac_muladd_16s_16s_16ns_16_4_1_U1  |mac_muladd_16s_16s_16ns_16_4_1  |  i0 * i1 + i2|
    +-----------------------------------+--------------------------------+--------------+

    * Memory: 
    N/A

    * FIFO: 
    N/A

    * Expression: 
    +---------------------+----------+----+---+----+------------+------------+
    |    Variable Name    | Operation| DSP| FF| LUT| Bitwidth P0| Bitwidth P1|
    +---------------------+----------+----+---+----+------------+------------+
    |add_ln10_fu_116_p2   |         +|   0|  0|  13|           4|           1|
    |icmp_ln10_fu_110_p2  |      icmp|   0|  0|   9|           4|           5|
    +---------------------+----------+----+---+----+------------+------------+
    |Total                |          |   0|  0|  22|           8|           6|
    +---------------------+----------+----+---+----+------------+------------+

    * Multiplexer: 
    +-------------+----+-----------+-----+-----------+
    |     Name    | LUT| Input Size| Bits| Total Bits|
    +-------------+----+-----------+-----+-----------+
    |acc_V_fu_46  |   9|          2|   16|         32|
    |ap_NS_fsm    |  29|          7|    1|          7|
    |i_fu_50      |   9|          2|    4|          8|
    +-------------+----+-----------+-----+-----------+
    |Total        |  47|         11|   21|         47|
    +-------------+----+-----------+-----+-----------+

    * Register: 
    +-------------+----+----+-----+-----------+
    |     Name    | FF | LUT| Bits| Const Bits|
    +-------------+----+----+-----+-----------+
    |acc_V_fu_46  |  16|   0|   16|          0|
    |ap_CS_fsm    |   6|   0|    6|          0|
    |i_fu_50      |   4|   0|    4|          0|
    +-------------+----+----+-----+-----------+
    |Total        |  26|   0|   26|          0|
    +-------------+----+----+-----+-----------+



================================================================
== Interface
================================================================
* Summary: 
+------------+-----+-----+------------+---------------+--------------+
|  RTL Ports | Dir | Bits|  Protocol  | Source Object |    C Type    |
+------------+-----+-----+------------+---------------+--------------+
|ap_clk      |   in|    1|  ap_ctrl_hs|  inner_product|  return value|
|ap_rst      |   in|    1|  ap_ctrl_hs|  inner_product|  return value|
|ap_start    |   in|    1|  ap_ctrl_hs|  inner_product|  return value|
|ap_done     |  out|    1|  ap_ctrl_hs|  inner_product|  return value|
|ap_idle     |  out|    1|  ap_ctrl_hs|  inner_product|  return value|
|ap_ready    |  out|    1|  ap_ctrl_hs|  inner_product|  return value|
|a_address0  |  out|    3|   ap_memory|              a|         array|
|a_ce0       |  out|    1|   ap_memory|              a|         array|
|a_q0        |   in|   16|   ap_memory|              a|         array|
|b_address0  |  out|    3|   ap_memory|              b|         array|
|b_ce0       |  out|    1|   ap_memory|              b|         array|
|b_q0        |   in|   16|   ap_memory|              b|         array|
|s           |  out|   16|      ap_vld|              s|       pointer|
|s_ap_vld    |  out|    1|      ap_vld|              s|       pointer|
+------------+-----+-----+------------+---------------+--------------+

