

================================================================
== Vitis HLS Report for 'inner_product'
================================================================
* Date:           Fri Feb 24 12:56:36 2023

* Version:        2022.1 (Build 3526262 on Mon Apr 18 15:48:16 MDT 2022)
* Project:        InnerProduct
* Solution:       solution3 (Vivado IP Flow Target)
* Product family: kintex7
* Target device:  xc7k160t-fbg676-2


================================================================
== Performance Estimates
================================================================
+ Timing: 
    * Summary: 
    +--------+---------+----------+------------+
    |  Clock |  Target | Estimated| Uncertainty|
    +--------+---------+----------+------------+
    |ap_clk  |  4.00 ns|  2.047 ns|     1.08 ns|
    +--------+---------+----------+------------+

+ Latency: 
    * Summary: 
    +---------+---------+-----------+-----------+-----+-----+---------+
    |  Latency (cycles) |   Latency (absolute)  |  Interval | Pipeline|
    |   min   |   max   |    min    |    max    | min | max |   Type  |
    +---------+---------+-----------+-----------+-----+-----+---------+
    |        7|        7|  28.000 ns|  28.000 ns|    1|    1|      yes|
    +---------+---------+-----------+-----------+-----+-----+---------+

    + Detail: 
        * Instance: 
        N/A

        * Loop: 
        N/A



================================================================
== Utilization Estimates
================================================================
* Summary: 
+-----------------+---------+-----+--------+--------+-----+
|       Name      | BRAM_18K| DSP |   FF   |   LUT  | URAM|
+-----------------+---------+-----+--------+--------+-----+
|DSP              |        -|    8|       -|       -|    -|
|Expression       |        -|    -|       0|      57|    -|
|FIFO             |        -|    -|       -|       -|    -|
|Instance         |        -|    -|       -|       -|    -|
|Memory           |        -|    -|       -|       -|    -|
|Multiplexer      |        -|    -|       -|       -|    -|
|Register         |        -|    -|     440|       -|    -|
+-----------------+---------+-----+--------+--------+-----+
|Total            |        0|    8|     440|      57|    0|
+-----------------+---------+-----+--------+--------+-----+
|Available        |      650|  600|  202800|  101400|    0|
+-----------------+---------+-----+--------+--------+-----+
|Utilization (%)  |        0|    1|      ~0|      ~0|    0|
+-----------------+---------+-----+--------+--------+-----+

+ Detail: 
    * Instance: 
    N/A

    * DSP: 
    +-----------------------------------+--------------------------------+--------------+
    |              Instance             |             Module             |  Expression  |
    +-----------------------------------+--------------------------------+--------------+
    |mac_muladd_16s_16s_16ns_16_4_1_U5  |mac_muladd_16s_16s_16ns_16_4_1  |  i0 + i1 * i2|
    |mac_muladd_16s_16s_16ns_16_4_1_U6  |mac_muladd_16s_16s_16ns_16_4_1  |  i0 + i1 * i2|
    |mac_muladd_16s_16s_16ns_16_4_1_U7  |mac_muladd_16s_16s_16ns_16_4_1  |  i0 + i1 * i2|
    |mac_muladd_16s_16s_16ns_16_4_1_U8  |mac_muladd_16s_16s_16ns_16_4_1  |  i0 + i1 * i2|
    |mul_mul_16s_16s_16_4_1_U1          |mul_mul_16s_16s_16_4_1          |       i0 * i1|
    |mul_mul_16s_16s_16_4_1_U2          |mul_mul_16s_16s_16_4_1          |       i0 * i1|
    |mul_mul_16s_16s_16_4_1_U3          |mul_mul_16s_16s_16_4_1          |       i0 * i1|
    |mul_mul_16s_16s_16_4_1_U4          |mul_mul_16s_16s_16_4_1          |       i0 * i1|
    +-----------------------------------+--------------------------------+--------------+

    * Memory: 
    N/A

    * FIFO: 
    N/A

    * Expression: 
    +-----------------------+----------+----+---+----+------------+------------+
    |     Variable Name     | Operation| DSP| FF| LUT| Bitwidth P0| Bitwidth P1|
    +-----------------------+----------+----+---+----+------------+------------+
    |add_ln859_2_fu_163_p2  |         +|   0|  0|  16|          16|          16|
    |add_ln859_5_fu_159_p2  |         +|   0|  0|  23|          16|          16|
    |s                      |         +|   0|  0|  16|          16|          16|
    |ap_enable_pp0          |       xor|   0|  0|   2|           1|           2|
    +-----------------------+----------+----+---+----+------------+------------+
    |Total                  |          |   0|  0|  57|          49|          50|
    +-----------------------+----------+----+---+----+------------+------------+

    * Multiplexer: 
    N/A

    * Register: 
    +-----------------------------------+----+----+-----+-----------+
    |                Name               | FF | LUT| Bits| Const Bits|
    +-----------------------------------+----+----+-----+-----------+
    |a_0_read_reg_217                   |  16|   0|   16|          0|
    |a_0_read_reg_217_pp0_iter1_reg     |  16|   0|   16|          0|
    |a_3_read_reg_247                   |  16|   0|   16|          0|
    |a_3_read_reg_247_pp0_iter1_reg     |  16|   0|   16|          0|
    |a_5_read_reg_267                   |  16|   0|   16|          0|
    |a_5_read_reg_267_pp0_iter1_reg     |  16|   0|   16|          0|
    |a_7_read_reg_287                   |  16|   0|   16|          0|
    |a_7_read_reg_287_pp0_iter1_reg     |  16|   0|   16|          0|
    |add_ln859_1_reg_322                |  16|   0|   16|          0|
    |add_ln859_1_reg_322_pp0_iter6_reg  |  16|   0|   16|          0|
    |add_ln859_3_reg_327                |  16|   0|   16|          0|
    |add_ln859_4_reg_332                |  16|   0|   16|          0|
    |add_ln859_5_reg_337                |  16|   0|   16|          0|
    |add_ln859_reg_317                  |  16|   0|   16|          0|
    |add_ln859_reg_317_pp0_iter6_reg    |  16|   0|   16|          0|
    |ap_CS_fsm                          |   1|   0|    1|          0|
    |ap_enable_reg_pp0_iter1            |   1|   0|    1|          0|
    |ap_enable_reg_pp0_iter2            |   1|   0|    1|          0|
    |ap_enable_reg_pp0_iter3            |   1|   0|    1|          0|
    |ap_enable_reg_pp0_iter4            |   1|   0|    1|          0|
    |ap_enable_reg_pp0_iter5            |   1|   0|    1|          0|
    |ap_enable_reg_pp0_iter6            |   1|   0|    1|          0|
    |ap_enable_reg_pp0_iter7            |   1|   0|    1|          0|
    |b_0_read_reg_222                   |  16|   0|   16|          0|
    |b_0_read_reg_222_pp0_iter1_reg     |  16|   0|   16|          0|
    |b_3_read_reg_252                   |  16|   0|   16|          0|
    |b_3_read_reg_252_pp0_iter1_reg     |  16|   0|   16|          0|
    |b_5_read_reg_272                   |  16|   0|   16|          0|
    |b_5_read_reg_272_pp0_iter1_reg     |  16|   0|   16|          0|
    |b_7_read_reg_292                   |  16|   0|   16|          0|
    |b_7_read_reg_292_pp0_iter1_reg     |  16|   0|   16|          0|
    |mul_ln859_1_reg_302                |  16|   0|   16|          0|
    |mul_ln859_3_reg_307                |  16|   0|   16|          0|
    |mul_ln859_5_reg_312                |  16|   0|   16|          0|
    |mul_ln859_reg_297                  |  16|   0|   16|          0|
    +-----------------------------------+----+----+-----+-----------+
    |Total                              | 440|   0|  440|          0|
    +-----------------------------------+----+----+-----+-----------+



================================================================
== Interface
================================================================
* Summary: 
+----------+-----+-----+------------+---------------+--------------+
| RTL Ports| Dir | Bits|  Protocol  | Source Object |    C Type    |
+----------+-----+-----+------------+---------------+--------------+
|ap_clk    |   in|    1|  ap_ctrl_hs|  inner_product|  return value|
|ap_rst    |   in|    1|  ap_ctrl_hs|  inner_product|  return value|
|ap_start  |   in|    1|  ap_ctrl_hs|  inner_product|  return value|
|ap_done   |  out|    1|  ap_ctrl_hs|  inner_product|  return value|
|ap_idle   |  out|    1|  ap_ctrl_hs|  inner_product|  return value|
|ap_ready  |  out|    1|  ap_ctrl_hs|  inner_product|  return value|
|a_0       |   in|   16|     ap_none|            a_0|       pointer|
|a_1       |   in|   16|     ap_none|            a_1|       pointer|
|a_2       |   in|   16|     ap_none|            a_2|       pointer|
|a_3       |   in|   16|     ap_none|            a_3|       pointer|
|a_4       |   in|   16|     ap_none|            a_4|       pointer|
|a_5       |   in|   16|     ap_none|            a_5|       pointer|
|a_6       |   in|   16|     ap_none|            a_6|       pointer|
|a_7       |   in|   16|     ap_none|            a_7|       pointer|
|b_0       |   in|   16|     ap_none|            b_0|       pointer|
|b_1       |   in|   16|     ap_none|            b_1|       pointer|
|b_2       |   in|   16|     ap_none|            b_2|       pointer|
|b_3       |   in|   16|     ap_none|            b_3|       pointer|
|b_4       |   in|   16|     ap_none|            b_4|       pointer|
|b_5       |   in|   16|     ap_none|            b_5|       pointer|
|b_6       |   in|   16|     ap_none|            b_6|       pointer|
|b_7       |   in|   16|     ap_none|            b_7|       pointer|
|s         |  out|   16|      ap_vld|              s|       pointer|
|s_ap_vld  |  out|    1|      ap_vld|              s|       pointer|
+----------+-----+-----+------------+---------------+--------------+

