==============================================================
Vitis HLS - High-Level Synthesis from C, C++ and OpenCL v2022.1 (64-bit)
Tool Version Limit: 2022.04
Copyright 1986-2022 Xilinx, Inc. All Rights Reserved.
==============================================================
INFO: [SYN 201-201] Setting up clock 'default' with a period of 4ns.
INFO: [HLS 200-1611] Setting target device to 'xcvu9p-flga2104-2-i'
INFO: [HLS 200-1505] Using flow_target 'vivado'
INFO: [HLS 200-1464] Running solution command: config_compile -complex-mul-dsp=0
INFO: [HLS 200-1464] Running solution command: config_compile -pipeline_loops=0
INFO: [HLS 200-1510] Running: set_part xcvu9p-flga2104-2-i 
INFO: [HLS 200-1510] Running: create_clock -period 4 -name default 
INFO: [HLS 200-1510] Running: config_compile -pipeline_loops 0 
INFO: [HLS 200-1510] Running: source ./proj_loop_perfect/solution4/directives.tcl
INFO: [HLS 200-1510] Running: set_directive_top -name loop_perfect loop_perfect 
INFO: [HLS 200-1510] Running: set_directive_array_partition -type block -factor 2 -dim 1 loop_perfect A 
INFO: [HLS 200-1510] Running: set_directive_array_partition -type block -factor 2 -dim 1 loop_perfect B 
INFO: [HLS 200-1510] Running: set_directive_pipeline loop_perfect/LOOP_J 
INFO: [HLS 200-1510] Running: csynth_design 
INFO: [HLS 200-111] Finished File checks and directory preparation: CPU user time: 0 seconds. CPU system time: 1 seconds. Elapsed time: 0.873 seconds; current allocated memory: 1.214 GB.
INFO: [HLS 200-10] Analyzing design file 'loop_perfect.cpp' ... 
INFO: [HLS 200-111] Finished Source Code Analysis and Preprocessing: CPU user time: 0 seconds. CPU system time: 0 seconds. Elapsed time: 6.486 seconds; current allocated memory: 1.214 GB.
INFO: [HLS 200-777] Using interface defaults for 'Vivado' flow target.
INFO: [HLS 214-131] Inlining function '_ZN8ssdm_intILi12ELb1EEC2EDq12_i' into 'ap_int_base<12, true>::ap_int_base(int)' (C:/Apps/Xilinx/Vitis_HLS/2022.1/common/technology/autopilot\ap_int_base.h:260:67)
INFO: [HLS 214-131] Inlining function 'ap_int_base<12, true>::ap_int_base(int)' into 'ap_int<12>::ap_int(int)' (C:/Apps/Xilinx/Vitis_HLS/2022.1/common/technology/autopilot\ap_int.h:179:57)
INFO: [HLS 214-131] Inlining function 'ssdm_int<32, true>::ssdm_int(int)' into 'ap_int_base<32, true>::ap_int_base(int)' (C:/Apps/Xilinx/Vitis_HLS/2022.1/common/technology/autopilot\ap_int_base.h:260:67)
INFO: [HLS 214-131] Inlining function '_ZN8ssdm_intILi37ELb1EEC2EDq37_i' into 'ap_int_base<37, true>::ap_int_base<5, true>(ap_int_base<5, true> const&)' (C:/Apps/Xilinx/Vitis_HLS/2022.1/common/technology/autopilot\ap_int_base.h:231:106)
INFO: [HLS 214-131] Inlining function '_ZN8ssdm_intILi37ELb1EEC2EDq37_i' into 'ap_int_base<37, true>::ap_int_base<32, true>(ap_int_base<32, true> const&)' (C:/Apps/Xilinx/Vitis_HLS/2022.1/common/technology/autopilot\ap_int_base.h:231:106)
INFO: [HLS 214-131] Inlining function '_ZN8ssdm_intILi37ELb1EEC2EDq37_i' into 'ap_int_base<37, true>::ap_int_base(int)' (C:/Apps/Xilinx/Vitis_HLS/2022.1/common/technology/autopilot\ap_int_base.h:260:67)
INFO: [HLS 214-131] Inlining function 'ap_int_base<37, true>::ap_int_base<5, true>(ap_int_base<5, true> const&)' into 'ap_int_base<5, true>::RType<32, true>::mult operator*<5, true, 32, true>(ap_int_base<5, true> const&, ap_int_base<32, true> const&)' (C:/Apps/Xilinx/Vitis_HLS/2022.1/common/technology/autopilot\ap_int_base.h:1540:339)
INFO: [HLS 214-131] Inlining function 'ap_int<37>::ap_int<37, true>(ap_int_base<37, true> const&)' into 'ap_int_base<5, true>::RType<32, true>::mult operator*<5, true, 32, true>(ap_int_base<5, true> const&, ap_int_base<32, true> const&)' (C:/Apps/Xilinx/Vitis_HLS/2022.1/common/technology/autopilot\ap_int_base.h:1540:554)
INFO: [HLS 214-131] Inlining function 'ap_int_base<37, true>::ap_int_base(int)' into 'ap_int_base<5, true>::RType<32, true>::mult operator*<5, true, 32, true>(ap_int_base<5, true> const&, ap_int_base<32, true> const&)' (C:/Apps/Xilinx/Vitis_HLS/2022.1/common/technology/autopilot\ap_int_base.h:1540:516)
INFO: [HLS 214-131] Inlining function 'ap_int_base<37, true>::ap_int_base<32, true>(ap_int_base<32, true> const&)' into 'ap_int_base<5, true>::RType<32, true>::mult operator*<5, true, 32, true>(ap_int_base<5, true> const&, ap_int_base<32, true> const&)' (C:/Apps/Xilinx/Vitis_HLS/2022.1/common/technology/autopilot\ap_int_base.h:1540:427)
INFO: [HLS 214-131] Inlining function 'ap_int_base<32, true>::ap_int_base(int)' into 'ap_int_base<5, true>::RType<($_0)32, true>::mult operator*<5, true>(ap_int_base<5, true> const&, int)' (C:/Apps/Xilinx/Vitis_HLS/2022.1/common/technology/autopilot\ap_int_base.h:1679:483)
INFO: [HLS 214-131] Inlining function 'ap_int_base<5, true>::RType<32, true>::mult operator*<5, true, 32, true>(ap_int_base<5, true> const&, ap_int_base<32, true> const&)' into 'ap_int_base<5, true>::RType<($_0)32, true>::mult operator*<5, true>(ap_int_base<5, true> const&, int)' (C:/Apps/Xilinx/Vitis_HLS/2022.1/common/technology/autopilot\ap_int_base.h:1679:481)
INFO: [HLS 214-131] Inlining function '_ZN8ssdm_intILi13ELb1EEC2EDq13_i' into 'ap_int_base<13, true>::ap_int_base(int)' (C:/Apps/Xilinx/Vitis_HLS/2022.1/common/technology/autopilot\ap_int_base.h:260:67)
INFO: [HLS 214-131] Inlining function 'ap_int_base<13, true>::ap_int_base(int)' into 'ap_int_base<12, true>::RType<32, true>::div operator/<12, true, 32, true>(ap_int_base<12, true> const&, ap_int_base<32, true> const&)' (C:/Apps/Xilinx/Vitis_HLS/2022.1/common/technology/autopilot\ap_int_base.h:1559:337)
INFO: [HLS 214-131] Inlining function 'ap_int<13>::ap_int<13, true>(ap_int_base<13, true> const&)' into 'ap_int_base<12, true>::RType<32, true>::div operator/<12, true, 32, true>(ap_int_base<12, true> const&, ap_int_base<32, true> const&)' (C:/Apps/Xilinx/Vitis_HLS/2022.1/common/technology/autopilot\ap_int_base.h:1559:374)
INFO: [HLS 214-131] Inlining function 'ap_int_base<32, true>::ap_int_base(int)' into 'ap_int_base<12, true>::RType<($_0)32, true>::div operator/<12, true>(ap_int_base<12, true> const&, int)' (C:/Apps/Xilinx/Vitis_HLS/2022.1/common/technology/autopilot\ap_int_base.h:1679:2052)
INFO: [HLS 214-131] Inlining function 'ap_int_base<12, true>::RType<32, true>::div operator/<12, true, 32, true>(ap_int_base<12, true> const&, ap_int_base<32, true> const&)' into 'ap_int_base<12, true>::RType<($_0)32, true>::div operator/<12, true>(ap_int_base<12, true> const&, int)' (C:/Apps/Xilinx/Vitis_HLS/2022.1/common/technology/autopilot\ap_int_base.h:1679:2050)
INFO: [HLS 214-131] Inlining function '_ZN8ssdm_intILi6ELb1EEC2EDq6_i' into 'ap_int_base<6, true>::ap_int_base<13, true>(ap_int_base<13, true> const&)' (C:/Apps/Xilinx/Vitis_HLS/2022.1/common/technology/autopilot\ap_int_base.h:231:106)
INFO: [HLS 214-131] Inlining function 'ap_int_base<6, true>::ap_int_base<13, true>(ap_int_base<13, true> const&)' into 'ap_int<6>::ap_int<13>(ap_int<13> const&)' (C:/Apps/Xilinx/Vitis_HLS/2022.1/common/technology/autopilot\ap_int.h:69:89)
INFO: [HLS 214-131] Inlining function '_ZN8ssdm_intILi6ELb1EEC2EDq6_i' into 'ap_int_base<6, true>::ap_int_base(int)' (C:/Apps/Xilinx/Vitis_HLS/2022.1/common/technology/autopilot\ap_int_base.h:260:67)
INFO: [HLS 214-131] Inlining function 'ap_int_base<6, true>::ap_int_base(int)' into 'ap_int<6>::ap_int(int)' (C:/Apps/Xilinx/Vitis_HLS/2022.1/common/technology/autopilot\ap_int.h:179:57)
INFO: [HLS 214-131] Inlining function 'ap_int<12>::ap_int(int)' into 'loop_perfect(ap_int<5>*, ap_int<6>*)' (loop_perfect.cpp:25:28)
INFO: [HLS 214-131] Inlining function 'ap_int<6>::ap_int(int)' into 'loop_perfect(ap_int<5>*, ap_int<6>*)' (loop_perfect.cpp:31:28)
INFO: [HLS 214-131] Inlining function 'ap_int<6>::ap_int<13>(ap_int<13> const&)' into 'loop_perfect(ap_int<5>*, ap_int<6>*)' (loop_perfect.cpp:29:28)
INFO: [HLS 214-131] Inlining function 'ap_int_base<12, true>::RType<($_0)32, true>::div operator/<12, true>(ap_int_base<12, true> const&, int)' into 'loop_perfect(ap_int<5>*, ap_int<6>*)' (loop_perfect.cpp:29:32)
INFO: [HLS 214-131] Inlining function 'ap_int_base<12, true>& ap_int_base<12, true>::operator+=<37, true>(ap_int_base<37, true> const&)' into 'loop_perfect(ap_int<5>*, ap_int<6>*)' (loop_perfect.cpp:26:17)
INFO: [HLS 214-131] Inlining function 'ap_int_base<5, true>::RType<($_0)32, true>::mult operator*<5, true>(ap_int_base<5, true> const&, int)' into 'loop_perfect(ap_int<5>*, ap_int<6>*)' (loop_perfect.cpp:26:25)
INFO: [HLS 214-248] Applying array_partition to 'A': Block partitioning with factor 2 on dimension 1. (loop_perfect.cpp:19:0)
INFO: [HLS 214-248] Applying array_partition to 'B': Block partitioning with factor 2 on dimension 1. (loop_perfect.cpp:19:0)
INFO: [HLS 214-241] Aggregating bram variable 'B_1' with compact=bit mode in 6-bits (loop_perfect.cpp:19:0)
INFO: [HLS 214-241] Aggregating bram variable 'B_0' with compact=bit mode in 6-bits (loop_perfect.cpp:19:0)
INFO: [HLS 214-241] Aggregating bram variable 'A_1' with compact=bit mode in 5-bits (loop_perfect.cpp:19:0)
INFO: [HLS 214-241] Aggregating bram variable 'A_0' with compact=bit mode in 5-bits (loop_perfect.cpp:19:0)
INFO: [HLS 200-111] Finished Compiling Optimization and Transform: CPU user time: 0 seconds. CPU system time: 0 seconds. Elapsed time: 7.815 seconds; current allocated memory: 1.214 GB.
INFO: [HLS 200-111] Finished Checking Pragmas: CPU user time: 0 seconds. CPU system time: 0 seconds. Elapsed time: 0.075 seconds; current allocated memory: 1.214 GB.
INFO: [HLS 200-10] Starting code transformations ...
INFO: [HLS 200-111] Finished Standard Transforms: CPU user time: 0 seconds. CPU system time: 0 seconds. Elapsed time: 0.2 seconds; current allocated memory: 1.214 GB.
INFO: [HLS 200-10] Checking synthesizability ...
INFO: [HLS 200-111] Finished Checking Synthesizability: CPU user time: 0 seconds. CPU system time: 0 seconds. Elapsed time: 0.144 seconds; current allocated memory: 1.214 GB.
INFO: [HLS 200-111] Finished Loop, function and other optimizations: CPU user time: 0 seconds. CPU system time: 0 seconds. Elapsed time: 0.208 seconds; current allocated memory: 1.214 GB.
INFO: [XFORM 203-541] Flattening a loop nest 'LOOP_I' (loop_perfect.cpp:21:12) in function 'loop_perfect'.
INFO: [HLS 200-111] Finished Architecture Synthesis: CPU user time: 0 seconds. CPU system time: 0 seconds. Elapsed time: 0.141 seconds; current allocated memory: 1.214 GB.
INFO: [HLS 200-10] Starting hardware synthesis ...
INFO: [HLS 200-10] Synthesizing 'loop_perfect' ...
INFO: [HLS 200-10] ----------------------------------------------------------------
INFO: [HLS 200-42] -- Implementing module 'loop_perfect' 
INFO: [HLS 200-10] ----------------------------------------------------------------
INFO: [SCHED 204-11] Starting scheduling ...
INFO: [HLS 200-486] Changing DSP latency (root=mul_ln886) to 3 in order to utilize available DSP registers.
INFO: [HLS 200-486] Changing DSP latency (root=mul_ln1559) to 3 in order to utilize available DSP registers.
INFO: [SCHED 204-61] Pipelining loop 'LOOP_I_LOOP_J'.
INFO: [HLS 200-1470] Pipelining result : Target II = NA, Final II = 1, Depth = 17, loop 'LOOP_I_LOOP_J'
INFO: [SCHED 204-11] Finished scheduling.
INFO: [HLS 200-111] Finished Scheduling: CPU user time: 0 seconds. CPU system time: 0 seconds. Elapsed time: 0.775 seconds; current allocated memory: 1.214 GB.
INFO: [BIND 205-100] Starting micro-architecture generation ...
INFO: [BIND 205-101] Performing variable lifetime analysis.
INFO: [BIND 205-101] Exploring resource sharing.
INFO: [BIND 205-101] Binding ...
INFO: [BIND 205-100] Finished micro-architecture generation.
INFO: [HLS 200-111] Finished Binding: CPU user time: 0 seconds. CPU system time: 0 seconds. Elapsed time: 0.394 seconds; current allocated memory: 1.214 GB.
INFO: [HLS 200-10] ----------------------------------------------------------------
INFO: [HLS 200-10] -- Generating RTL for module 'loop_perfect' 
INFO: [HLS 200-10] ----------------------------------------------------------------
INFO: [RTGEN 206-500] Setting interface mode on port 'loop_perfect/A_0' to 'ap_memory'.
INFO: [RTGEN 206-500] Setting interface mode on port 'loop_perfect/A_1' to 'ap_memory'.
INFO: [RTGEN 206-500] Setting interface mode on port 'loop_perfect/B_0' to 'ap_memory'.
INFO: [RTGEN 206-500] Setting interface mode on port 'loop_perfect/B_1' to 'ap_memory'.
INFO: [RTGEN 206-500] Setting interface mode on function 'loop_perfect' to 'ap_ctrl_hs'.
INFO: [HLS 200-1030] Apply Unified Pipeline Control on module 'loop_perfect' pipeline 'LOOP_I_LOOP_J' pipeline type 'loop pipeline'
INFO: [RTGEN 206-100] Generating core module 'mac_muladd_5ns_5s_12s_12_4_1': 1 instance(s).
INFO: [RTGEN 206-100] Generating core module 'mul_5ns_7ns_11_1_1': 2 instance(s).
INFO: [RTGEN 206-100] Generating core module 'mul_mul_12s_13ns_26_4_1': 1 instance(s).
INFO: [RTGEN 206-100] Generating core module 'mux_22_5_1_1': 1 instance(s).
INFO: [RTGEN 206-100] Generating core module 'urem_5ns_5ns_5_9_1': 2 instance(s).
INFO: [RTGEN 206-100] Finished creating RTL model for 'loop_perfect'.
INFO: [HLS 200-111] Finished Creating RTL model: CPU user time: 1 seconds. CPU system time: 0 seconds. Elapsed time: 0.811 seconds; current allocated memory: 1.214 GB.
INFO: [HLS 200-111] Finished Generating all RTL models: CPU user time: 0 seconds. CPU system time: 2 seconds. Elapsed time: 8.809 seconds; current allocated memory: 1.214 GB.
INFO: [HLS 200-111] Finished Updating report files: CPU user time: 0 seconds. CPU system time: 0 seconds. Elapsed time: 4.821 seconds; current allocated memory: 1.214 GB.
INFO: [VHDL 208-304] Generating VHDL RTL for loop_perfect.
INFO: [VLOG 209-307] Generating Verilog RTL for loop_perfect.
INFO: [HLS 200-790] **** Loop Constraint Status: All loop constraints were satisfied.
INFO: [HLS 200-789] **** Estimated Fmax: 376.93 MHz
INFO: [HLS 200-111] Finished Command csynth_design CPU user time: 1 seconds. CPU system time: 3 seconds. Elapsed time: 31.846 seconds; current allocated memory: 0.000 MB.
INFO: [HLS 200-112] Total CPU user time: 3 seconds. Total CPU system time: 4 seconds. Total elapsed time: 36.212 seconds; peak allocated memory: 1.214 GB.
