================================================================
== Vivado RTL Synthesis Results
================================================================
+ General Information:
    * Date:            Fri Feb 17 16:53:25 -0800 2023
    * Version:         2022.1 (Build 3526262 on Mon Apr 18 15:48:16 MDT 2022)
    * Project:         mmul
    * Solution:        solution3 (Vivado IP Flow Target)
    * Product family:  kintex7
    * Target device:   xc7k160t-fbg676-2


================================================================
== Run Constraints & Options
================================================================
+ Design Constraints & Options:
    * RTL Synthesis target clock:  4 ns
    * C-Synthesis target clock:    4 ns
    * C-Synthesis uncertainty:     27%

+ RTL Synthesis Options:
    * config_export -vivado_synth_strategy:     default
    * config_export -vivado_synth_design_args:  -directive sdx_optimization_effort_high

+ Reporting Options:
    * config_export -vivado_report_level:      2
    * config_export -vivado_max_timing_paths:  10


================================================================
== RTL Synthesis Resource Summary
================================================================
LUT:              93
FF:               85
DSP:              1
BRAM:             0
URAM:             0
SRL:              8


================================================================
== RTL Synthesis Timing Summary
================================================================
* Timing was met
+------------+-------------+
| Timing     | Period (ns) |
+------------+-------------+
| Target     | 4.000       |
| Post-Route | 2.592       |
+------------+-------------+


================================================================
== RTL Synthesis Resources
================================================================
+-------------------------------------+-----+----+-----+------+------+-----+--------+-------+---------+-----------+---------------------------------------------------------------------------------+
| Name                                | LUT | FF | DSP | BRAM | URAM | SRL | Pragma | Impl  | Latency | Variable  | Source                                                                          |
+-------------------------------------+-----+----+-----+------+------+-----+--------+-------+---------+-----------+---------------------------------------------------------------------------------+
| inst                                | 93  | 85 | 1   |      |      |     |        |       |         |           |                                                                                 |
|   (inst)                            | 25  | 84 |     |      |      |     |        |       |         |           |                                                                                 |
|   flow_control_loop_pipe_U          | 20  | 1  |     |      |      |     |        |       |         |           |                                                                                 |
|   mac_muladd_16s_16s_16ns_16_4_1_U3 | 16  |    | 1   |      |      |     |        |       |         |           |                                                                                 |
|     bind_op mul                     |     |    |     |      |      |     |        | dsp48 | 3       | mul_ln859 | C:/Apps/Xilinx/Vitis_HLS/2022.1/common/technology/autopilot\ap_fixed_base.h:859 |
|     bind_op add                     |     |    |     |      |      |     |        | dsp48 | 3       | acc_V     | C:/Apps/Xilinx/Vitis_HLS/2022.1/common/technology/autopilot\ap_fixed_base.h:859 |
|   mux_32_16_1_1_U1                  | 16  |    |     |      |      |     |        |       |         |           |                                                                                 |
|   mux_43_16_1_1_U2                  | 16  |    |     |      |      |     |        |       |         |           |                                                                                 |
+-------------------------------------+-----+----+-----+------+------+-----+--------+-------+---------+-----------+---------------------------------------------------------------------------------+


================================================================
== RTL Synthesis Fail Fast
================================================================
+-----------------------------------------------------------+-----------+--------+--------+
| Criteria                                                  | Guideline | Actual | Status |
+-----------------------------------------------------------+-----------+--------+--------+
| LUT                                                       | 70%       | 0.09%  | OK     |
| FD                                                        | 50%       | 0.04%  | OK     |
| LUTRAM+SRL                                                | 25%       | 0.02%  | OK     |
| MUXF7                                                     | 15%       | 0.00%  | OK     |
| DSP                                                       | 80%       | 0.17%  | OK     |
| RAMB/FIFO                                                 | 80%       | 0.00%  | OK     |
| DSP+RAMB+URAM (Avg)                                       | 70%       | 0.17%  | OK     |
| BUFGCE* + BUFGCTRL                                        | 24        | 0      | OK     |
| DONT_TOUCH (cells/nets)                                   | 0         | 0      | OK     |
| MARK_DEBUG (nets)                                         | 0         | 0      | OK     |
| Control Sets                                              | 1901      | 6      | OK     |
| Average Fanout for modules > 100k cells                   | 4         | 0      | OK     |
| Non-FD high fanout nets > 10k loads                       | 0         | 0      | OK     |
+-----------------------------------------------------------+-----------+--------+--------+
| TIMING-6 (No common primary clock between related clocks) | 0         | 0      | OK     |
| TIMING-7 (No common node between related clocks)          | 0         | 0      | OK     |
| TIMING-8 (No common period between related clocks)        | 0         | 0      | OK     |
| TIMING-14 (LUT on the clock tree)                         | 0         | 0      | OK     |
| TIMING-35 (No common node in paths with the same clock)   | 0         | 0      | OK     |
+-----------------------------------------------------------+-----------+--------+--------+
| Number of paths above max LUT budgeting (0.500ns)         | 0         | 0      | OK     |
| Number of paths above max Net budgeting (0.350ns)         | 0         | 0      | OK     |
+-----------------------------------------------------------+-----------+--------+--------+


================================================================
== RTL Synthesis Timing Paths
================================================================
* Timing was met
+-------+-------+-----------------------------------------------------------------------------------------------+-------------------------------------------------------------------------------------------------+--------------+------------+----------------+----------------+--------------+
| Path  | SLACK | STARTPOINT PIN                                                                                | ENDPOINT PIN                                                                                    | LOGIC LEVELS | MAX FANOUT | DATAPATH DELAY | DATAPATH LOGIC | DATAPATH NET |
|       |       |                                                                                               |                                                                                                 |              |            |                |          DELAY |        DELAY |
+-------+-------+-----------------------------------------------------------------------------------------------+-------------------------------------------------------------------------------------------------+--------------+------------+----------------+----------------+--------------+
| Path1 | 1.408 | mac_muladd_16s_16s_16ns_16_4_1_U3/mmul_mac_muladd_16s_16s_16ns_16_4_1_DSP48_0_U/p_reg_reg/CLK | mac_muladd_16s_16s_16ns_16_4_1_U3/mmul_mac_muladd_16s_16s_16ns_16_4_1_DSP48_0_U/p_reg_reg/C[0]  |            1 |          3 |          1.322 |          0.391 |        0.931 |
| Path2 | 1.408 | mac_muladd_16s_16s_16ns_16_4_1_U3/mmul_mac_muladd_16s_16s_16ns_16_4_1_DSP48_0_U/p_reg_reg/CLK | mac_muladd_16s_16s_16ns_16_4_1_U3/mmul_mac_muladd_16s_16s_16ns_16_4_1_DSP48_0_U/p_reg_reg/C[10] |            1 |          3 |          1.322 |          0.391 |        0.931 |
| Path3 | 1.408 | mac_muladd_16s_16s_16ns_16_4_1_U3/mmul_mac_muladd_16s_16s_16ns_16_4_1_DSP48_0_U/p_reg_reg/CLK | mac_muladd_16s_16s_16ns_16_4_1_U3/mmul_mac_muladd_16s_16s_16ns_16_4_1_DSP48_0_U/p_reg_reg/C[11] |            1 |          3 |          1.322 |          0.391 |        0.931 |
| Path4 | 1.408 | mac_muladd_16s_16s_16ns_16_4_1_U3/mmul_mac_muladd_16s_16s_16ns_16_4_1_DSP48_0_U/p_reg_reg/CLK | mac_muladd_16s_16s_16ns_16_4_1_U3/mmul_mac_muladd_16s_16s_16ns_16_4_1_DSP48_0_U/p_reg_reg/C[12] |            1 |          3 |          1.322 |          0.391 |        0.931 |
| Path5 | 1.408 | mac_muladd_16s_16s_16ns_16_4_1_U3/mmul_mac_muladd_16s_16s_16ns_16_4_1_DSP48_0_U/p_reg_reg/CLK | mac_muladd_16s_16s_16ns_16_4_1_U3/mmul_mac_muladd_16s_16s_16ns_16_4_1_DSP48_0_U/p_reg_reg/C[13] |            1 |          3 |          1.322 |          0.391 |        0.931 |
+-------+-------+-----------------------------------------------------------------------------------------------+-------------------------------------------------------------------------------------------------+--------------+------------+----------------+----------------+--------------+

    +------------------------------------------------------------------------------------------------+------------------+
    | Path1 Cells                                                                                    | Primitive Type   |
    +------------------------------------------------------------------------------------------------+------------------+
    | mac_muladd_16s_16s_16ns_16_4_1_U3/mmul_mac_muladd_16s_16s_16ns_16_4_1_DSP48_0_U/p_reg_reg      | MULT.dsp.DSP48E1 |
    | mac_muladd_16s_16s_16ns_16_4_1_U3/mmul_mac_muladd_16s_16s_16ns_16_4_1_DSP48_0_U/p_reg_reg_i_48 | LUT.others.LUT4  |
    +------------------------------------------------------------------------------------------------+------------------+

    +------------------------------------------------------------------------------------------------+------------------+
    | Path2 Cells                                                                                    | Primitive Type   |
    +------------------------------------------------------------------------------------------------+------------------+
    | mac_muladd_16s_16s_16ns_16_4_1_U3/mmul_mac_muladd_16s_16s_16ns_16_4_1_DSP48_0_U/p_reg_reg      | MULT.dsp.DSP48E1 |
    | mac_muladd_16s_16s_16ns_16_4_1_U3/mmul_mac_muladd_16s_16s_16ns_16_4_1_DSP48_0_U/p_reg_reg_i_38 | LUT.others.LUT4  |
    +------------------------------------------------------------------------------------------------+------------------+

    +------------------------------------------------------------------------------------------------+------------------+
    | Path3 Cells                                                                                    | Primitive Type   |
    +------------------------------------------------------------------------------------------------+------------------+
    | mac_muladd_16s_16s_16ns_16_4_1_U3/mmul_mac_muladd_16s_16s_16ns_16_4_1_DSP48_0_U/p_reg_reg      | MULT.dsp.DSP48E1 |
    | mac_muladd_16s_16s_16ns_16_4_1_U3/mmul_mac_muladd_16s_16s_16ns_16_4_1_DSP48_0_U/p_reg_reg_i_37 | LUT.others.LUT4  |
    +------------------------------------------------------------------------------------------------+------------------+

    +------------------------------------------------------------------------------------------------+------------------+
    | Path4 Cells                                                                                    | Primitive Type   |
    +------------------------------------------------------------------------------------------------+------------------+
    | mac_muladd_16s_16s_16ns_16_4_1_U3/mmul_mac_muladd_16s_16s_16ns_16_4_1_DSP48_0_U/p_reg_reg      | MULT.dsp.DSP48E1 |
    | mac_muladd_16s_16s_16ns_16_4_1_U3/mmul_mac_muladd_16s_16s_16ns_16_4_1_DSP48_0_U/p_reg_reg_i_36 | LUT.others.LUT4  |
    +------------------------------------------------------------------------------------------------+------------------+

    +------------------------------------------------------------------------------------------------+------------------+
    | Path5 Cells                                                                                    | Primitive Type   |
    +------------------------------------------------------------------------------------------------+------------------+
    | mac_muladd_16s_16s_16ns_16_4_1_U3/mmul_mac_muladd_16s_16s_16ns_16_4_1_DSP48_0_U/p_reg_reg      | MULT.dsp.DSP48E1 |
    | mac_muladd_16s_16s_16ns_16_4_1_U3/mmul_mac_muladd_16s_16s_16ns_16_4_1_DSP48_0_U/p_reg_reg_i_35 | LUT.others.LUT4  |
    +------------------------------------------------------------------------------------------------+------------------+


================================================================
== RTL Synthesis Vivado Reports
================================================================
+--------------------------+-------------------------------------------------------------+
| Report Type              | Report Location                                             |
+--------------------------+-------------------------------------------------------------+
| design_analysis          | impl/verilog/report/mmul_design_analysis_synth.rpt          |
| failfast                 | impl/verilog/report/mmul_failfast_synth.rpt                 |
| timing                   | impl/verilog/report/mmul_timing_synth.rpt                   |
| timing_paths             | impl/verilog/report/mmul_timing_paths_synth.rpt             |
| utilization              | impl/verilog/report/mmul_utilization_synth.rpt              |
| utilization_hierarchical | impl/verilog/report/mmul_utilization_hierarchical_synth.rpt |
+--------------------------+-------------------------------------------------------------+


