

Implementation tool: Xilinx Vivado v.2022.1
Project:             mmul
Solution:            solution3
Device target:       xc7k160t-fbg676-2
Report date:         Fri Feb 17 16:53:24 -0800 2023

#=== Post-Implementation Resource usage ===
SLICE:           33
LUT:             92
FF:              85
DSP:              1
BRAM:             0
URAM:             0
LATCH:            0
SRL:              7
CLB:              0

#=== Final timing ===
CP required:                     4.000
CP achieved post-synthesis:      2.592
CP achieved post-implementation: 2.646
Timing met
