

================================================================
== Vitis HLS Report for 'inner_product'
================================================================
* Date:           Tue Feb 14 04:37:14 2023

* Version:        2022.1 (Build 3526262 on Mon Apr 18 15:48:16 MDT 2022)
* Project:        InnerProduct
* Solution:       solution5 (Vivado IP Flow Target)
* Product family: kintex7
* Target device:  xc7k160t-fbg676-2


================================================================
== Performance Estimates
================================================================
+ Timing: 
    * Summary: 
    +--------+---------+----------+------------+
    |  Clock |  Target | Estimated| Uncertainty|
    +--------+---------+----------+------------+
    |ap_clk  |  4.00 ns|  2.844 ns|     1.08 ns|
    +--------+---------+----------+------------+

+ Latency: 
    * Summary: 
    +---------+---------+-----------+-----------+-----+-----+------------------------------------------+
    |  Latency (cycles) |   Latency (absolute)  |  Interval |                 Pipeline                 |
    |   min   |   max   |    min    |    max    | min | max |                   Type                   |
    +---------+---------+-----------+-----------+-----+-----+------------------------------------------+
    |        9|       10|  36.000 ns|  40.000 ns|    2|    2|  loop rewind stp(delay=0 clock cycles(s))|
    +---------+---------+-----------+-----------+-----+-----+------------------------------------------+

    + Detail: 
        * Instance: 
        N/A

        * Loop: 
        +----------------------+---------+---------+----------+-----------+-----------+------+----------+
        |                      |  Latency (cycles) | Iteration|  Initiation Interval  | Trip |          |
        |       Loop Name      |   min   |   max   |  Latency |  achieved |   target  | Count| Pipelined|
        +----------------------+---------+---------+----------+-----------+-----------+------+----------+
        |- inner_product_loop  |        9|        9|         9|          1|          1|     2|       yes|
        +----------------------+---------+---------+----------+-----------+-----------+------+----------+

============================================================
+ Verbose Summary: Synthesis Manager
============================================================
InlineROM: 1
ExposeGlobal: 0
============================================================
+ Verbose Summary: CDFG Model
============================================================
IsTopModel: 1
ResetActiveHigh: 1
IsCombinational: 0
IsDatapathOnly: 0
HasWiredReturn: 1
HasMFsm: 2
HasVarLatency: 1
IsPipeline: 0
IsRtlPipelined: 0
IsInstanceOverlapped: 0
IsDontTouch: 0
HasImplIP: 0
IsGatedGlobalClock: 0

+ Individual pipeline summary: 
  * Pipeline-0: initiation interval (II) = 1, depth = 9


============================================================
+ Verbose Summary: Schedule
============================================================
* Number of FSM states : 9
* Pipeline : 1
  Pipeline-0 : II = 1, D = 9, States = { 1 2 3 4 5 6 7 8 9 }
* Dataflow Pipeline: 0

* FSM state transitions: 
1 --> 2 
2 --> 3 
3 --> 4 
4 --> 5 
5 --> 6 
6 --> 7 
7 --> 8 
8 --> 9 
9 --> 

* FSM state operations: 

State 1 <SV = 0> <Delay = 1.85>
ST_1 : Operation 11 [1/1] (0.00ns)   --->   "%specinterface_ln0 = specinterface void @_ssdm_op_SpecInterface, i16 %a_0, void @empty, i32 0, i32 0, void @empty_0, i32 4294967295, i32 0, void @empty_0, void @empty_0, void @empty_0, i32 0, i32 0, i32 0, i32 0, void @empty_0, void @empty_0, i32 4294967295, i32 0"   --->   Operation 11 'specinterface' 'specinterface_ln0' <Predicate = true> <Delay = 0.00>
ST_1 : Operation 12 [1/1] (0.00ns)   --->   "%specinterface_ln0 = specinterface void @_ssdm_op_SpecInterface, i16 %a_1, void @empty, i32 0, i32 0, void @empty_0, i32 4294967295, i32 0, void @empty_0, void @empty_0, void @empty_0, i32 0, i32 0, i32 0, i32 0, void @empty_0, void @empty_0, i32 4294967295, i32 0"   --->   Operation 12 'specinterface' 'specinterface_ln0' <Predicate = true> <Delay = 0.00>
ST_1 : Operation 13 [1/1] (0.00ns)   --->   "%specinterface_ln0 = specinterface void @_ssdm_op_SpecInterface, i16 %a_2, void @empty, i32 0, i32 0, void @empty_0, i32 4294967295, i32 0, void @empty_0, void @empty_0, void @empty_0, i32 0, i32 0, i32 0, i32 0, void @empty_0, void @empty_0, i32 4294967295, i32 0"   --->   Operation 13 'specinterface' 'specinterface_ln0' <Predicate = true> <Delay = 0.00>
ST_1 : Operation 14 [1/1] (0.00ns)   --->   "%specinterface_ln0 = specinterface void @_ssdm_op_SpecInterface, i16 %a_3, void @empty, i32 0, i32 0, void @empty_0, i32 4294967295, i32 0, void @empty_0, void @empty_0, void @empty_0, i32 0, i32 0, i32 0, i32 0, void @empty_0, void @empty_0, i32 4294967295, i32 0"   --->   Operation 14 'specinterface' 'specinterface_ln0' <Predicate = true> <Delay = 0.00>
ST_1 : Operation 15 [1/1] (0.00ns)   --->   "%specinterface_ln0 = specinterface void @_ssdm_op_SpecInterface, i16 %b_0, void @empty, i32 0, i32 0, void @empty_0, i32 4294967295, i32 0, void @empty_0, void @empty_0, void @empty_0, i32 0, i32 0, i32 0, i32 0, void @empty_0, void @empty_0, i32 4294967295, i32 0"   --->   Operation 15 'specinterface' 'specinterface_ln0' <Predicate = true> <Delay = 0.00>
ST_1 : Operation 16 [1/1] (0.00ns)   --->   "%specinterface_ln0 = specinterface void @_ssdm_op_SpecInterface, i16 %b_1, void @empty, i32 0, i32 0, void @empty_0, i32 4294967295, i32 0, void @empty_0, void @empty_0, void @empty_0, i32 0, i32 0, i32 0, i32 0, void @empty_0, void @empty_0, i32 4294967295, i32 0"   --->   Operation 16 'specinterface' 'specinterface_ln0' <Predicate = true> <Delay = 0.00>
ST_1 : Operation 17 [1/1] (0.00ns)   --->   "%specinterface_ln0 = specinterface void @_ssdm_op_SpecInterface, i16 %b_2, void @empty, i32 0, i32 0, void @empty_0, i32 4294967295, i32 0, void @empty_0, void @empty_0, void @empty_0, i32 0, i32 0, i32 0, i32 0, void @empty_0, void @empty_0, i32 4294967295, i32 0"   --->   Operation 17 'specinterface' 'specinterface_ln0' <Predicate = true> <Delay = 0.00>
ST_1 : Operation 18 [1/1] (0.00ns)   --->   "%specinterface_ln0 = specinterface void @_ssdm_op_SpecInterface, i16 %b_3, void @empty, i32 0, i32 0, void @empty_0, i32 4294967295, i32 0, void @empty_0, void @empty_0, void @empty_0, i32 0, i32 0, i32 0, i32 0, void @empty_0, void @empty_0, i32 4294967295, i32 0"   --->   Operation 18 'specinterface' 'specinterface_ln0' <Predicate = true> <Delay = 0.00>
ST_1 : Operation 19 [1/1] (0.00ns)   --->   "%specinterface_ln0 = specinterface void @_ssdm_op_SpecInterface, i16 %s, void @empty_1, i32 0, i32 0, void @empty_0, i32 0, i32 0, void @empty_0, void @empty_0, void @empty_0, i32 0, i32 0, i32 0, i32 0, void @empty_0, void @empty_0, i32 4294967295, i32 0"   --->   Operation 19 'specinterface' 'specinterface_ln0' <Predicate = true> <Delay = 0.00>
ST_1 : Operation 20 [1/1] (0.83ns)   --->   "%br_ln10 = br void %rewind_header" [inner_product.cpp:10]   --->   Operation 20 'br' 'br_ln10' <Predicate = true> <Delay = 0.83>
ST_1 : Operation 21 [1/1] (0.00ns)   --->   "%do_init = phi i1 1, void %entry, i1 0, void %for.body.split, i1 1, void %for.end"   --->   Operation 21 'phi' 'do_init' <Predicate = true> <Delay = 0.00>
ST_1 : Operation 22 [1/1] (0.00ns)   --->   "%i1 = phi i3 0, void %entry, i3 %trunc_ln6, void %for.body.split, i3 0, void %for.end" [inner_product.cpp:6]   --->   Operation 22 'phi' 'i1' <Predicate = true> <Delay = 0.00>
ST_1 : Operation 23 [1/1] (0.00ns)   --->   "%a_0_addr = getelementptr i16 %a_0, i64 0, i64 0"   --->   Operation 23 'getelementptr' 'a_0_addr' <Predicate = (do_init)> <Delay = 0.00>
ST_1 : Operation 24 [2/2] (1.14ns)   --->   "%a_0_load = load i1 %a_0_addr"   --->   Operation 24 'load' 'a_0_load' <Predicate = (do_init)> <Delay = 1.14> <CoreInst = "RAM">   --->   Core 82 'RAM' <Latency = 1> <II = 1> <Delay = 1.14> <Storage> <Opcode : 'load' 'store'> <Ports = 2> <Width = 16> <Depth = 2> <RAM>
ST_1 : Operation 25 [1/1] (0.00ns)   --->   "%a_1_addr = getelementptr i16 %a_1, i64 0, i64 0"   --->   Operation 25 'getelementptr' 'a_1_addr' <Predicate = (do_init)> <Delay = 0.00>
ST_1 : Operation 26 [2/2] (1.14ns)   --->   "%a_1_load = load i1 %a_1_addr"   --->   Operation 26 'load' 'a_1_load' <Predicate = (do_init)> <Delay = 1.14> <CoreInst = "RAM">   --->   Core 82 'RAM' <Latency = 1> <II = 1> <Delay = 1.14> <Storage> <Opcode : 'load' 'store'> <Ports = 2> <Width = 16> <Depth = 2> <RAM>
ST_1 : Operation 27 [1/1] (0.00ns)   --->   "%a_2_addr = getelementptr i16 %a_2, i64 0, i64 0"   --->   Operation 27 'getelementptr' 'a_2_addr' <Predicate = (do_init)> <Delay = 0.00>
ST_1 : Operation 28 [2/2] (1.14ns)   --->   "%a_2_load = load i1 %a_2_addr"   --->   Operation 28 'load' 'a_2_load' <Predicate = (do_init)> <Delay = 1.14> <CoreInst = "RAM">   --->   Core 82 'RAM' <Latency = 1> <II = 1> <Delay = 1.14> <Storage> <Opcode : 'load' 'store'> <Ports = 2> <Width = 16> <Depth = 2> <RAM>
ST_1 : Operation 29 [1/1] (0.00ns)   --->   "%b_0_addr = getelementptr i16 %b_0, i64 0, i64 0"   --->   Operation 29 'getelementptr' 'b_0_addr' <Predicate = (do_init)> <Delay = 0.00>
ST_1 : Operation 30 [2/2] (1.14ns)   --->   "%b_0_load = load i1 %b_0_addr"   --->   Operation 30 'load' 'b_0_load' <Predicate = (do_init)> <Delay = 1.14> <CoreInst = "RAM">   --->   Core 82 'RAM' <Latency = 1> <II = 1> <Delay = 1.14> <Storage> <Opcode : 'load' 'store'> <Ports = 2> <Width = 16> <Depth = 2> <RAM>
ST_1 : Operation 31 [1/1] (0.00ns)   --->   "%b_1_addr = getelementptr i16 %b_1, i64 0, i64 0"   --->   Operation 31 'getelementptr' 'b_1_addr' <Predicate = (do_init)> <Delay = 0.00>
ST_1 : Operation 32 [2/2] (1.14ns)   --->   "%b_1_load = load i1 %b_1_addr"   --->   Operation 32 'load' 'b_1_load' <Predicate = (do_init)> <Delay = 1.14> <CoreInst = "RAM">   --->   Core 82 'RAM' <Latency = 1> <II = 1> <Delay = 1.14> <Storage> <Opcode : 'load' 'store'> <Ports = 2> <Width = 16> <Depth = 2> <RAM>
ST_1 : Operation 33 [1/1] (0.00ns)   --->   "%b_2_addr = getelementptr i16 %b_2, i64 0, i64 0"   --->   Operation 33 'getelementptr' 'b_2_addr' <Predicate = (do_init)> <Delay = 0.00>
ST_1 : Operation 34 [2/2] (1.14ns)   --->   "%b_2_load = load i1 %b_2_addr"   --->   Operation 34 'load' 'b_2_load' <Predicate = (do_init)> <Delay = 1.14> <CoreInst = "RAM">   --->   Core 82 'RAM' <Latency = 1> <II = 1> <Delay = 1.14> <Storage> <Opcode : 'load' 'store'> <Ports = 2> <Width = 16> <Depth = 2> <RAM>
ST_1 : Operation 35 [1/1] (0.00ns)   --->   "%a_0_addr_1 = getelementptr i16 %a_0, i64 0, i64 1"   --->   Operation 35 'getelementptr' 'a_0_addr_1' <Predicate = (do_init)> <Delay = 0.00>
ST_1 : Operation 36 [2/2] (1.14ns)   --->   "%a_0_load_1 = load i1 %a_0_addr_1"   --->   Operation 36 'load' 'a_0_load_1' <Predicate = (do_init)> <Delay = 1.14> <CoreInst = "RAM">   --->   Core 82 'RAM' <Latency = 1> <II = 1> <Delay = 1.14> <Storage> <Opcode : 'load' 'store'> <Ports = 2> <Width = 16> <Depth = 2> <RAM>
ST_1 : Operation 37 [1/1] (0.00ns)   --->   "%a_1_addr_1 = getelementptr i16 %a_1, i64 0, i64 1"   --->   Operation 37 'getelementptr' 'a_1_addr_1' <Predicate = (do_init)> <Delay = 0.00>
ST_1 : Operation 38 [2/2] (1.14ns)   --->   "%a_1_load_1 = load i1 %a_1_addr_1"   --->   Operation 38 'load' 'a_1_load_1' <Predicate = (do_init)> <Delay = 1.14> <CoreInst = "RAM">   --->   Core 82 'RAM' <Latency = 1> <II = 1> <Delay = 1.14> <Storage> <Opcode : 'load' 'store'> <Ports = 2> <Width = 16> <Depth = 2> <RAM>
ST_1 : Operation 39 [1/1] (0.00ns)   --->   "%a_2_addr_1 = getelementptr i16 %a_2, i64 0, i64 1"   --->   Operation 39 'getelementptr' 'a_2_addr_1' <Predicate = (do_init)> <Delay = 0.00>
ST_1 : Operation 40 [2/2] (1.14ns)   --->   "%a_2_load_1 = load i1 %a_2_addr_1"   --->   Operation 40 'load' 'a_2_load_1' <Predicate = (do_init)> <Delay = 1.14> <CoreInst = "RAM">   --->   Core 82 'RAM' <Latency = 1> <II = 1> <Delay = 1.14> <Storage> <Opcode : 'load' 'store'> <Ports = 2> <Width = 16> <Depth = 2> <RAM>
ST_1 : Operation 41 [1/1] (0.00ns)   --->   "%b_0_addr_1 = getelementptr i16 %b_0, i64 0, i64 1"   --->   Operation 41 'getelementptr' 'b_0_addr_1' <Predicate = (do_init)> <Delay = 0.00>
ST_1 : Operation 42 [2/2] (1.14ns)   --->   "%b_0_load_1 = load i1 %b_0_addr_1"   --->   Operation 42 'load' 'b_0_load_1' <Predicate = (do_init)> <Delay = 1.14> <CoreInst = "RAM">   --->   Core 82 'RAM' <Latency = 1> <II = 1> <Delay = 1.14> <Storage> <Opcode : 'load' 'store'> <Ports = 2> <Width = 16> <Depth = 2> <RAM>
ST_1 : Operation 43 [1/1] (0.00ns)   --->   "%b_1_addr_1 = getelementptr i16 %b_1, i64 0, i64 1"   --->   Operation 43 'getelementptr' 'b_1_addr_1' <Predicate = (do_init)> <Delay = 0.00>
ST_1 : Operation 44 [2/2] (1.14ns)   --->   "%b_1_load_1 = load i1 %b_1_addr_1"   --->   Operation 44 'load' 'b_1_load_1' <Predicate = (do_init)> <Delay = 1.14> <CoreInst = "RAM">   --->   Core 82 'RAM' <Latency = 1> <II = 1> <Delay = 1.14> <Storage> <Opcode : 'load' 'store'> <Ports = 2> <Width = 16> <Depth = 2> <RAM>
ST_1 : Operation 45 [1/1] (0.00ns)   --->   "%b_2_addr_1 = getelementptr i16 %b_2, i64 0, i64 1"   --->   Operation 45 'getelementptr' 'b_2_addr_1' <Predicate = (do_init)> <Delay = 0.00>
ST_1 : Operation 46 [2/2] (1.14ns)   --->   "%b_2_load_1 = load i1 %b_2_addr_1"   --->   Operation 46 'load' 'b_2_load_1' <Predicate = (do_init)> <Delay = 1.14> <CoreInst = "RAM">   --->   Core 82 'RAM' <Latency = 1> <II = 1> <Delay = 1.14> <Storage> <Opcode : 'load' 'store'> <Ports = 2> <Width = 16> <Depth = 2> <RAM>
ST_1 : Operation 47 [1/1] (0.00ns)   --->   "%a_3_addr = getelementptr i16 %a_3, i64 0, i64 0"   --->   Operation 47 'getelementptr' 'a_3_addr' <Predicate = (do_init)> <Delay = 0.00>
ST_1 : Operation 48 [2/2] (1.14ns)   --->   "%a_3_load = load i1 %a_3_addr"   --->   Operation 48 'load' 'a_3_load' <Predicate = (do_init)> <Delay = 1.14> <CoreInst = "RAM">   --->   Core 82 'RAM' <Latency = 1> <II = 1> <Delay = 1.14> <Storage> <Opcode : 'load' 'store'> <Ports = 2> <Width = 16> <Depth = 2> <RAM>
ST_1 : Operation 49 [1/1] (0.00ns)   --->   "%b_3_addr = getelementptr i16 %b_3, i64 0, i64 0"   --->   Operation 49 'getelementptr' 'b_3_addr' <Predicate = (do_init)> <Delay = 0.00>
ST_1 : Operation 50 [2/2] (1.14ns)   --->   "%b_3_load = load i1 %b_3_addr"   --->   Operation 50 'load' 'b_3_load' <Predicate = (do_init)> <Delay = 1.14> <CoreInst = "RAM">   --->   Core 82 'RAM' <Latency = 1> <II = 1> <Delay = 1.14> <Storage> <Opcode : 'load' 'store'> <Ports = 2> <Width = 16> <Depth = 2> <RAM>
ST_1 : Operation 51 [1/1] (0.00ns)   --->   "%a_3_addr_1 = getelementptr i16 %a_3, i64 0, i64 1"   --->   Operation 51 'getelementptr' 'a_3_addr_1' <Predicate = (do_init)> <Delay = 0.00>
ST_1 : Operation 52 [2/2] (1.14ns)   --->   "%a_3_load_1 = load i1 %a_3_addr_1"   --->   Operation 52 'load' 'a_3_load_1' <Predicate = (do_init)> <Delay = 1.14> <CoreInst = "RAM">   --->   Core 82 'RAM' <Latency = 1> <II = 1> <Delay = 1.14> <Storage> <Opcode : 'load' 'store'> <Ports = 2> <Width = 16> <Depth = 2> <RAM>
ST_1 : Operation 53 [1/1] (0.00ns)   --->   "%b_3_addr_1 = getelementptr i16 %b_3, i64 0, i64 1"   --->   Operation 53 'getelementptr' 'b_3_addr_1' <Predicate = (do_init)> <Delay = 0.00>
ST_1 : Operation 54 [2/2] (1.14ns)   --->   "%b_3_load_1 = load i1 %b_3_addr_1"   --->   Operation 54 'load' 'b_3_load_1' <Predicate = (do_init)> <Delay = 1.14> <CoreInst = "RAM">   --->   Core 82 'RAM' <Latency = 1> <II = 1> <Delay = 1.14> <Storage> <Opcode : 'load' 'store'> <Ports = 2> <Width = 16> <Depth = 2> <RAM>
ST_1 : Operation 55 [1/1] (0.00ns)   --->   "%i1_cast = zext i3 %i1" [inner_product.cpp:6]   --->   Operation 55 'zext' 'i1_cast' <Predicate = true> <Delay = 0.00>
ST_1 : Operation 56 [1/1] (0.00ns)   --->   "%lshr_ln = partselect i2 @_ssdm_op_PartSelect.i2.i3.i32.i32, i3 %i1, i32 1, i32 2"   --->   Operation 56 'partselect' 'lshr_ln' <Predicate = true> <Delay = 0.00>
ST_1 : Operation 57 [1/1] (1.01ns)   --->   "%i = add i4 %i1_cast, i4 4" [inner_product.cpp:10]   --->   Operation 57 'add' 'i' <Predicate = true> <Delay = 1.01> <CoreInst = "Adder">   --->   Core 1 'Adder' <Latency = 0> <II = 1> <Delay = 1.01> <FuncUnit> <Opcode : 'add' 'sub'> <InPorts = 2> <OutPorts = 1>
ST_1 : Operation 58 [1/1] (0.00ns)   --->   "%trunc_ln6 = trunc i4 %i" [inner_product.cpp:6]   --->   Operation 58 'trunc' 'trunc_ln6' <Predicate = true> <Delay = 0.00>
ST_1 : Operation 59 [1/1] (0.00ns)   --->   "%tmp_8 = bitselect i1 @_ssdm_op_BitSelect.i1.i4.i32, i4 %i, i32 3" [inner_product.cpp:10]   --->   Operation 59 'bitselect' 'tmp_8' <Predicate = true> <Delay = 0.00>
ST_1 : Operation 60 [1/1] (0.00ns)   --->   "%br_ln10 = br i1 %tmp_8, void %rewind_header, void %for.end" [inner_product.cpp:10]   --->   Operation 60 'br' 'br_ln10' <Predicate = true> <Delay = 0.00>
ST_1 : Operation 61 [1/1] (0.00ns)   --->   "%br_ln15 = br void %rewind_header" [inner_product.cpp:15]   --->   Operation 61 'br' 'br_ln15' <Predicate = (tmp_8)> <Delay = 0.00>

State 2 <SV = 1> <Delay = 2.84>
ST_2 : Operation 62 [1/1] (0.00ns)   --->   "%b_3_load_1_rewind = phi i16 0, void %entry, i16 %b_3_load_1_phi, void %for.body.split, i16 0, void %for.end"   --->   Operation 62 'phi' 'b_3_load_1_rewind' <Predicate = true> <Delay = 0.00>
ST_2 : Operation 63 [1/1] (0.00ns)   --->   "%a_3_load_1_rewind = phi i16 0, void %entry, i16 %a_3_load_1_phi, void %for.body.split, i16 0, void %for.end"   --->   Operation 63 'phi' 'a_3_load_1_rewind' <Predicate = true> <Delay = 0.00>
ST_2 : Operation 64 [1/1] (0.00ns)   --->   "%b_3_load_rewind = phi i16 0, void %entry, i16 %b_3_load_phi, void %for.body.split, i16 0, void %for.end"   --->   Operation 64 'phi' 'b_3_load_rewind' <Predicate = true> <Delay = 0.00>
ST_2 : Operation 65 [1/1] (0.00ns)   --->   "%a_3_load_rewind = phi i16 0, void %entry, i16 %a_3_load_phi, void %for.body.split, i16 0, void %for.end"   --->   Operation 65 'phi' 'a_3_load_rewind' <Predicate = true> <Delay = 0.00>
ST_2 : Operation 66 [1/1] (0.00ns)   --->   "%b_2_load_1_rewind = phi i16 0, void %entry, i16 %b_2_load_1_phi, void %for.body.split, i16 0, void %for.end"   --->   Operation 66 'phi' 'b_2_load_1_rewind' <Predicate = true> <Delay = 0.00>
ST_2 : Operation 67 [1/1] (0.00ns)   --->   "%b_1_load_1_rewind = phi i16 0, void %entry, i16 %b_1_load_1_phi, void %for.body.split, i16 0, void %for.end"   --->   Operation 67 'phi' 'b_1_load_1_rewind' <Predicate = true> <Delay = 0.00>
ST_2 : Operation 68 [1/1] (0.00ns)   --->   "%b_0_load_1_rewind = phi i16 0, void %entry, i16 %b_0_load_1_phi, void %for.body.split, i16 0, void %for.end"   --->   Operation 68 'phi' 'b_0_load_1_rewind' <Predicate = true> <Delay = 0.00>
ST_2 : Operation 69 [1/1] (0.00ns)   --->   "%a_2_load_1_rewind = phi i16 0, void %entry, i16 %a_2_load_1_phi, void %for.body.split, i16 0, void %for.end"   --->   Operation 69 'phi' 'a_2_load_1_rewind' <Predicate = true> <Delay = 0.00>
ST_2 : Operation 70 [1/1] (0.00ns)   --->   "%a_1_load_1_rewind = phi i16 0, void %entry, i16 %a_1_load_1_phi, void %for.body.split, i16 0, void %for.end"   --->   Operation 70 'phi' 'a_1_load_1_rewind' <Predicate = true> <Delay = 0.00>
ST_2 : Operation 71 [1/1] (0.00ns)   --->   "%a_0_load_1_rewind = phi i16 0, void %entry, i16 %a_0_load_1_phi, void %for.body.split, i16 0, void %for.end"   --->   Operation 71 'phi' 'a_0_load_1_rewind' <Predicate = true> <Delay = 0.00>
ST_2 : Operation 72 [1/1] (0.00ns)   --->   "%b_2_load_rewind = phi i16 0, void %entry, i16 %b_2_load_phi, void %for.body.split, i16 0, void %for.end"   --->   Operation 72 'phi' 'b_2_load_rewind' <Predicate = true> <Delay = 0.00>
ST_2 : Operation 73 [1/1] (0.00ns)   --->   "%b_1_load_rewind = phi i16 0, void %entry, i16 %b_1_load_phi, void %for.body.split, i16 0, void %for.end"   --->   Operation 73 'phi' 'b_1_load_rewind' <Predicate = true> <Delay = 0.00>
ST_2 : Operation 74 [1/1] (0.00ns)   --->   "%b_0_load_rewind = phi i16 0, void %entry, i16 %b_0_load_phi, void %for.body.split, i16 0, void %for.end"   --->   Operation 74 'phi' 'b_0_load_rewind' <Predicate = true> <Delay = 0.00>
ST_2 : Operation 75 [1/1] (0.00ns)   --->   "%a_2_load_rewind = phi i16 0, void %entry, i16 %a_2_load_phi, void %for.body.split, i16 0, void %for.end"   --->   Operation 75 'phi' 'a_2_load_rewind' <Predicate = true> <Delay = 0.00>
ST_2 : Operation 76 [1/1] (0.00ns)   --->   "%a_1_load_rewind = phi i16 0, void %entry, i16 %a_1_load_phi, void %for.body.split, i16 0, void %for.end"   --->   Operation 76 'phi' 'a_1_load_rewind' <Predicate = true> <Delay = 0.00>
ST_2 : Operation 77 [1/1] (0.00ns)   --->   "%a_0_load_rewind = phi i16 0, void %entry, i16 %a_0_load_phi, void %for.body.split, i16 0, void %for.end"   --->   Operation 77 'phi' 'a_0_load_rewind' <Predicate = true> <Delay = 0.00>
ST_2 : Operation 78 [1/1] (0.83ns)   --->   "%br_ln0 = br i1 %do_init, void %for.body.split, void %rewind_init"   --->   Operation 78 'br' 'br_ln0' <Predicate = true> <Delay = 0.83>
ST_2 : Operation 79 [1/1] (0.00ns)   --->   "%spectopmodule_ln3 = spectopmodule void @_ssdm_op_SpecTopModule, void @empty_2" [inner_product.cpp:3]   --->   Operation 79 'spectopmodule' 'spectopmodule_ln3' <Predicate = (do_init)> <Delay = 0.00>
ST_2 : Operation 80 [1/1] (0.00ns)   --->   "%specbitsmap_ln0 = specbitsmap void @_ssdm_op_SpecBitsMap, i16 %a_0"   --->   Operation 80 'specbitsmap' 'specbitsmap_ln0' <Predicate = (do_init)> <Delay = 0.00>
ST_2 : Operation 81 [1/1] (0.00ns)   --->   "%specbitsmap_ln0 = specbitsmap void @_ssdm_op_SpecBitsMap, i16 %a_1"   --->   Operation 81 'specbitsmap' 'specbitsmap_ln0' <Predicate = (do_init)> <Delay = 0.00>
ST_2 : Operation 82 [1/1] (0.00ns)   --->   "%specbitsmap_ln0 = specbitsmap void @_ssdm_op_SpecBitsMap, i16 %a_2"   --->   Operation 82 'specbitsmap' 'specbitsmap_ln0' <Predicate = (do_init)> <Delay = 0.00>
ST_2 : Operation 83 [1/1] (0.00ns)   --->   "%specbitsmap_ln0 = specbitsmap void @_ssdm_op_SpecBitsMap, i16 %a_3"   --->   Operation 83 'specbitsmap' 'specbitsmap_ln0' <Predicate = (do_init)> <Delay = 0.00>
ST_2 : Operation 84 [1/1] (0.00ns)   --->   "%specbitsmap_ln0 = specbitsmap void @_ssdm_op_SpecBitsMap, i16 %b_0"   --->   Operation 84 'specbitsmap' 'specbitsmap_ln0' <Predicate = (do_init)> <Delay = 0.00>
ST_2 : Operation 85 [1/1] (0.00ns)   --->   "%specbitsmap_ln0 = specbitsmap void @_ssdm_op_SpecBitsMap, i16 %b_1"   --->   Operation 85 'specbitsmap' 'specbitsmap_ln0' <Predicate = (do_init)> <Delay = 0.00>
ST_2 : Operation 86 [1/1] (0.00ns)   --->   "%specbitsmap_ln0 = specbitsmap void @_ssdm_op_SpecBitsMap, i16 %b_2"   --->   Operation 86 'specbitsmap' 'specbitsmap_ln0' <Predicate = (do_init)> <Delay = 0.00>
ST_2 : Operation 87 [1/1] (0.00ns)   --->   "%specbitsmap_ln0 = specbitsmap void @_ssdm_op_SpecBitsMap, i16 %b_3"   --->   Operation 87 'specbitsmap' 'specbitsmap_ln0' <Predicate = (do_init)> <Delay = 0.00>
ST_2 : Operation 88 [1/1] (0.00ns)   --->   "%specbitsmap_ln0 = specbitsmap void @_ssdm_op_SpecBitsMap, i16 %s"   --->   Operation 88 'specbitsmap' 'specbitsmap_ln0' <Predicate = (do_init)> <Delay = 0.00>
ST_2 : Operation 89 [1/2] (1.14ns)   --->   "%a_0_load = load i1 %a_0_addr"   --->   Operation 89 'load' 'a_0_load' <Predicate = (do_init)> <Delay = 1.14> <CoreInst = "RAM">   --->   Core 82 'RAM' <Latency = 1> <II = 1> <Delay = 1.14> <Storage> <Opcode : 'load' 'store'> <Ports = 2> <Width = 16> <Depth = 2> <RAM>
ST_2 : Operation 90 [1/2] (1.14ns)   --->   "%a_1_load = load i1 %a_1_addr"   --->   Operation 90 'load' 'a_1_load' <Predicate = (do_init)> <Delay = 1.14> <CoreInst = "RAM">   --->   Core 82 'RAM' <Latency = 1> <II = 1> <Delay = 1.14> <Storage> <Opcode : 'load' 'store'> <Ports = 2> <Width = 16> <Depth = 2> <RAM>
ST_2 : Operation 91 [1/2] (1.14ns)   --->   "%a_2_load = load i1 %a_2_addr"   --->   Operation 91 'load' 'a_2_load' <Predicate = (do_init)> <Delay = 1.14> <CoreInst = "RAM">   --->   Core 82 'RAM' <Latency = 1> <II = 1> <Delay = 1.14> <Storage> <Opcode : 'load' 'store'> <Ports = 2> <Width = 16> <Depth = 2> <RAM>
ST_2 : Operation 92 [1/2] (1.14ns)   --->   "%b_0_load = load i1 %b_0_addr"   --->   Operation 92 'load' 'b_0_load' <Predicate = (do_init)> <Delay = 1.14> <CoreInst = "RAM">   --->   Core 82 'RAM' <Latency = 1> <II = 1> <Delay = 1.14> <Storage> <Opcode : 'load' 'store'> <Ports = 2> <Width = 16> <Depth = 2> <RAM>
ST_2 : Operation 93 [1/2] (1.14ns)   --->   "%b_1_load = load i1 %b_1_addr"   --->   Operation 93 'load' 'b_1_load' <Predicate = (do_init)> <Delay = 1.14> <CoreInst = "RAM">   --->   Core 82 'RAM' <Latency = 1> <II = 1> <Delay = 1.14> <Storage> <Opcode : 'load' 'store'> <Ports = 2> <Width = 16> <Depth = 2> <RAM>
ST_2 : Operation 94 [1/2] (1.14ns)   --->   "%b_2_load = load i1 %b_2_addr"   --->   Operation 94 'load' 'b_2_load' <Predicate = (do_init)> <Delay = 1.14> <CoreInst = "RAM">   --->   Core 82 'RAM' <Latency = 1> <II = 1> <Delay = 1.14> <Storage> <Opcode : 'load' 'store'> <Ports = 2> <Width = 16> <Depth = 2> <RAM>
ST_2 : Operation 95 [1/2] (1.14ns)   --->   "%a_0_load_1 = load i1 %a_0_addr_1"   --->   Operation 95 'load' 'a_0_load_1' <Predicate = (do_init)> <Delay = 1.14> <CoreInst = "RAM">   --->   Core 82 'RAM' <Latency = 1> <II = 1> <Delay = 1.14> <Storage> <Opcode : 'load' 'store'> <Ports = 2> <Width = 16> <Depth = 2> <RAM>
ST_2 : Operation 96 [1/2] (1.14ns)   --->   "%a_1_load_1 = load i1 %a_1_addr_1"   --->   Operation 96 'load' 'a_1_load_1' <Predicate = (do_init)> <Delay = 1.14> <CoreInst = "RAM">   --->   Core 82 'RAM' <Latency = 1> <II = 1> <Delay = 1.14> <Storage> <Opcode : 'load' 'store'> <Ports = 2> <Width = 16> <Depth = 2> <RAM>
ST_2 : Operation 97 [1/2] (1.14ns)   --->   "%a_2_load_1 = load i1 %a_2_addr_1"   --->   Operation 97 'load' 'a_2_load_1' <Predicate = (do_init)> <Delay = 1.14> <CoreInst = "RAM">   --->   Core 82 'RAM' <Latency = 1> <II = 1> <Delay = 1.14> <Storage> <Opcode : 'load' 'store'> <Ports = 2> <Width = 16> <Depth = 2> <RAM>
ST_2 : Operation 98 [1/2] (1.14ns)   --->   "%b_0_load_1 = load i1 %b_0_addr_1"   --->   Operation 98 'load' 'b_0_load_1' <Predicate = (do_init)> <Delay = 1.14> <CoreInst = "RAM">   --->   Core 82 'RAM' <Latency = 1> <II = 1> <Delay = 1.14> <Storage> <Opcode : 'load' 'store'> <Ports = 2> <Width = 16> <Depth = 2> <RAM>
ST_2 : Operation 99 [1/2] (1.14ns)   --->   "%b_1_load_1 = load i1 %b_1_addr_1"   --->   Operation 99 'load' 'b_1_load_1' <Predicate = (do_init)> <Delay = 1.14> <CoreInst = "RAM">   --->   Core 82 'RAM' <Latency = 1> <II = 1> <Delay = 1.14> <Storage> <Opcode : 'load' 'store'> <Ports = 2> <Width = 16> <Depth = 2> <RAM>
ST_2 : Operation 100 [1/2] (1.14ns)   --->   "%b_2_load_1 = load i1 %b_2_addr_1"   --->   Operation 100 'load' 'b_2_load_1' <Predicate = (do_init)> <Delay = 1.14> <CoreInst = "RAM">   --->   Core 82 'RAM' <Latency = 1> <II = 1> <Delay = 1.14> <Storage> <Opcode : 'load' 'store'> <Ports = 2> <Width = 16> <Depth = 2> <RAM>
ST_2 : Operation 101 [1/2] (1.14ns)   --->   "%a_3_load = load i1 %a_3_addr"   --->   Operation 101 'load' 'a_3_load' <Predicate = (do_init)> <Delay = 1.14> <CoreInst = "RAM">   --->   Core 82 'RAM' <Latency = 1> <II = 1> <Delay = 1.14> <Storage> <Opcode : 'load' 'store'> <Ports = 2> <Width = 16> <Depth = 2> <RAM>
ST_2 : Operation 102 [1/2] (1.14ns)   --->   "%b_3_load = load i1 %b_3_addr"   --->   Operation 102 'load' 'b_3_load' <Predicate = (do_init)> <Delay = 1.14> <CoreInst = "RAM">   --->   Core 82 'RAM' <Latency = 1> <II = 1> <Delay = 1.14> <Storage> <Opcode : 'load' 'store'> <Ports = 2> <Width = 16> <Depth = 2> <RAM>
ST_2 : Operation 103 [1/2] (1.14ns)   --->   "%a_3_load_1 = load i1 %a_3_addr_1"   --->   Operation 103 'load' 'a_3_load_1' <Predicate = (do_init)> <Delay = 1.14> <CoreInst = "RAM">   --->   Core 82 'RAM' <Latency = 1> <II = 1> <Delay = 1.14> <Storage> <Opcode : 'load' 'store'> <Ports = 2> <Width = 16> <Depth = 2> <RAM>
ST_2 : Operation 104 [1/2] (1.14ns)   --->   "%b_3_load_1 = load i1 %b_3_addr_1"   --->   Operation 104 'load' 'b_3_load_1' <Predicate = (do_init)> <Delay = 1.14> <CoreInst = "RAM">   --->   Core 82 'RAM' <Latency = 1> <II = 1> <Delay = 1.14> <Storage> <Opcode : 'load' 'store'> <Ports = 2> <Width = 16> <Depth = 2> <RAM>
ST_2 : Operation 105 [1/1] (0.83ns)   --->   "%br_ln10 = br void %for.body.split" [inner_product.cpp:10]   --->   Operation 105 'br' 'br_ln10' <Predicate = (do_init)> <Delay = 0.83>
ST_2 : Operation 106 [1/1] (0.00ns)   --->   "%b_3_load_1_phi = phi i16 %b_3_load_1, void %rewind_init, i16 %b_3_load_1_rewind, void %rewind_header"   --->   Operation 106 'phi' 'b_3_load_1_phi' <Predicate = true> <Delay = 0.00>
ST_2 : Operation 107 [1/1] (0.00ns)   --->   "%a_3_load_1_phi = phi i16 %a_3_load_1, void %rewind_init, i16 %a_3_load_1_rewind, void %rewind_header"   --->   Operation 107 'phi' 'a_3_load_1_phi' <Predicate = true> <Delay = 0.00>
ST_2 : Operation 108 [1/1] (0.00ns)   --->   "%b_3_load_phi = phi i16 %b_3_load, void %rewind_init, i16 %b_3_load_rewind, void %rewind_header"   --->   Operation 108 'phi' 'b_3_load_phi' <Predicate = true> <Delay = 0.00>
ST_2 : Operation 109 [1/1] (0.00ns)   --->   "%a_3_load_phi = phi i16 %a_3_load, void %rewind_init, i16 %a_3_load_rewind, void %rewind_header"   --->   Operation 109 'phi' 'a_3_load_phi' <Predicate = true> <Delay = 0.00>
ST_2 : Operation 110 [1/1] (0.00ns)   --->   "%b_2_load_1_phi = phi i16 %b_2_load_1, void %rewind_init, i16 %b_2_load_1_rewind, void %rewind_header"   --->   Operation 110 'phi' 'b_2_load_1_phi' <Predicate = true> <Delay = 0.00>
ST_2 : Operation 111 [1/1] (0.00ns)   --->   "%b_1_load_1_phi = phi i16 %b_1_load_1, void %rewind_init, i16 %b_1_load_1_rewind, void %rewind_header"   --->   Operation 111 'phi' 'b_1_load_1_phi' <Predicate = true> <Delay = 0.00>
ST_2 : Operation 112 [1/1] (0.00ns)   --->   "%b_0_load_1_phi = phi i16 %b_0_load_1, void %rewind_init, i16 %b_0_load_1_rewind, void %rewind_header"   --->   Operation 112 'phi' 'b_0_load_1_phi' <Predicate = true> <Delay = 0.00>
ST_2 : Operation 113 [1/1] (0.00ns)   --->   "%a_2_load_1_phi = phi i16 %a_2_load_1, void %rewind_init, i16 %a_2_load_1_rewind, void %rewind_header"   --->   Operation 113 'phi' 'a_2_load_1_phi' <Predicate = true> <Delay = 0.00>
ST_2 : Operation 114 [1/1] (0.00ns)   --->   "%a_1_load_1_phi = phi i16 %a_1_load_1, void %rewind_init, i16 %a_1_load_1_rewind, void %rewind_header"   --->   Operation 114 'phi' 'a_1_load_1_phi' <Predicate = true> <Delay = 0.00>
ST_2 : Operation 115 [1/1] (0.00ns)   --->   "%a_0_load_1_phi = phi i16 %a_0_load_1, void %rewind_init, i16 %a_0_load_1_rewind, void %rewind_header"   --->   Operation 115 'phi' 'a_0_load_1_phi' <Predicate = true> <Delay = 0.00>
ST_2 : Operation 116 [1/1] (0.00ns)   --->   "%b_2_load_phi = phi i16 %b_2_load, void %rewind_init, i16 %b_2_load_rewind, void %rewind_header"   --->   Operation 116 'phi' 'b_2_load_phi' <Predicate = true> <Delay = 0.00>
ST_2 : Operation 117 [1/1] (0.00ns)   --->   "%b_1_load_phi = phi i16 %b_1_load, void %rewind_init, i16 %b_1_load_rewind, void %rewind_header"   --->   Operation 117 'phi' 'b_1_load_phi' <Predicate = true> <Delay = 0.00>
ST_2 : Operation 118 [1/1] (0.00ns)   --->   "%b_0_load_phi = phi i16 %b_0_load, void %rewind_init, i16 %b_0_load_rewind, void %rewind_header"   --->   Operation 118 'phi' 'b_0_load_phi' <Predicate = true> <Delay = 0.00>
ST_2 : Operation 119 [1/1] (0.00ns)   --->   "%a_2_load_phi = phi i16 %a_2_load, void %rewind_init, i16 %a_2_load_rewind, void %rewind_header"   --->   Operation 119 'phi' 'a_2_load_phi' <Predicate = true> <Delay = 0.00>
ST_2 : Operation 120 [1/1] (0.00ns)   --->   "%a_1_load_phi = phi i16 %a_1_load, void %rewind_init, i16 %a_1_load_rewind, void %rewind_header"   --->   Operation 120 'phi' 'a_1_load_phi' <Predicate = true> <Delay = 0.00>
ST_2 : Operation 121 [1/1] (0.00ns)   --->   "%a_0_load_phi = phi i16 %a_0_load, void %rewind_init, i16 %a_0_load_rewind, void %rewind_header"   --->   Operation 121 'phi' 'a_0_load_phi' <Predicate = true> <Delay = 0.00>
ST_2 : Operation 122 [1/1] (0.84ns)   --->   "%tmp = mux i16 @_ssdm_op_Mux.ap_auto.3i16.i2, i16 %a_0_load_phi, i16 0, i16 %a_2_load_phi, i2 %lshr_ln"   --->   Operation 122 'mux' 'tmp' <Predicate = true> <Delay = 0.84> <CoreInst = "Multiplexer">   --->   Core 76 'Multiplexer' <Latency = 0> <II = 1> <Delay = 0.84> <FuncUnit> <Opcode : 'mux'> <InPorts = 2> <OutPorts = 1>
ST_2 : Operation 123 [1/1] (0.84ns)   --->   "%tmp_1 = mux i16 @_ssdm_op_Mux.ap_auto.3i16.i2, i16 %b_0_load_phi, i16 0, i16 %b_2_load_phi, i2 %lshr_ln"   --->   Operation 123 'mux' 'tmp_1' <Predicate = true> <Delay = 0.84> <CoreInst = "Multiplexer">   --->   Core 76 'Multiplexer' <Latency = 0> <II = 1> <Delay = 0.84> <FuncUnit> <Opcode : 'mux'> <InPorts = 2> <OutPorts = 1>
ST_2 : Operation 124 [1/1] (0.84ns)   --->   "%tmp_2 = mux i16 @_ssdm_op_Mux.ap_auto.3i16.i2, i16 %a_0_load_1_phi, i16 0, i16 %a_2_load_1_phi, i2 %lshr_ln"   --->   Operation 124 'mux' 'tmp_2' <Predicate = true> <Delay = 0.84> <CoreInst = "Multiplexer">   --->   Core 76 'Multiplexer' <Latency = 0> <II = 1> <Delay = 0.84> <FuncUnit> <Opcode : 'mux'> <InPorts = 2> <OutPorts = 1>
ST_2 : Operation 125 [1/1] (0.84ns)   --->   "%tmp_3 = mux i16 @_ssdm_op_Mux.ap_auto.3i16.i2, i16 %b_0_load_1_phi, i16 0, i16 %b_2_load_1_phi, i2 %lshr_ln"   --->   Operation 125 'mux' 'tmp_3' <Predicate = true> <Delay = 0.84> <CoreInst = "Multiplexer">   --->   Core 76 'Multiplexer' <Latency = 0> <II = 1> <Delay = 0.84> <FuncUnit> <Opcode : 'mux'> <InPorts = 2> <OutPorts = 1>
ST_2 : Operation 126 [1/1] (0.00ns)   --->   "%or_ln1317 = or i2 %lshr_ln, i2 1"   --->   Operation 126 'or' 'or_ln1317' <Predicate = true> <Delay = 0.00>
ST_2 : Operation 127 [1/1] (0.86ns)   --->   "%tmp_4 = mux i16 @_ssdm_op_Mux.ap_auto.4i16.i2, i16 0, i16 %a_1_load_phi, i16 0, i16 %a_3_load_phi, i2 %or_ln1317"   --->   Operation 127 'mux' 'tmp_4' <Predicate = true> <Delay = 0.86> <CoreInst = "Multiplexer">   --->   Core 76 'Multiplexer' <Latency = 0> <II = 1> <Delay = 0.86> <FuncUnit> <Opcode : 'mux'> <InPorts = 2> <OutPorts = 1>
ST_2 : Operation 128 [1/1] (0.86ns)   --->   "%tmp_5 = mux i16 @_ssdm_op_Mux.ap_auto.4i16.i2, i16 0, i16 %b_1_load_phi, i16 0, i16 %b_3_load_phi, i2 %or_ln1317"   --->   Operation 128 'mux' 'tmp_5' <Predicate = true> <Delay = 0.86> <CoreInst = "Multiplexer">   --->   Core 76 'Multiplexer' <Latency = 0> <II = 1> <Delay = 0.86> <FuncUnit> <Opcode : 'mux'> <InPorts = 2> <OutPorts = 1>
ST_2 : Operation 129 [1/1] (0.86ns)   --->   "%tmp_6 = mux i16 @_ssdm_op_Mux.ap_auto.4i16.i2, i16 0, i16 %a_1_load_1_phi, i16 0, i16 %a_3_load_1_phi, i2 %or_ln1317"   --->   Operation 129 'mux' 'tmp_6' <Predicate = true> <Delay = 0.86> <CoreInst = "Multiplexer">   --->   Core 76 'Multiplexer' <Latency = 0> <II = 1> <Delay = 0.86> <FuncUnit> <Opcode : 'mux'> <InPorts = 2> <OutPorts = 1>
ST_2 : Operation 130 [1/1] (0.86ns)   --->   "%tmp_7 = mux i16 @_ssdm_op_Mux.ap_auto.4i16.i2, i16 0, i16 %b_1_load_1_phi, i16 0, i16 %b_3_load_1_phi, i2 %or_ln1317"   --->   Operation 130 'mux' 'tmp_7' <Predicate = true> <Delay = 0.86> <CoreInst = "Multiplexer">   --->   Core 76 'Multiplexer' <Latency = 0> <II = 1> <Delay = 0.86> <FuncUnit> <Opcode : 'mux'> <InPorts = 2> <OutPorts = 1>

State 3 <SV = 2> <Delay = 1.54>
ST_3 : Operation 131 [4/4] (1.54ns) (root node of the DSP)   --->   "%mul_ln859 = mul i16 %tmp_1, i16 %tmp"   --->   Operation 131 'mul' 'mul_ln859' <Predicate = true> <Delay = 1.54> <CoreInst = "DSP48">   --->   Core 119 'DSP48' <Latency = 3> <II = 1> <Delay = 1.54> <IPBlock> <Opcode : 'mul' 'add' 'sub' 'select'> <InPorts = 0> <OutPorts = 1> <Sync> <CReg>
ST_3 : Operation 132 [4/4] (1.54ns) (root node of the DSP)   --->   "%mul_ln859_2 = mul i16 %tmp_5, i16 %tmp_4"   --->   Operation 132 'mul' 'mul_ln859_2' <Predicate = true> <Delay = 1.54> <CoreInst = "DSP48">   --->   Core 119 'DSP48' <Latency = 3> <II = 1> <Delay = 1.54> <IPBlock> <Opcode : 'mul' 'add' 'sub' 'select'> <InPorts = 0> <OutPorts = 1> <Sync> <CReg>

State 4 <SV = 3> <Delay = 1.54>
ST_4 : Operation 133 [3/4] (1.54ns) (root node of the DSP)   --->   "%mul_ln859 = mul i16 %tmp_1, i16 %tmp"   --->   Operation 133 'mul' 'mul_ln859' <Predicate = true> <Delay = 1.54> <CoreInst = "DSP48">   --->   Core 119 'DSP48' <Latency = 3> <II = 1> <Delay = 1.54> <IPBlock> <Opcode : 'mul' 'add' 'sub' 'select'> <InPorts = 0> <OutPorts = 1> <Sync> <CReg>
ST_4 : Operation 134 [3/4] (1.54ns) (root node of the DSP)   --->   "%mul_ln859_2 = mul i16 %tmp_5, i16 %tmp_4"   --->   Operation 134 'mul' 'mul_ln859_2' <Predicate = true> <Delay = 1.54> <CoreInst = "DSP48">   --->   Core 119 'DSP48' <Latency = 3> <II = 1> <Delay = 1.54> <IPBlock> <Opcode : 'mul' 'add' 'sub' 'select'> <InPorts = 0> <OutPorts = 1> <Sync> <CReg>

State 5 <SV = 4> <Delay = 1.54>
ST_5 : Operation 135 [2/4] (1.54ns) (root node of the DSP)   --->   "%mul_ln859 = mul i16 %tmp_1, i16 %tmp"   --->   Operation 135 'mul' 'mul_ln859' <Predicate = true> <Delay = 1.54> <CoreInst = "DSP48">   --->   Core 119 'DSP48' <Latency = 3> <II = 1> <Delay = 1.54> <IPBlock> <Opcode : 'mul' 'add' 'sub' 'select'> <InPorts = 0> <OutPorts = 1> <Sync> <CReg>
ST_5 : Operation 136 [3/3] (1.02ns) (grouped into DSP with root node add_ln859)   --->   "%mul_ln859_1 = mul i16 %tmp_3, i16 %tmp_2"   --->   Operation 136 'mul' 'mul_ln859_1' <Predicate = true> <Delay = 1.02> <CoreInst = "DSP48">   --->   Core 119 'DSP48' <Latency = 3> <II = 1> <Delay = 1.54> <IPBlock> <Opcode : 'mul' 'add' 'sub' 'select'> <InPorts = 0> <OutPorts = 1> <Sync> <CReg>
ST_5 : Operation 137 [2/4] (1.54ns) (root node of the DSP)   --->   "%mul_ln859_2 = mul i16 %tmp_5, i16 %tmp_4"   --->   Operation 137 'mul' 'mul_ln859_2' <Predicate = true> <Delay = 1.54> <CoreInst = "DSP48">   --->   Core 119 'DSP48' <Latency = 3> <II = 1> <Delay = 1.54> <IPBlock> <Opcode : 'mul' 'add' 'sub' 'select'> <InPorts = 0> <OutPorts = 1> <Sync> <CReg>
ST_5 : Operation 138 [3/3] (1.02ns) (grouped into DSP with root node add_ln859_1)   --->   "%mul_ln859_3 = mul i16 %tmp_7, i16 %tmp_6"   --->   Operation 138 'mul' 'mul_ln859_3' <Predicate = true> <Delay = 1.02> <CoreInst = "DSP48">   --->   Core 119 'DSP48' <Latency = 3> <II = 1> <Delay = 1.54> <IPBlock> <Opcode : 'mul' 'add' 'sub' 'select'> <InPorts = 0> <OutPorts = 1> <Sync> <CReg>

State 6 <SV = 5> <Delay = 1.02>
ST_6 : Operation 139 [1/4] (0.00ns) (root node of the DSP)   --->   "%mul_ln859 = mul i16 %tmp_1, i16 %tmp"   --->   Operation 139 'mul' 'mul_ln859' <Predicate = true> <Delay = 0.00> <CoreInst = "DSP48">   --->   Core 119 'DSP48' <Latency = 3> <II = 1> <Delay = 1.54> <IPBlock> <Opcode : 'mul' 'add' 'sub' 'select'> <InPorts = 0> <OutPorts = 1> <Sync> <CReg>
ST_6 : Operation 140 [2/3] (1.02ns) (grouped into DSP with root node add_ln859)   --->   "%mul_ln859_1 = mul i16 %tmp_3, i16 %tmp_2"   --->   Operation 140 'mul' 'mul_ln859_1' <Predicate = true> <Delay = 1.02> <CoreInst = "DSP48">   --->   Core 119 'DSP48' <Latency = 3> <II = 1> <Delay = 1.54> <IPBlock> <Opcode : 'mul' 'add' 'sub' 'select'> <InPorts = 0> <OutPorts = 1> <Sync> <CReg>
ST_6 : Operation 141 [1/4] (0.00ns) (root node of the DSP)   --->   "%mul_ln859_2 = mul i16 %tmp_5, i16 %tmp_4"   --->   Operation 141 'mul' 'mul_ln859_2' <Predicate = true> <Delay = 0.00> <CoreInst = "DSP48">   --->   Core 119 'DSP48' <Latency = 3> <II = 1> <Delay = 1.54> <IPBlock> <Opcode : 'mul' 'add' 'sub' 'select'> <InPorts = 0> <OutPorts = 1> <Sync> <CReg>
ST_6 : Operation 142 [2/3] (1.02ns) (grouped into DSP with root node add_ln859_1)   --->   "%mul_ln859_3 = mul i16 %tmp_7, i16 %tmp_6"   --->   Operation 142 'mul' 'mul_ln859_3' <Predicate = true> <Delay = 1.02> <CoreInst = "DSP48">   --->   Core 119 'DSP48' <Latency = 3> <II = 1> <Delay = 1.54> <IPBlock> <Opcode : 'mul' 'add' 'sub' 'select'> <InPorts = 0> <OutPorts = 1> <Sync> <CReg>

State 7 <SV = 6> <Delay = 1.49>
ST_7 : Operation 143 [1/3] (0.00ns) (grouped into DSP with root node add_ln859)   --->   "%mul_ln859_1 = mul i16 %tmp_3, i16 %tmp_2"   --->   Operation 143 'mul' 'mul_ln859_1' <Predicate = true> <Delay = 0.00> <CoreInst = "DSP48">   --->   Core 119 'DSP48' <Latency = 3> <II = 1> <Delay = 1.54> <IPBlock> <Opcode : 'mul' 'add' 'sub' 'select'> <InPorts = 0> <OutPorts = 1> <Sync> <CReg>
ST_7 : Operation 144 [1/3] (0.00ns) (grouped into DSP with root node add_ln859_1)   --->   "%mul_ln859_3 = mul i16 %tmp_7, i16 %tmp_6"   --->   Operation 144 'mul' 'mul_ln859_3' <Predicate = true> <Delay = 0.00> <CoreInst = "DSP48">   --->   Core 119 'DSP48' <Latency = 3> <II = 1> <Delay = 1.54> <IPBlock> <Opcode : 'mul' 'add' 'sub' 'select'> <InPorts = 0> <OutPorts = 1> <Sync> <CReg>
ST_7 : Operation 145 [2/2] (1.49ns) (root node of the DSP)   --->   "%add_ln859 = add i16 %mul_ln859, i16 %mul_ln859_1"   --->   Operation 145 'add' 'add_ln859' <Predicate = true> <Delay = 1.49> <CoreInst = "DSP48">   --->   Core 119 'DSP48' <Latency = 3> <II = 1> <Delay = 1.54> <IPBlock> <Opcode : 'mul' 'add' 'sub' 'select'> <InPorts = 0> <OutPorts = 1> <Sync> <CReg>
ST_7 : Operation 146 [2/2] (1.49ns) (root node of the DSP)   --->   "%add_ln859_1 = add i16 %mul_ln859_2, i16 %mul_ln859_3"   --->   Operation 146 'add' 'add_ln859_1' <Predicate = true> <Delay = 1.49> <CoreInst = "DSP48">   --->   Core 119 'DSP48' <Latency = 3> <II = 1> <Delay = 1.54> <IPBlock> <Opcode : 'mul' 'add' 'sub' 'select'> <InPorts = 0> <OutPorts = 1> <Sync> <CReg>

State 8 <SV = 7> <Delay = 1.49>
ST_8 : Operation 147 [1/2] (1.49ns) (root node of the DSP)   --->   "%add_ln859 = add i16 %mul_ln859, i16 %mul_ln859_1"   --->   Operation 147 'add' 'add_ln859' <Predicate = true> <Delay = 1.49> <CoreInst = "DSP48">   --->   Core 119 'DSP48' <Latency = 3> <II = 1> <Delay = 1.54> <IPBlock> <Opcode : 'mul' 'add' 'sub' 'select'> <InPorts = 0> <OutPorts = 1> <Sync> <CReg>
ST_8 : Operation 148 [1/2] (1.49ns) (root node of the DSP)   --->   "%add_ln859_1 = add i16 %mul_ln859_2, i16 %mul_ln859_3"   --->   Operation 148 'add' 'add_ln859_1' <Predicate = true> <Delay = 1.49> <CoreInst = "DSP48">   --->   Core 119 'DSP48' <Latency = 3> <II = 1> <Delay = 1.54> <IPBlock> <Opcode : 'mul' 'add' 'sub' 'select'> <InPorts = 0> <OutPorts = 1> <Sync> <CReg>

State 9 <SV = 8> <Delay = 2.04>
ST_9 : Operation 149 [1/1] (0.00ns)   --->   "%acc_V2 = phi i16 0, void %entry, i16 %acc_V, void %for.body.split, i16 0, void %for.end"   --->   Operation 149 'phi' 'acc_V2' <Predicate = true> <Delay = 0.00>
ST_9 : Operation 150 [1/1] (0.00ns)   --->   "%empty = speclooptripcount i32 @_ssdm_op_SpecLoopTripCount, i64 2, i64 2, i64 2"   --->   Operation 150 'speclooptripcount' 'empty' <Predicate = true> <Delay = 0.00>
ST_9 : Operation 151 [1/1] (0.00ns)   --->   "%specpipeline_ln7 = specpipeline void @_ssdm_op_SpecPipeline, i32 1, i32 0, i32 0, i32 0, void @empty_0" [Z:/ECC/Desktop/Winter2023/ELEN226/Assignment2/InnerProduct/solution5/directives.tcl:7]   --->   Operation 151 'specpipeline' 'specpipeline_ln7' <Predicate = true> <Delay = 0.00>
ST_9 : Operation 152 [1/1] (0.00ns)   --->   "%specloopname_ln6 = specloopname void @_ssdm_op_SpecLoopName, void @empty_3" [inner_product.cpp:6]   --->   Operation 152 'specloopname' 'specloopname_ln6' <Predicate = true> <Delay = 0.00>
ST_9 : Operation 153 [1/1] (0.00ns) (grouped into TernaryAdder)   --->   "%add_ln859_2 = add i16 %add_ln859_1, i16 %add_ln859"   --->   Operation 153 'add' 'add_ln859_2' <Predicate = true> <Delay = 0.00> <CoreInst = "TAddSub">   --->   Core 10 'TAddSub' <Latency = 0> <II = 1> <Delay = 1.02> <IPBlock> <Opcode : 'add' 'sub'> <InPorts = 3> <OutPorts = 1> <Sync> <CReg>
ST_9 : Operation 154 [1/1] (2.04ns) (root node of TernaryAdder)   --->   "%acc_V = add i16 %acc_V2, i16 %add_ln859_2"   --->   Operation 154 'add' 'acc_V' <Predicate = true> <Delay = 2.04> <CoreInst = "TAddSub">   --->   Core 10 'TAddSub' <Latency = 0> <II = 1> <Delay = 1.02> <IPBlock> <Opcode : 'add' 'sub'> <InPorts = 3> <OutPorts = 1> <Sync> <CReg>
ST_9 : Operation 155 [1/1] (0.00ns)   --->   "%write_ln14 = write void @_ssdm_op_Write.ap_auto.i16P0A, i16 %s, i16 %acc_V" [inner_product.cpp:14]   --->   Operation 155 'write' 'write_ln14' <Predicate = (tmp_8)> <Delay = 0.00>
ST_9 : Operation 156 [1/1] (0.00ns)   --->   "%return_ln15 = return void @_ssdm_op_Return" [inner_product.cpp:15]   --->   Operation 156 'return' 'return_ln15' <Predicate = (tmp_8)> <Delay = 0.00>


============================================================
+ Verbose Summary: Timing violations
============================================================
Target clock period: 4ns, clock uncertainty: 1.08ns.

 <State 1>: 1.85ns
The critical path consists of the following:
	multiplexor before 'phi' operation ('i1', inner_product.cpp:6) with incoming values : ('trunc_ln6', inner_product.cpp:6) [39]  (0.833 ns)
	'phi' operation ('i1', inner_product.cpp:6) with incoming values : ('trunc_ln6', inner_product.cpp:6) [39]  (0 ns)
	'add' operation ('i', inner_product.cpp:10) [124]  (1.02 ns)

 <State 2>: 2.84ns
The critical path consists of the following:
	'load' operation ('a_1_load') on array 'a_1' [55]  (1.15 ns)
	multiplexor before 'phi' operation ('a_1_load_phi') with incoming values : ('a_1_load') [100]  (0.833 ns)
	'phi' operation ('a_1_load_phi') with incoming values : ('a_1_load') [100]  (0 ns)
	'mux' operation ('tmp_4') [114]  (0.863 ns)

 <State 3>: 1.54ns
The critical path consists of the following:
	'mul' operation of DSP[109] ('mul_ln859') [109]  (1.54 ns)

 <State 4>: 1.54ns
The critical path consists of the following:
	'mul' operation of DSP[109] ('mul_ln859') [109]  (1.54 ns)

 <State 5>: 1.54ns
The critical path consists of the following:
	'mul' operation of DSP[109] ('mul_ln859') [109]  (1.54 ns)

 <State 6>: 1.02ns
The critical path consists of the following:
	'mul' operation of DSP[120] ('mul_ln859_1') [112]  (1.02 ns)

 <State 7>: 1.49ns
The critical path consists of the following:
	'mul' operation of DSP[120] ('mul_ln859_1') [112]  (0 ns)
	'add' operation of DSP[120] ('add_ln859') [120]  (1.49 ns)

 <State 8>: 1.49ns
The critical path consists of the following:
	'add' operation of DSP[120] ('add_ln859') [120]  (1.49 ns)

 <State 9>: 2.05ns
The critical path consists of the following:
	'phi' operation ('acc.V') with incoming values : ('acc_V') [38]  (0 ns)
	'add' operation ('acc_V') [123]  (2.05 ns)
	wire write operation ('write_ln14', inner_product.cpp:14) on port 's' (inner_product.cpp:14) [129]  (0 ns)


============================================================
+ Verbose Summary: Binding
============================================================
N/A
* FSMD analyzer results:
  - Output states:
 - Input state : 
  - Chain level:
	State 1
	State 2
	State 3
	State 4
	State 5
	State 6
	State 7
	State 8
	State 9


============================================================
+ Verbose Summary: Datapath Resource usage 
============================================================
N/A
