#-----------------------------------------------------------
# xsim v2022.1 (64-bit)
# SW Build 3526262 on Mon Apr 18 15:48:16 MDT 2022
# IP Build 3524634 on Mon Apr 18 20:55:01 MDT 2022
# Start of session at: Fri Feb 17 23:40:31 2023
# Process ID: 9624
# Current directory: Z:/ECC/Desktop/Winter2023/ELEN226/Assignment3/mmul/solution1/sim/verilog
# Command line: xsim.exe -mode tcl -source {xsim.dir/mmul/xsim_script.tcl}
# Log file: Z:/ECC/Desktop/Winter2023/ELEN226/Assignment3/mmul/solution1/sim/verilog/xsim.log
# Journal file: Z:/ECC/Desktop/Winter2023/ELEN226/Assignment3/mmul/solution1/sim/verilog\xsim.jou
# Running On: winvdi1002, OS: Windows, CPU Frequency: 2394 MHz, CPU Physical cores: 4, Host memory: 8588 MB
#-----------------------------------------------------------
source xsim.dir/mmul/xsim_script.tcl
# xsim {mmul} -view {{mmul_dataflow_ana.wcfg}} -tclbatch {mmul.tcl} -protoinst {mmul.protoinst}
INFO: [Wavedata 42-565] Reading protoinst file mmul.protoinst
INFO: [Wavedata 42-564]   Found protocol instance at /apatb_mmul_top/AESL_inst_mmul//AESL_inst_mmul_activity
Time resolution is 1 ps
open_wave_config mmul_dataflow_ana.wcfg
source mmul.tcl
## log_wave -r /
WARNING: [Simtcl 6-197] One or more HDL objects could not be logged because of object type or size limitations.  To see details please rerun the command with -verbose (-v).
## set designtopgroup [add_wave_group "Design Top Signals"]
## set coutputgroup [add_wave_group "C Outputs" -into $designtopgroup]
## set return_group [add_wave_group return(memory) -into $coutputgroup]
## add_wave /apatb_mmul_top/AESL_inst_mmul/c_d0 -into $return_group -radix hex
## add_wave /apatb_mmul_top/AESL_inst_mmul/c_we0 -into $return_group -color #ffff00 -radix hex
## add_wave /apatb_mmul_top/AESL_inst_mmul/c_ce0 -into $return_group -color #ffff00 -radix hex
## add_wave /apatb_mmul_top/AESL_inst_mmul/c_address0 -into $return_group -radix hex
## set cinputgroup [add_wave_group "C Inputs" -into $designtopgroup]
## set return_group [add_wave_group return(memory) -into $cinputgroup]
## add_wave /apatb_mmul_top/AESL_inst_mmul/b_q0 -into $return_group -radix hex
## add_wave /apatb_mmul_top/AESL_inst_mmul/b_ce0 -into $return_group -color #ffff00 -radix hex
## add_wave /apatb_mmul_top/AESL_inst_mmul/b_address0 -into $return_group -radix hex
## add_wave /apatb_mmul_top/AESL_inst_mmul/a_q0 -into $return_group -radix hex
## add_wave /apatb_mmul_top/AESL_inst_mmul/a_ce0 -into $return_group -color #ffff00 -radix hex
## add_wave /apatb_mmul_top/AESL_inst_mmul/a_address0 -into $return_group -radix hex
## set blocksiggroup [add_wave_group "Block-level IO Handshake" -into $designtopgroup]
## add_wave /apatb_mmul_top/AESL_inst_mmul/ap_start -into $blocksiggroup
## add_wave /apatb_mmul_top/AESL_inst_mmul/ap_done -into $blocksiggroup
## add_wave /apatb_mmul_top/AESL_inst_mmul/ap_idle -into $blocksiggroup
## add_wave /apatb_mmul_top/AESL_inst_mmul/ap_ready -into $blocksiggroup
## set resetgroup [add_wave_group "Reset" -into $designtopgroup]
## add_wave /apatb_mmul_top/AESL_inst_mmul/ap_rst -into $resetgroup
## set clockgroup [add_wave_group "Clock" -into $designtopgroup]
## add_wave /apatb_mmul_top/AESL_inst_mmul/ap_clk -into $clockgroup
## set testbenchgroup [add_wave_group "Test Bench Signals"]
## set tbinternalsiggroup [add_wave_group "Internal Signals" -into $testbenchgroup]
## set tb_simstatus_group [add_wave_group "Simulation Status" -into $tbinternalsiggroup]
## set tb_portdepth_group [add_wave_group "Port Depth" -into $tbinternalsiggroup]
## add_wave /apatb_mmul_top/AUTOTB_TRANSACTION_NUM -into $tb_simstatus_group -radix hex
## add_wave /apatb_mmul_top/ready_cnt -into $tb_simstatus_group -radix hex
## add_wave /apatb_mmul_top/done_cnt -into $tb_simstatus_group -radix hex
## add_wave /apatb_mmul_top/LENGTH_a -into $tb_portdepth_group -radix hex
## add_wave /apatb_mmul_top/LENGTH_b -into $tb_portdepth_group -radix hex
## add_wave /apatb_mmul_top/LENGTH_c -into $tb_portdepth_group -radix hex
## set tbcoutputgroup [add_wave_group "C Outputs" -into $testbenchgroup]
## set tb_return_group [add_wave_group return(memory) -into $tbcoutputgroup]
## add_wave /apatb_mmul_top/c_d0 -into $tb_return_group -radix hex
## add_wave /apatb_mmul_top/c_we0 -into $tb_return_group -color #ffff00 -radix hex
## add_wave /apatb_mmul_top/c_ce0 -into $tb_return_group -color #ffff00 -radix hex
## add_wave /apatb_mmul_top/c_address0 -into $tb_return_group -radix hex
## set tbcinputgroup [add_wave_group "C Inputs" -into $testbenchgroup]
## set tb_return_group [add_wave_group return(memory) -into $tbcinputgroup]
## add_wave /apatb_mmul_top/b_q0 -into $tb_return_group -radix hex
## add_wave /apatb_mmul_top/b_ce0 -into $tb_return_group -color #ffff00 -radix hex
## add_wave /apatb_mmul_top/b_address0 -into $tb_return_group -radix hex
## add_wave /apatb_mmul_top/a_q0 -into $tb_return_group -radix hex
## add_wave /apatb_mmul_top/a_ce0 -into $tb_return_group -color #ffff00 -radix hex
## add_wave /apatb_mmul_top/a_address0 -into $tb_return_group -radix hex
## save_wave_config mmul.wcfg
## run all
////////////////////////////////////////////////////////////////////////////////////
// Inter-Transaction Progress: Completed Transaction / Total Transaction
// Intra-Transaction Progress: Measured Latency / Latency Estimation * 100%
//
// RTL Simulation : "Inter-Transaction Progress" ["Intra-Transaction Progress"] @ "Simulation Time"
////////////////////////////////////////////////////////////////////////////////////
// RTL Simulation : 0 / 1 [0.00%] @ "110000"
// RTL Simulation : 1 / 1 [100.00%] @ "2306000"
////////////////////////////////////////////////////////////////////////////////////
$finish called at time : 2330 ns : File "Z:/ECC/Desktop/Winter2023/ELEN226/Assignment3/mmul/solution1/sim/verilog/mmul.autotb.v" Line 317
## quit
INFO: [Common 17-206] Exiting xsim at Fri Feb 17 23:40:37 2023...
