Test passed !

Z:\ECC\Desktop\Winter2023\ELEN226\Perfect\proj_loop_perfect\solution1\sim\verilog>set PATH= 

Z:\ECC\Desktop\Winter2023\ELEN226\Perfect\proj_loop_perfect\solution1\sim\verilog>call C:/Apps/Xilinx/Vivado/2022.1/bin/xelab xil_defaultlib.apatb_loop_perfect_top glbl -Oenable_linking_all_libraries  -prj loop_perfect.prj -L smartconnect_v1_0 -L axi_protocol_checker_v1_1_12 -L axi_protocol_checker_v1_1_13 -L axis_protocol_checker_v1_1_11 -L axis_protocol_checker_v1_1_12 -L xil_defaultlib -L unisims_ver -L xpm  -L floating_point_v7_0_20 -L floating_point_v7_1_14 --lib "ieee_proposed=./ieee_proposed" -s loop_perfect -debug wave 
Vivado Simulator v2022.1
Copyright 1986-1999, 2001-2022 Xilinx, Inc. All Rights Reserved.
Running: C:/Apps/Xilinx/Vivado/2022.1/bin/unwrapped/win64.o/xelab.exe xil_defaultlib.apatb_loop_perfect_top glbl -Oenable_linking_all_libraries -prj loop_perfect.prj -L smartconnect_v1_0 -L axi_protocol_checker_v1_1_12 -L axi_protocol_checker_v1_1_13 -L axis_protocol_checker_v1_1_11 -L axis_protocol_checker_v1_1_12 -L xil_defaultlib -L unisims_ver -L xpm -L floating_point_v7_0_20 -L floating_point_v7_1_14 --lib ieee_proposed=./ieee_proposed -s loop_perfect -debug wave 
Multi-threading is on. Using 14 slave threads.
INFO: [VRFC 10-2263] Analyzing SystemVerilog file "Z:/ECC/Desktop/Winter2023/ELEN226/Perfect/proj_loop_perfect/solution1/sim/verilog/glbl.v" into library work
INFO: [VRFC 10-311] analyzing module glbl
INFO: [VRFC 10-2263] Analyzing SystemVerilog file "Z:/ECC/Desktop/Winter2023/ELEN226/Perfect/proj_loop_perfect/solution1/sim/verilog/loop_perfect.autotb.v" into library xil_defaultlib
INFO: [VRFC 10-311] analyzing module apatb_loop_perfect_top
INFO: [VRFC 10-2263] Analyzing SystemVerilog file "Z:/ECC/Desktop/Winter2023/ELEN226/Perfect/proj_loop_perfect/solution1/sim/verilog/AESL_automem_A.v" into library xil_defaultlib
INFO: [VRFC 10-311] analyzing module AESL_automem_A
INFO: [VRFC 10-2263] Analyzing SystemVerilog file "Z:/ECC/Desktop/Winter2023/ELEN226/Perfect/proj_loop_perfect/solution1/sim/verilog/AESL_automem_B.v" into library xil_defaultlib
INFO: [VRFC 10-311] analyzing module AESL_automem_B
INFO: [VRFC 10-2263] Analyzing SystemVerilog file "Z:/ECC/Desktop/Winter2023/ELEN226/Perfect/proj_loop_perfect/solution1/sim/verilog/loop_perfect.v" into library xil_defaultlib
INFO: [VRFC 10-311] analyzing module loop_perfect
INFO: [VRFC 10-2263] Analyzing SystemVerilog file "Z:/ECC/Desktop/Winter2023/ELEN226/Perfect/proj_loop_perfect/solution1/sim/verilog/loop_perfect_flow_control_loop_pipe.v" into library xil_defaultlib
INFO: [VRFC 10-311] analyzing module loop_perfect_flow_control_loop_pipe
INFO: [VRFC 10-2263] Analyzing SystemVerilog file "Z:/ECC/Desktop/Winter2023/ELEN226/Perfect/proj_loop_perfect/solution1/sim/verilog/loop_perfect_mac_muladd_5ns_5s_12s_12_4_1.v" into library xil_defaultlib
INFO: [VRFC 10-311] analyzing module loop_perfect_mac_muladd_5ns_5s_12s_12_4_1_DSP48_0
INFO: [VRFC 10-311] analyzing module loop_perfect_mac_muladd_5ns_5s_12s_12_4_1
INFO: [VRFC 10-2263] Analyzing SystemVerilog file "Z:/ECC/Desktop/Winter2023/ELEN226/Perfect/proj_loop_perfect/solution1/sim/verilog/loop_perfect_mul_mul_12s_13ns_26_4_1.v" into library xil_defaultlib
INFO: [VRFC 10-311] analyzing module loop_perfect_mul_mul_12s_13ns_26_4_1_DSP48_1
INFO: [VRFC 10-311] analyzing module loop_perfect_mul_mul_12s_13ns_26_4_1
INFO: [VRFC 10-2263] Analyzing SystemVerilog file "Z:/ECC/Desktop/Winter2023/ELEN226/Perfect/proj_loop_perfect/solution1/sim/verilog/dataflow_monitor.sv" into library xil_defaultlib
INFO: [VRFC 10-311] analyzing module dataflow_monitor
Starting static elaboration
Pass Through NonSizing Optimizer
Completed static elaboration
Starting simulation data flow analysis
Completed simulation data flow analysis
Time Resolution for simulation is 1ps
Compiling package xil_defaultlib.$unit_dataflow_monitor_sv
Compiling module xil_defaultlib.loop_perfect_mac_muladd_5ns_5s_1...
Compiling module xil_defaultlib.loop_perfect_mac_muladd_5ns_5s_1...
Compiling module xil_defaultlib.loop_perfect_mul_mul_12s_13ns_26...
Compiling module xil_defaultlib.loop_perfect_mul_mul_12s_13ns_26...
Compiling module xil_defaultlib.loop_perfect_flow_control_loop_p...
Compiling module xil_defaultlib.loop_perfect
Compiling module xil_defaultlib.AESL_automem_A
Compiling module xil_defaultlib.AESL_automem_B
Compiling module xil_defaultlib.nodf_module_intf
Compiling module xil_defaultlib.upc_loop_intf(FSM_WIDTH=1)
Compiling module xil_defaultlib.dataflow_monitor_1
Compiling module xil_defaultlib.apatb_loop_perfect_top
Compiling module work.glbl
Built simulation snapshot loop_perfect

****** xsim v2022.1 (64-bit)
  **** SW Build 3526262 on Mon Apr 18 15:48:16 MDT 2022
  **** IP Build 3524634 on Mon Apr 18 20:55:01 MDT 2022
    ** Copyright 1986-2022 Xilinx, Inc. All Rights Reserved.

source xsim.dir/loop_perfect/xsim_script.tcl
# xsim {loop_perfect} -view {{loop_perfect_dataflow_ana.wcfg}} -tclbatch {loop_perfect.tcl} -protoinst {loop_perfect.protoinst}
INFO: [Wavedata 42-565] Reading protoinst file loop_perfect.protoinst
INFO: [Wavedata 42-564]   Found protocol instance at /apatb_loop_perfect_top/AESL_inst_loop_perfect//AESL_inst_loop_perfect_activity
Time resolution is 1 ps
open_wave_config loop_perfect_dataflow_ana.wcfg
source loop_perfect.tcl
## log_wave -r /
WARNING: [Simtcl 6-197] One or more HDL objects could not be logged because of object type or size limitations.  To see details please rerun the command with -verbose (-v).
## set designtopgroup [add_wave_group "Design Top Signals"]
## set coutputgroup [add_wave_group "C Outputs" -into $designtopgroup]
## set return_group [add_wave_group return(memory) -into $coutputgroup]
## add_wave /apatb_loop_perfect_top/AESL_inst_loop_perfect/B_d0 -into $return_group -radix hex
## add_wave /apatb_loop_perfect_top/AESL_inst_loop_perfect/B_we0 -into $return_group -color #ffff00 -radix hex
## add_wave /apatb_loop_perfect_top/AESL_inst_loop_perfect/B_ce0 -into $return_group -color #ffff00 -radix hex
## add_wave /apatb_loop_perfect_top/AESL_inst_loop_perfect/B_address0 -into $return_group -radix hex
## set cinputgroup [add_wave_group "C Inputs" -into $designtopgroup]
## set return_group [add_wave_group return(memory) -into $cinputgroup]
## add_wave /apatb_loop_perfect_top/AESL_inst_loop_perfect/A_q0 -into $return_group -radix hex
## add_wave /apatb_loop_perfect_top/AESL_inst_loop_perfect/A_ce0 -into $return_group -color #ffff00 -radix hex
## add_wave /apatb_loop_perfect_top/AESL_inst_loop_perfect/A_address0 -into $return_group -radix hex
## set blocksiggroup [add_wave_group "Block-level IO Handshake" -into $designtopgroup]
## add_wave /apatb_loop_perfect_top/AESL_inst_loop_perfect/ap_start -into $blocksiggroup
## add_wave /apatb_loop_perfect_top/AESL_inst_loop_perfect/ap_done -into $blocksiggroup
## add_wave /apatb_loop_perfect_top/AESL_inst_loop_perfect/ap_idle -into $blocksiggroup
## add_wave /apatb_loop_perfect_top/AESL_inst_loop_perfect/ap_ready -into $blocksiggroup
## set resetgroup [add_wave_group "Reset" -into $designtopgroup]
## add_wave /apatb_loop_perfect_top/AESL_inst_loop_perfect/ap_rst -into $resetgroup
## set clockgroup [add_wave_group "Clock" -into $designtopgroup]
## add_wave /apatb_loop_perfect_top/AESL_inst_loop_perfect/ap_clk -into $clockgroup
## set testbenchgroup [add_wave_group "Test Bench Signals"]
## set tbinternalsiggroup [add_wave_group "Internal Signals" -into $testbenchgroup]
## set tb_simstatus_group [add_wave_group "Simulation Status" -into $tbinternalsiggroup]
## set tb_portdepth_group [add_wave_group "Port Depth" -into $tbinternalsiggroup]
## add_wave /apatb_loop_perfect_top/AUTOTB_TRANSACTION_NUM -into $tb_simstatus_group -radix hex
## add_wave /apatb_loop_perfect_top/ready_cnt -into $tb_simstatus_group -radix hex
## add_wave /apatb_loop_perfect_top/done_cnt -into $tb_simstatus_group -radix hex
## add_wave /apatb_loop_perfect_top/LENGTH_A -into $tb_portdepth_group -radix hex
## add_wave /apatb_loop_perfect_top/LENGTH_B -into $tb_portdepth_group -radix hex
## set tbcoutputgroup [add_wave_group "C Outputs" -into $testbenchgroup]
## set tb_return_group [add_wave_group return(memory) -into $tbcoutputgroup]
## add_wave /apatb_loop_perfect_top/B_d0 -into $tb_return_group -radix hex
## add_wave /apatb_loop_perfect_top/B_we0 -into $tb_return_group -color #ffff00 -radix hex
## add_wave /apatb_loop_perfect_top/B_ce0 -into $tb_return_group -color #ffff00 -radix hex
## add_wave /apatb_loop_perfect_top/B_address0 -into $tb_return_group -radix hex
## set tbcinputgroup [add_wave_group "C Inputs" -into $testbenchgroup]
## set tb_return_group [add_wave_group return(memory) -into $tbcinputgroup]
## add_wave /apatb_loop_perfect_top/A_q0 -into $tb_return_group -radix hex
## add_wave /apatb_loop_perfect_top/A_ce0 -into $tb_return_group -color #ffff00 -radix hex
## add_wave /apatb_loop_perfect_top/A_address0 -into $tb_return_group -radix hex
## save_wave_config loop_perfect.wcfg
## run all
////////////////////////////////////////////////////////////////////////////////////
// Inter-Transaction Progress: Completed Transaction / Total Transaction
// Intra-Transaction Progress: Measured Latency / Latency Estimation * 100%
//
// RTL Simulation : "Inter-Transaction Progress" ["Intra-Transaction Progress"] @ "Simulation Time"
////////////////////////////////////////////////////////////////////////////////////
// RTL Simulation : 0 / 1 [0.00%] @ "110000"
// RTL Simulation : 1 / 1 [100.00%] @ "1746000"
////////////////////////////////////////////////////////////////////////////////////
$finish called at time : 1770 ns : File "Z:/ECC/Desktop/Winter2023/ELEN226/Perfect/proj_loop_perfect/solution1/sim/verilog/loop_perfect.autotb.v" Line 265
## quit
INFO: [Common 17-206] Exiting xsim at Tue Feb 14 08:01:44 2023...
Test passed !
