================================================================
== Vivado RTL Synthesis Results
================================================================
+ General Information:
    * Date:            Fri Feb 24 12:49:50 -0800 2023
    * Version:         2022.1 (Build 3526262 on Mon Apr 18 15:48:16 MDT 2022)
    * Project:         InnerProduct
    * Solution:        solution2 (Vivado IP Flow Target)
    * Product family:  kintex7
    * Target device:   xc7k160t-fbg676-2


================================================================
== Run Constraints & Options
================================================================
+ Design Constraints & Options:
    * RTL Synthesis target clock:  4 ns
    * C-Synthesis target clock:    4 ns
    * C-Synthesis uncertainty:     27%

+ RTL Synthesis Options:
    * config_export -vivado_synth_strategy:     default
    * config_export -vivado_synth_design_args:  -directive sdx_optimization_effort_high

+ Reporting Options:
    * config_export -vivado_report_level:      2
    * config_export -vivado_max_timing_paths:  10


================================================================
== RTL Synthesis Resource Summary
================================================================
LUT:              29
FF:               27
DSP:              1
BRAM:             0
URAM:             0
SRL:              2


================================================================
== RTL Synthesis Timing Summary
================================================================
* Timing was met
+------------+-------------+
| Timing     | Period (ns) |
+------------+-------------+
| Target     | 4.000       |
| Post-Route | 2.592       |
+------------+-------------+


================================================================
== RTL Synthesis Resources
================================================================
+-------------------------------------+-----+----+-----+------+------+-----+--------+-------+---------+-----------+---------------------------------------------------------------------------------+
| Name                                | LUT | FF | DSP | BRAM | URAM | SRL | Pragma | Impl  | Latency | Variable  | Source                                                                          |
+-------------------------------------+-----+----+-----+------+------+-----+--------+-------+---------+-----------+---------------------------------------------------------------------------------+
| inst                                | 29  | 27 | 1   |      |      |     |        |       |         |           |                                                                                 |
|   (inst)                            | 5   | 26 |     |      |      |     |        |       |         |           |                                                                                 |
|   flow_control_loop_pipe_U          | 8   | 1  |     |      |      |     |        |       |         |           |                                                                                 |
|   mac_muladd_16s_16s_16ns_16_4_1_U1 | 16  |    | 1   |      |      |     |        |       |         |           |                                                                                 |
|     bind_op mul                     |     |    |     |      |      |     |        | dsp48 | 3       | mul_ln859 | C:/Apps/Xilinx/Vitis_HLS/2022.1/common/technology/autopilot\ap_fixed_base.h:859 |
|     bind_op add                     |     |    |     |      |      |     |        | dsp48 | 3       | acc_V_1   | C:/Apps/Xilinx/Vitis_HLS/2022.1/common/technology/autopilot\ap_fixed_base.h:859 |
+-------------------------------------+-----+----+-----+------+------+-----+--------+-------+---------+-----------+---------------------------------------------------------------------------------+


================================================================
== RTL Synthesis Fail Fast
================================================================
+-----------------------------------------------------------+-----------+--------+--------+
| Criteria                                                  | Guideline | Actual | Status |
+-----------------------------------------------------------+-----------+--------+--------+
| LUT                                                       | 70%       | 0.03%  | OK     |
| FD                                                        | 50%       | 0.01%  | OK     |
| LUTRAM+SRL                                                | 25%       | 0.01%  | OK     |
| MUXF7                                                     | 15%       | 0.00%  | OK     |
| DSP                                                       | 80%       | 0.17%  | OK     |
| RAMB/FIFO                                                 | 80%       | 0.00%  | OK     |
| DSP+RAMB+URAM (Avg)                                       | 70%       | 0.17%  | OK     |
| BUFGCE* + BUFGCTRL                                        | 24        | 0      | OK     |
| DONT_TOUCH (cells/nets)                                   | 0         | 0      | OK     |
| MARK_DEBUG (nets)                                         | 0         | 0      | OK     |
| Control Sets                                              | 1901      | 3      | OK     |
| Average Fanout for modules > 100k cells                   | 4         | 0      | OK     |
| Non-FD high fanout nets > 10k loads                       | 0         | 0      | OK     |
+-----------------------------------------------------------+-----------+--------+--------+
| TIMING-6 (No common primary clock between related clocks) | 0         | 0      | OK     |
| TIMING-7 (No common node between related clocks)          | 0         | 0      | OK     |
| TIMING-8 (No common period between related clocks)        | 0         | 0      | OK     |
| TIMING-14 (LUT on the clock tree)                         | 0         | 0      | OK     |
| TIMING-35 (No common node in paths with the same clock)   | 0         | 0      | OK     |
+-----------------------------------------------------------+-----------+--------+--------+
| Number of paths above max LUT budgeting (0.500ns)         | 0         | 0      | OK     |
| Number of paths above max Net budgeting (0.350ns)         | 0         | 0      | OK     |
+-----------------------------------------------------------+-----------+--------+--------+


================================================================
== RTL Synthesis Timing Paths
================================================================
* Timing was met
+-------+-------+--------------------------------------------------------------------------------------------------------+----------------------------------------------------------------------------------------------------------+--------------+------------+----------------+----------------+--------------+
| Path  | SLACK | STARTPOINT PIN                                                                                         | ENDPOINT PIN                                                                                             | LOGIC LEVELS | MAX FANOUT | DATAPATH DELAY | DATAPATH LOGIC | DATAPATH NET |
|       |       |                                                                                                        |                                                                                                          |              |            |                |          DELAY |        DELAY |
+-------+-------+--------------------------------------------------------------------------------------------------------+----------------------------------------------------------------------------------------------------------+--------------+------------+----------------+----------------+--------------+
| Path1 | 1.408 | mac_muladd_16s_16s_16ns_16_4_1_U1/inner_product_mac_muladd_16s_16s_16ns_16_4_1_DSP48_0_U/p_reg_reg/CLK | mac_muladd_16s_16s_16ns_16_4_1_U1/inner_product_mac_muladd_16s_16s_16ns_16_4_1_DSP48_0_U/p_reg_reg/C[0]  |            1 |          2 |          1.322 |          0.391 |        0.931 |
| Path2 | 1.408 | mac_muladd_16s_16s_16ns_16_4_1_U1/inner_product_mac_muladd_16s_16s_16ns_16_4_1_DSP48_0_U/p_reg_reg/CLK | mac_muladd_16s_16s_16ns_16_4_1_U1/inner_product_mac_muladd_16s_16s_16ns_16_4_1_DSP48_0_U/p_reg_reg/C[10] |            1 |          2 |          1.322 |          0.391 |        0.931 |
| Path3 | 1.408 | mac_muladd_16s_16s_16ns_16_4_1_U1/inner_product_mac_muladd_16s_16s_16ns_16_4_1_DSP48_0_U/p_reg_reg/CLK | mac_muladd_16s_16s_16ns_16_4_1_U1/inner_product_mac_muladd_16s_16s_16ns_16_4_1_DSP48_0_U/p_reg_reg/C[11] |            1 |          2 |          1.322 |          0.391 |        0.931 |
| Path4 | 1.408 | mac_muladd_16s_16s_16ns_16_4_1_U1/inner_product_mac_muladd_16s_16s_16ns_16_4_1_DSP48_0_U/p_reg_reg/CLK | mac_muladd_16s_16s_16ns_16_4_1_U1/inner_product_mac_muladd_16s_16s_16ns_16_4_1_DSP48_0_U/p_reg_reg/C[12] |            1 |          2 |          1.322 |          0.391 |        0.931 |
| Path5 | 1.408 | mac_muladd_16s_16s_16ns_16_4_1_U1/inner_product_mac_muladd_16s_16s_16ns_16_4_1_DSP48_0_U/p_reg_reg/CLK | mac_muladd_16s_16s_16ns_16_4_1_U1/inner_product_mac_muladd_16s_16s_16ns_16_4_1_DSP48_0_U/p_reg_reg/C[13] |            1 |          2 |          1.322 |          0.391 |        0.931 |
+-------+-------+--------------------------------------------------------------------------------------------------------+----------------------------------------------------------------------------------------------------------+--------------+------------+----------------+----------------+--------------+

    +------------------------------------------------------------------------------------------------------+------------------+
    | Path1 Cells                                                                                          | Primitive Type   |
    +------------------------------------------------------------------------------------------------------+------------------+
    | mac_muladd_16s_16s_16ns_16_4_1_U1/inner_product_mac_muladd_16s_16s_16ns_16_4_1_DSP48_0_U/p_reg_reg   | MULT.dsp.DSP48E1 |
    | mac_muladd_16s_16s_16ns_16_4_1_U1/inner_product_mac_muladd_16s_16s_16ns_16_4_1_DSP48_0_U/s[0]_INST_0 | LUT.others.LUT3  |
    +------------------------------------------------------------------------------------------------------+------------------+

    +-------------------------------------------------------------------------------------------------------+------------------+
    | Path2 Cells                                                                                           | Primitive Type   |
    +-------------------------------------------------------------------------------------------------------+------------------+
    | mac_muladd_16s_16s_16ns_16_4_1_U1/inner_product_mac_muladd_16s_16s_16ns_16_4_1_DSP48_0_U/p_reg_reg    | MULT.dsp.DSP48E1 |
    | mac_muladd_16s_16s_16ns_16_4_1_U1/inner_product_mac_muladd_16s_16s_16ns_16_4_1_DSP48_0_U/s[10]_INST_0 | LUT.others.LUT3  |
    +-------------------------------------------------------------------------------------------------------+------------------+

    +-------------------------------------------------------------------------------------------------------+------------------+
    | Path3 Cells                                                                                           | Primitive Type   |
    +-------------------------------------------------------------------------------------------------------+------------------+
    | mac_muladd_16s_16s_16ns_16_4_1_U1/inner_product_mac_muladd_16s_16s_16ns_16_4_1_DSP48_0_U/p_reg_reg    | MULT.dsp.DSP48E1 |
    | mac_muladd_16s_16s_16ns_16_4_1_U1/inner_product_mac_muladd_16s_16s_16ns_16_4_1_DSP48_0_U/s[11]_INST_0 | LUT.others.LUT3  |
    +-------------------------------------------------------------------------------------------------------+------------------+

    +-------------------------------------------------------------------------------------------------------+------------------+
    | Path4 Cells                                                                                           | Primitive Type   |
    +-------------------------------------------------------------------------------------------------------+------------------+
    | mac_muladd_16s_16s_16ns_16_4_1_U1/inner_product_mac_muladd_16s_16s_16ns_16_4_1_DSP48_0_U/p_reg_reg    | MULT.dsp.DSP48E1 |
    | mac_muladd_16s_16s_16ns_16_4_1_U1/inner_product_mac_muladd_16s_16s_16ns_16_4_1_DSP48_0_U/s[12]_INST_0 | LUT.others.LUT3  |
    +-------------------------------------------------------------------------------------------------------+------------------+

    +-------------------------------------------------------------------------------------------------------+------------------+
    | Path5 Cells                                                                                           | Primitive Type   |
    +-------------------------------------------------------------------------------------------------------+------------------+
    | mac_muladd_16s_16s_16ns_16_4_1_U1/inner_product_mac_muladd_16s_16s_16ns_16_4_1_DSP48_0_U/p_reg_reg    | MULT.dsp.DSP48E1 |
    | mac_muladd_16s_16s_16ns_16_4_1_U1/inner_product_mac_muladd_16s_16s_16ns_16_4_1_DSP48_0_U/s[13]_INST_0 | LUT.others.LUT3  |
    +-------------------------------------------------------------------------------------------------------+------------------+


================================================================
== RTL Synthesis Vivado Reports
================================================================
+--------------------------+----------------------------------------------------------------------+
| Report Type              | Report Location                                                      |
+--------------------------+----------------------------------------------------------------------+
| design_analysis          | impl/verilog/report/inner_product_design_analysis_synth.rpt          |
| failfast                 | impl/verilog/report/inner_product_failfast_synth.rpt                 |
| timing                   | impl/verilog/report/inner_product_timing_synth.rpt                   |
| timing_paths             | impl/verilog/report/inner_product_timing_paths_synth.rpt             |
| utilization              | impl/verilog/report/inner_product_utilization_synth.rpt              |
| utilization_hierarchical | impl/verilog/report/inner_product_utilization_hierarchical_synth.rpt |
+--------------------------+----------------------------------------------------------------------+


