Copyright 1986-2022 Xilinx, Inc. All Rights Reserved.
------------------------------------------------------------------------------------
| Tool Version : Vivado v.2022.1 (win64) Build 3526262 Mon Apr 18 15:48:16 MDT 2022
| Date         : Fri Feb 17 15:22:43 2023
| Host         : winvdi1008 running 64-bit major release  (build 9200)
| Command      : report_timing_summary -file ./report/mmul_timing_routed.rpt
| Design       : bd_0_wrapper
| Device       : 7k160t-fbg676
| Speed File   : -2  PRODUCTION 1.12 2017-02-17
------------------------------------------------------------------------------------

Timing Summary Report

------------------------------------------------------------------------------------------------
| Timer Settings
| --------------
------------------------------------------------------------------------------------------------

  Enable Multi Corner Analysis               :  Yes
  Enable Pessimism Removal                   :  Yes
  Pessimism Removal Resolution               :  Nearest Common Node
  Enable Input Delay Default Clock           :  No
  Enable Preset / Clear Arcs                 :  No
  Disable Flight Delays                      :  No
  Ignore I/O Paths                           :  No
  Timing Early Launch at Borrowing Latches   :  No
  Borrow Time for Max Delay Exceptions       :  Yes
  Merge Timing Exceptions                    :  Yes

  Corner  Analyze    Analyze    
  Name    Max Paths  Min Paths  
  ------  ---------  ---------  
  Slow    Yes        Yes        
  Fast    Yes        Yes        


------------------------------------------------------------------------------------------------
| Report Methodology
| ------------------
------------------------------------------------------------------------------------------------

Rule  Severity  Description  Violations  
----  --------  -----------  ----------  

Note: This report is based on the most recent report_methodology run and may not be up-to-date. Run report_methodology on the current design for the latest report.



check_timing report

Table of Contents
-----------------
1. checking no_clock (0)
2. checking constant_clock (0)
3. checking pulse_width_clock (0)
4. checking unconstrained_internal_endpoints (0)
5. checking no_input_delay (34)
6. checking no_output_delay (37)
7. checking multiple_clock (0)
8. checking generated_clocks (0)
9. checking loops (0)
10. checking partial_input_delay (0)
11. checking partial_output_delay (0)
12. checking latch_loops (0)

1. checking no_clock (0)
------------------------
 There are 0 register/latch pins with no clock.


2. checking constant_clock (0)
------------------------------
 There are 0 register/latch pins with constant_clock.


3. checking pulse_width_clock (0)
---------------------------------
 There are 0 register/latch pins which need pulse_width check


4. checking unconstrained_internal_endpoints (0)
------------------------------------------------
 There are 0 pins that are not constrained for maximum delay.

 There are 0 pins that are not constrained for maximum delay due to constant clock.


5. checking no_input_delay (34)
-------------------------------
 There are 34 input ports with no input delay specified. (HIGH)

 There are 0 input ports with no input delay but user has a false path constraint.


6. checking no_output_delay (37)
--------------------------------
 There are 37 ports with no output delay specified. (HIGH)

 There are 0 ports with no output delay but user has a false path constraint

 There are 0 ports with no output delay but with a timing clock defined on it or propagating through it


7. checking multiple_clock (0)
------------------------------
 There are 0 register/latch pins with multiple clocks.


8. checking generated_clocks (0)
--------------------------------
 There are 0 generated clocks that are not connected to a clock source.


9. checking loops (0)
---------------------
 There are 0 combinational loops in the design.


10. checking partial_input_delay (0)
------------------------------------
 There are 0 input ports with partial input delay specified.


11. checking partial_output_delay (0)
-------------------------------------
 There are 0 ports with partial output delay specified.


12. checking latch_loops (0)
----------------------------
 There are 0 combinational latch loops in the design through latch input



------------------------------------------------------------------------------------------------
| Design Timing Summary
| ---------------------
------------------------------------------------------------------------------------------------

    WNS(ns)      TNS(ns)  TNS Failing Endpoints  TNS Total Endpoints      WHS(ns)      THS(ns)  THS Failing Endpoints  THS Total Endpoints     WPWS(ns)     TPWS(ns)  TPWS Failing Endpoints  TPWS Total Endpoints  
    -------      -------  ---------------------  -------------------      -------      -------  ---------------------  -------------------     --------     --------  ----------------------  --------------------  
      1.709        0.000                      0                  128        0.133        0.000                      0                  128        1.600        0.000                       0                    65  


All user specified timing constraints are met.


------------------------------------------------------------------------------------------------
| Clock Summary
| -------------
------------------------------------------------------------------------------------------------

Clock   Waveform(ns)         Period(ns)      Frequency(MHz)
-----   ------------         ----------      --------------
ap_clk  {0.000 2.000}        4.000           250.000         


------------------------------------------------------------------------------------------------
| Intra Clock Table
| -----------------
------------------------------------------------------------------------------------------------

Clock             WNS(ns)      TNS(ns)  TNS Failing Endpoints  TNS Total Endpoints      WHS(ns)      THS(ns)  THS Failing Endpoints  THS Total Endpoints     WPWS(ns)     TPWS(ns)  TPWS Failing Endpoints  TPWS Total Endpoints  
-----             -------      -------  ---------------------  -------------------      -------      -------  ---------------------  -------------------     --------     --------  ----------------------  --------------------  
ap_clk              1.709        0.000                      0                  128        0.133        0.000                      0                  128        1.600        0.000                       0                    65  


------------------------------------------------------------------------------------------------
| Inter Clock Table
| -----------------
------------------------------------------------------------------------------------------------

From Clock    To Clock          WNS(ns)      TNS(ns)  TNS Failing Endpoints  TNS Total Endpoints      WHS(ns)      THS(ns)  THS Failing Endpoints  THS Total Endpoints  
----------    --------          -------      -------  ---------------------  -------------------      -------      -------  ---------------------  -------------------  


------------------------------------------------------------------------------------------------
| Other Path Groups Table
| -----------------------
------------------------------------------------------------------------------------------------

Path Group    From Clock    To Clock          WNS(ns)      TNS(ns)  TNS Failing Endpoints  TNS Total Endpoints      WHS(ns)      THS(ns)  THS Failing Endpoints  THS Total Endpoints  
----------    ----------    --------          -------      -------  ---------------------  -------------------      -------      -------  ---------------------  -------------------  


------------------------------------------------------------------------------------------------
| Timing Details
| --------------
------------------------------------------------------------------------------------------------


---------------------------------------------------------------------------------------------------
From Clock:  ap_clk
  To Clock:  ap_clk

Setup :            0  Failing Endpoints,  Worst Slack        1.709ns,  Total Violation        0.000ns
Hold  :            0  Failing Endpoints,  Worst Slack        0.133ns,  Total Violation        0.000ns
PW    :            0  Failing Endpoints,  Worst Slack        1.600ns,  Total Violation        0.000ns
---------------------------------------------------------------------------------------------------


Max Delay Paths
--------------------------------------------------------------------------------------
Slack (MET) :             1.709ns  (required time - arrival time)
  Source:                 bd_0_i/hls_inst/inst/icmp_ln14_reg_393_reg[0]/C
                            (rising edge-triggered cell FDRE clocked by ap_clk  {rise@0.000ns fall@2.000ns period=4.000ns})
  Destination:            bd_0_i/hls_inst/inst/mac_muladd_16s_16s_16ns_16_4_1_U1/mmul_mac_muladd_16s_16s_16ns_16_4_1_DSP48_0_U/p_reg_reg/OPMODE[4]
                            (rising edge-triggered cell DSP48E1 clocked by ap_clk  {rise@0.000ns fall@2.000ns period=4.000ns})
  Path Group:             ap_clk
  Path Type:              Setup (Max at Slow Process Corner)
  Requirement:            4.000ns  (ap_clk rise@4.000ns - ap_clk rise@0.000ns)
  Data Path Delay:        0.660ns  (logic 0.223ns (33.765%)  route 0.437ns (66.235%))
  Logic Levels:           0  
  Clock Path Skew:        -0.027ns (DCD - SCD + CPR)
    Destination Clock Delay (DCD):    0.510ns = ( 4.510 - 4.000 ) 
    Source Clock Delay      (SCD):    0.537ns
    Clock Pessimism Removal (CPR):    0.000ns
  Clock Uncertainty:      0.035ns  ((TSJ^2 + TIJ^2)^1/2 + DJ) / 2 + PE
    Total System Jitter     (TSJ):    0.071ns
    Total Input Jitter      (TIJ):    0.000ns
    Discrete Jitter          (DJ):    0.000ns
    Phase Error              (PE):    0.000ns

    Location             Delay type                Incr(ns)  Path(ns)    Netlist Resource(s)
  -------------------------------------------------------------------    -------------------
                         (clock ap_clk rise edge)     0.000     0.000 r  
                                                      0.000     0.000 r  ap_clk (IN)
                         net (fo=64, unset)           0.537     0.537    bd_0_i/hls_inst/inst/ap_clk
    SLICE_X19Y125        FDRE                                         r  bd_0_i/hls_inst/inst/icmp_ln14_reg_393_reg[0]/C
  -------------------------------------------------------------------    -------------------
    SLICE_X19Y125        FDRE (Prop_fdre_C_Q)         0.223     0.760 f  bd_0_i/hls_inst/inst/icmp_ln14_reg_393_reg[0]/Q
                         net (fo=3, routed)           0.437     1.197    bd_0_i/hls_inst/inst/mac_muladd_16s_16s_16ns_16_4_1_U1/mmul_mac_muladd_16s_16s_16ns_16_4_1_DSP48_0_U/p_reg_reg_0
    DSP48_X1Y48          DSP48E1                                      r  bd_0_i/hls_inst/inst/mac_muladd_16s_16s_16ns_16_4_1_U1/mmul_mac_muladd_16s_16s_16ns_16_4_1_DSP48_0_U/p_reg_reg/OPMODE[4]  (IS_INVERTED)
  -------------------------------------------------------------------    -------------------

                         (clock ap_clk rise edge)     4.000     4.000 r  
                                                      0.000     4.000 r  ap_clk (IN)
                         net (fo=64, unset)           0.510     4.510    bd_0_i/hls_inst/inst/mac_muladd_16s_16s_16ns_16_4_1_U1/mmul_mac_muladd_16s_16s_16ns_16_4_1_DSP48_0_U/ap_clk
    DSP48_X1Y48          DSP48E1                                      r  bd_0_i/hls_inst/inst/mac_muladd_16s_16s_16ns_16_4_1_U1/mmul_mac_muladd_16s_16s_16ns_16_4_1_DSP48_0_U/p_reg_reg/CLK
                         clock pessimism              0.000     4.510    
                         clock uncertainty           -0.035     4.475    
    DSP48_X1Y48          DSP48E1 (Setup_dsp48e1_CLK_OPMODE[4])
                                                     -1.568     2.907    bd_0_i/hls_inst/inst/mac_muladd_16s_16s_16ns_16_4_1_U1/mmul_mac_muladd_16s_16s_16ns_16_4_1_DSP48_0_U/p_reg_reg
  -------------------------------------------------------------------
                         required time                          2.907    
                         arrival time                          -1.197    
  -------------------------------------------------------------------
                         slack                                  1.709    





Min Delay Paths
--------------------------------------------------------------------------------------
Slack (MET) :             0.133ns  (arrival time - required time)
  Source:                 bd_0_i/hls_inst/inst/acc_V_3_reg_417_reg[11]/C
                            (rising edge-triggered cell FDRE clocked by ap_clk  {rise@0.000ns fall@2.000ns period=4.000ns})
  Destination:            bd_0_i/hls_inst/inst/mac_muladd_16s_16s_16ns_16_4_1_U1/mmul_mac_muladd_16s_16s_16ns_16_4_1_DSP48_0_U/p_reg_reg/C[11]
                            (rising edge-triggered cell DSP48E1 clocked by ap_clk  {rise@0.000ns fall@2.000ns period=4.000ns})
  Path Group:             ap_clk
  Path Type:              Hold (Min at Fast Process Corner)
  Requirement:            0.000ns  (ap_clk rise@0.000ns - ap_clk rise@0.000ns)
  Data Path Delay:        0.247ns  (logic 0.118ns (47.733%)  route 0.129ns (52.267%))
  Logic Levels:           0  
  Clock Path Skew:        0.014ns (DCD - SCD - CPR)
    Destination Clock Delay (DCD):    0.280ns
    Source Clock Delay      (SCD):    0.266ns
    Clock Pessimism Removal (CPR):    -0.000ns

    Location             Delay type                Incr(ns)  Path(ns)    Netlist Resource(s)
  -------------------------------------------------------------------    -------------------
                         (clock ap_clk rise edge)     0.000     0.000 r  
                                                      0.000     0.000 r  ap_clk (IN)
                         net (fo=64, unset)           0.266     0.266    bd_0_i/hls_inst/inst/ap_clk
    SLICE_X20Y122        FDRE                                         r  bd_0_i/hls_inst/inst/acc_V_3_reg_417_reg[11]/C
  -------------------------------------------------------------------    -------------------
    SLICE_X20Y122        FDRE (Prop_fdre_C_Q)         0.118     0.384 r  bd_0_i/hls_inst/inst/acc_V_3_reg_417_reg[11]/Q
                         net (fo=1, routed)           0.129     0.514    bd_0_i/hls_inst/inst/mac_muladd_16s_16s_16ns_16_4_1_U1/mmul_mac_muladd_16s_16s_16ns_16_4_1_DSP48_0_U/c_d0[11]
    DSP48_X1Y48          DSP48E1                                      r  bd_0_i/hls_inst/inst/mac_muladd_16s_16s_16ns_16_4_1_U1/mmul_mac_muladd_16s_16s_16ns_16_4_1_DSP48_0_U/p_reg_reg/C[11]
  -------------------------------------------------------------------    -------------------

                         (clock ap_clk rise edge)     0.000     0.000 r  
                                                      0.000     0.000 r  ap_clk (IN)
                         net (fo=64, unset)           0.280     0.280    bd_0_i/hls_inst/inst/mac_muladd_16s_16s_16ns_16_4_1_U1/mmul_mac_muladd_16s_16s_16ns_16_4_1_DSP48_0_U/ap_clk
    DSP48_X1Y48          DSP48E1                                      r  bd_0_i/hls_inst/inst/mac_muladd_16s_16s_16ns_16_4_1_U1/mmul_mac_muladd_16s_16s_16ns_16_4_1_DSP48_0_U/p_reg_reg/CLK
                         clock pessimism              0.000     0.280    
    DSP48_X1Y48          DSP48E1 (Hold_dsp48e1_CLK_C[11])
                                                      0.100     0.380    bd_0_i/hls_inst/inst/mac_muladd_16s_16s_16ns_16_4_1_U1/mmul_mac_muladd_16s_16s_16ns_16_4_1_DSP48_0_U/p_reg_reg
  -------------------------------------------------------------------
                         required time                         -0.380    
                         arrival time                           0.514    
  -------------------------------------------------------------------
                         slack                                  0.133    





Pulse Width Checks
--------------------------------------------------------------------------------------
Clock Name:         ap_clk
Waveform(ns):       { 0.000 2.000 }
Period(ns):         4.000
Sources:            { ap_clk }

Check Type        Corner  Lib Pin      Reference Pin  Required(ns)  Actual(ns)  Slack(ns)  Location       Pin
Min Period        n/a     DSP48E1/CLK  n/a            1.538         4.000       2.462      DSP48_X1Y48    bd_0_i/hls_inst/inst/mac_muladd_16s_16s_16ns_16_4_1_U1/mmul_mac_muladd_16s_16s_16ns_16_4_1_DSP48_0_U/p_reg_reg/CLK
Low Pulse Width   Slow    FDRE/C       n/a            0.400         2.000       1.600      SLICE_X19Y126  bd_0_i/hls_inst/inst/a_addr_reg_375_reg[0]/C
High Pulse Width  Slow    FDRE/C       n/a            0.350         2.000       1.650      SLICE_X19Y126  bd_0_i/hls_inst/inst/a_addr_reg_375_reg[0]/C



