Copyright 1986-2022 Xilinx, Inc. All Rights Reserved.
----------------------------------------------------------------------------------------------------------------------------------------
| Tool Version : Vivado v.2022.1 (win64) Build 3526262 Mon Apr 18 15:48:16 MDT 2022
| Date         : Fri Feb 24 12:40:58 2023
| Host         : winvdi1009 running 64-bit major release  (build 9200)
| Command      : report_utilization -hierarchical -hierarchical_depth 5 -file ./report/inner_product_utilization_hierarchical_synth.rpt
| Design       : bd_0_wrapper
| Device       : xc7k160tfbg676-2
| Speed File   : -2
| Design State : Synthesized
----------------------------------------------------------------------------------------------------------------------------------------

Utilization Design Information

Table of Contents
-----------------
1. Utilization by Hierarchy

1. Utilization by Hierarchy
---------------------------

+------------------------------------------------------------------+----------------------------------------------------------------------+------------+------------+---------+------+-----+--------+--------+------------+
|                             Instance                             |                                Module                                | Total LUTs | Logic LUTs | LUTRAMs | SRLs | FFs | RAMB36 | RAMB18 | DSP Blocks |
+------------------------------------------------------------------+----------------------------------------------------------------------+------------+------------+---------+------+-----+--------+--------+------------+
| bd_0_wrapper                                                     |                                                                (top) |          8 |          8 |       0 |    0 |  26 |      0 |      0 |          1 |
|   bd_0_i                                                         |                                                                 bd_0 |          8 |          8 |       0 |    0 |  26 |      0 |      0 |          1 |
|     hls_inst                                                     |                                                      bd_0_hls_inst_0 |          8 |          8 |       0 |    0 |  26 |      0 |      0 |          1 |
|       inst                                                       |                                        bd_0_hls_inst_0_inner_product |          8 |          8 |       0 |    0 |  26 |      0 |      0 |          1 |
|         (inst)                                                   |                                        bd_0_hls_inst_0_inner_product |          7 |          7 |       0 |    0 |  26 |      0 |      0 |          0 |
|         mac_muladd_16s_16s_16ns_16_4_1_U1                        |         bd_0_hls_inst_0_inner_product_mac_muladd_16s_16s_16ns_16_4_1 |          1 |          1 |       0 |    0 |   0 |      0 |      0 |          1 |
|           inner_product_mac_muladd_16s_16s_16ns_16_4_1_DSP48_0_U | bd_0_hls_inst_0_inner_product_mac_muladd_16s_16s_16ns_16_4_1_DSP48_0 |          1 |          1 |       0 |    0 |   0 |      0 |      0 |          1 |
+------------------------------------------------------------------+----------------------------------------------------------------------+------------+------------+---------+------+-----+--------+--------+------------+


