

================================================================
== Vitis HLS Report for 'inner_product'
================================================================
* Date:           Fri Feb 10 12:56:43 2023

* Version:        2022.1 (Build 3526262 on Mon Apr 18 15:48:16 MDT 2022)
* Project:        InnerProduct
* Solution:       solution1 (Vivado IP Flow Target)
* Product family: kintex7
* Target device:  xc7k160t-fbg676-2


================================================================
== Performance Estimates
================================================================
+ Timing: 
    * Summary: 
    +--------+---------+----------+------------+
    |  Clock |  Target | Estimated| Uncertainty|
    +--------+---------+----------+------------+
    |ap_clk  |  4.00 ns|  2.323 ns|     1.08 ns|
    +--------+---------+----------+------------+

+ Latency: 
    * Summary: 
    +---------+---------+----------+----------+-----+-----+---------+
    |  Latency (cycles) |  Latency (absolute) |  Interval | Pipeline|
    |   min   |   max   |    min   |    max   | min | max |   Type  |
    +---------+---------+----------+----------+-----+-----+---------+
    |       41|       41|  0.164 us|  0.164 us|   42|   42|       no|
    +---------+---------+----------+----------+-----+-----+---------+

    + Detail: 
        * Instance: 
        N/A

        * Loop: 
        +----------------------+---------+---------+----------+-----------+-----------+------+----------+
        |                      |  Latency (cycles) | Iteration|  Initiation Interval  | Trip |          |
        |       Loop Name      |   min   |   max   |  Latency |  achieved |   target  | Count| Pipelined|
        +----------------------+---------+---------+----------+-----------+-----------+------+----------+
        |- inner_product_loop  |       40|       40|         5|          -|          -|     8|        no|
        +----------------------+---------+---------+----------+-----------+-----------+------+----------+



================================================================
== Utilization Estimates
================================================================
* Summary: 
+-----------------+---------+-----+--------+--------+-----+
|       Name      | BRAM_18K| DSP |   FF   |   LUT  | URAM|
+-----------------+---------+-----+--------+--------+-----+
|DSP              |        -|    1|       -|       -|    -|
|Expression       |        -|    -|       0|      22|    -|
|FIFO             |        -|    -|       -|       -|    -|
|Instance         |        -|    -|       -|       -|    -|
|Memory           |        -|    -|       -|       -|    -|
|Multiplexer      |        -|    -|       -|      47|    -|
|Register         |        -|    -|      26|       -|    -|
+-----------------+---------+-----+--------+--------+-----+
|Total            |        0|    1|      26|      69|    0|
+-----------------+---------+-----+--------+--------+-----+
|Available        |      650|  600|  202800|  101400|    0|
+-----------------+---------+-----+--------+--------+-----+
|Utilization (%)  |        0|   ~0|      ~0|      ~0|    0|
+-----------------+---------+-----+--------+--------+-----+

+ Detail: 
    * Instance: 
    N/A

    * DSP: 
    +-----------------------------------+--------------------------------+--------------+
    |              Instance             |             Module             |  Expression  |
    +-----------------------------------+--------------------------------+--------------+
    |mac_muladd_16s_16s_16ns_16_4_1_U1  |mac_muladd_16s_16s_16ns_16_4_1  |  i0 * i1 + i2|
    +-----------------------------------+--------------------------------+--------------+

    * Memory: 
    N/A

    * FIFO: 
    N/A

    * Expression: 
    +---------------------+----------+----+---+----+------------+------------+
    |    Variable Name    | Operation| DSP| FF| LUT| Bitwidth P0| Bitwidth P1|
    +---------------------+----------+----+---+----+------------+------------+
    |add_ln10_fu_116_p2   |         +|   0|  0|  13|           4|           1|
    |icmp_ln10_fu_110_p2  |      icmp|   0|  0|   9|           4|           5|
    +---------------------+----------+----+---+----+------------+------------+
    |Total                |          |   0|  0|  22|           8|           6|
    +---------------------+----------+----+---+----+------------+------------+

    * Multiplexer: 
    +-------------+----+-----------+-----+-----------+
    |     Name    | LUT| Input Size| Bits| Total Bits|
    +-------------+----+-----------+-----+-----------+
    |acc_V_fu_46  |   9|          2|   16|         32|
    |ap_NS_fsm    |  29|          7|    1|          7|
    |i_fu_50      |   9|          2|    4|          8|
    +-------------+----+-----------+-----+-----------+
    |Total        |  47|         11|   21|         47|
    +-------------+----+-----------+-----+-----------+

    * Register: 
    +-------------+----+----+-----+-----------+
    |     Name    | FF | LUT| Bits| Const Bits|
    +-------------+----+----+-----+-----------+
    |acc_V_fu_46  |  16|   0|   16|          0|
    |ap_CS_fsm    |   6|   0|    6|          0|
    |i_fu_50      |   4|   0|    4|          0|
    +-------------+----+----+-----+-----------+
    |Total        |  26|   0|   26|          0|
    +-------------+----+----+-----+-----------+



================================================================
== Interface
================================================================
* Summary: 
+------------+-----+-----+------------+---------------+--------------+
|  RTL Ports | Dir | Bits|  Protocol  | Source Object |    C Type    |
+------------+-----+-----+------------+---------------+--------------+
|ap_clk      |   in|    1|  ap_ctrl_hs|  inner_product|  return value|
|ap_rst      |   in|    1|  ap_ctrl_hs|  inner_product|  return value|
|ap_start    |   in|    1|  ap_ctrl_hs|  inner_product|  return value|
|ap_done     |  out|    1|  ap_ctrl_hs|  inner_product|  return value|
|ap_idle     |  out|    1|  ap_ctrl_hs|  inner_product|  return value|
|ap_ready    |  out|    1|  ap_ctrl_hs|  inner_product|  return value|
|a_address0  |  out|    3|   ap_memory|              a|         array|
|a_ce0       |  out|    1|   ap_memory|              a|         array|
|a_q0        |   in|   16|   ap_memory|              a|         array|
|b_address0  |  out|    3|   ap_memory|              b|         array|
|b_ce0       |  out|    1|   ap_memory|              b|         array|
|b_q0        |   in|   16|   ap_memory|              b|         array|
|s           |  out|   16|      ap_vld|              s|       pointer|
|s_ap_vld    |  out|    1|      ap_vld|              s|       pointer|
+------------+-----+-----+------------+---------------+--------------+

============================================================
+ Verbose Summary: Synthesis Manager
============================================================
InlineROM: 1
ExposeGlobal: 0
============================================================
+ Verbose Summary: CDFG Model
============================================================
IsTopModel: 1
ResetActiveHigh: 1
IsCombinational: 2
IsDatapathOnly: 2
HasWiredReturn: 1
HasMFsm: 0
HasVarLatency: 1
IsPipeline: 0
IsRtlPipelined: 0
IsInstanceOverlapped: 0
IsDontTouch: 0
HasImplIP: 0
IsGatedGlobalClock: 0


============================================================
+ Verbose Summary: Schedule
============================================================
* Number of FSM states : 6
* Pipeline : 0
* Dataflow Pipeline: 0

* FSM state transitions: 
1 --> 2 
2 --> 3 
3 --> 4 
4 --> 5 
5 --> 6 
6 --> 2 

* FSM state operations: 

State 1 <SV = 0> <Delay = 0.83>
ST_1 : Operation 7 [1/1] (0.00ns)   --->   "%acc_V = alloca i32 1"   --->   Operation 7 'alloca' 'acc_V' <Predicate = true> <Delay = 0.00>
ST_1 : Operation 8 [1/1] (0.00ns)   --->   "%i = alloca i32 1"   --->   Operation 8 'alloca' 'i' <Predicate = true> <Delay = 0.00>
ST_1 : Operation 9 [1/1] (0.00ns)   --->   "%spectopmodule_ln3 = spectopmodule void @_ssdm_op_SpecTopModule, void @empty_2" [inner_product.cpp:3]   --->   Operation 9 'spectopmodule' 'spectopmodule_ln3' <Predicate = true> <Delay = 0.00>
ST_1 : Operation 10 [1/1] (0.00ns)   --->   "%specinterface_ln0 = specinterface void @_ssdm_op_SpecInterface, i16 %a, void @empty, i32 0, i32 0, void @empty_0, i32 4294967295, i32 0, void @empty_0, void @empty_0, void @empty_0, i32 0, i32 0, i32 0, i32 0, void @empty_0, void @empty_0, i32 4294967295, i32 0"   --->   Operation 10 'specinterface' 'specinterface_ln0' <Predicate = true> <Delay = 0.00>
ST_1 : Operation 11 [1/1] (0.00ns)   --->   "%specbitsmap_ln0 = specbitsmap void @_ssdm_op_SpecBitsMap, i16 %a"   --->   Operation 11 'specbitsmap' 'specbitsmap_ln0' <Predicate = true> <Delay = 0.00>
ST_1 : Operation 12 [1/1] (0.00ns)   --->   "%specinterface_ln0 = specinterface void @_ssdm_op_SpecInterface, i16 %b, void @empty, i32 0, i32 0, void @empty_0, i32 4294967295, i32 0, void @empty_0, void @empty_0, void @empty_0, i32 0, i32 0, i32 0, i32 0, void @empty_0, void @empty_0, i32 4294967295, i32 0"   --->   Operation 12 'specinterface' 'specinterface_ln0' <Predicate = true> <Delay = 0.00>
ST_1 : Operation 13 [1/1] (0.00ns)   --->   "%specbitsmap_ln0 = specbitsmap void @_ssdm_op_SpecBitsMap, i16 %b"   --->   Operation 13 'specbitsmap' 'specbitsmap_ln0' <Predicate = true> <Delay = 0.00>
ST_1 : Operation 14 [1/1] (0.00ns)   --->   "%specbitsmap_ln0 = specbitsmap void @_ssdm_op_SpecBitsMap, i16 %s"   --->   Operation 14 'specbitsmap' 'specbitsmap_ln0' <Predicate = true> <Delay = 0.00>
ST_1 : Operation 15 [1/1] (0.00ns)   --->   "%specinterface_ln0 = specinterface void @_ssdm_op_SpecInterface, i16 %s, void @empty_1, i32 0, i32 0, void @empty_0, i32 0, i32 0, void @empty_0, void @empty_0, void @empty_0, i32 0, i32 0, i32 0, i32 0, void @empty_0, void @empty_0, i32 4294967295, i32 0"   --->   Operation 15 'specinterface' 'specinterface_ln0' <Predicate = true> <Delay = 0.00>
ST_1 : Operation 16 [1/1] (0.83ns)   --->   "%store_ln10 = store i4 0, i4 %i" [inner_product.cpp:10]   --->   Operation 16 'store' 'store_ln10' <Predicate = true> <Delay = 0.83>
ST_1 : Operation 17 [1/1] (0.83ns)   --->   "%store_ln10 = store i16 0, i16 %acc_V" [inner_product.cpp:10]   --->   Operation 17 'store' 'store_ln10' <Predicate = true> <Delay = 0.83>
ST_1 : Operation 18 [1/1] (0.00ns)   --->   "%br_ln10 = br void %for.body" [inner_product.cpp:10]   --->   Operation 18 'br' 'br_ln10' <Predicate = true> <Delay = 0.00>

State 2 <SV = 1> <Delay = 1.85>
ST_2 : Operation 19 [1/1] (0.00ns)   --->   "%i_1 = load i4 %i" [inner_product.cpp:10]   --->   Operation 19 'load' 'i_1' <Predicate = true> <Delay = 0.00>
ST_2 : Operation 20 [1/1] (0.00ns)   --->   "%zext_ln10 = zext i4 %i_1" [inner_product.cpp:10]   --->   Operation 20 'zext' 'zext_ln10' <Predicate = true> <Delay = 0.00>
ST_2 : Operation 21 [1/1] (0.86ns)   --->   "%icmp_ln10 = icmp_eq  i4 %i_1, i4 8" [inner_product.cpp:10]   --->   Operation 21 'icmp' 'icmp_ln10' <Predicate = true> <Delay = 0.86> <CoreInst = "Cmp">   --->   Core 9 'Cmp' <Latency = 0> <II = 1> <Delay = 0.88> <FuncUnit> <Opcode : 'icmp'> <InPorts = 2> <OutPorts = 1>
ST_2 : Operation 22 [1/1] (0.00ns)   --->   "%empty = speclooptripcount i32 @_ssdm_op_SpecLoopTripCount, i64 8, i64 8, i64 8"   --->   Operation 22 'speclooptripcount' 'empty' <Predicate = true> <Delay = 0.00>
ST_2 : Operation 23 [1/1] (1.01ns)   --->   "%add_ln10 = add i4 %i_1, i4 1" [inner_product.cpp:10]   --->   Operation 23 'add' 'add_ln10' <Predicate = true> <Delay = 1.01> <CoreInst = "Adder">   --->   Core 1 'Adder' <Latency = 0> <II = 1> <Delay = 1.01> <FuncUnit> <Opcode : 'add' 'sub'> <InPorts = 2> <OutPorts = 1>
ST_2 : Operation 24 [1/1] (0.00ns)   --->   "%br_ln10 = br i1 %icmp_ln10, void %for.body.split, void %for.end" [inner_product.cpp:10]   --->   Operation 24 'br' 'br_ln10' <Predicate = true> <Delay = 0.00>
ST_2 : Operation 25 [1/1] (0.00ns)   --->   "%a_addr = getelementptr i16 %a, i64 0, i64 %zext_ln10"   --->   Operation 25 'getelementptr' 'a_addr' <Predicate = (!icmp_ln10)> <Delay = 0.00>
ST_2 : Operation 26 [2/2] (1.14ns)   --->   "%a_load = load i3 %a_addr"   --->   Operation 26 'load' 'a_load' <Predicate = (!icmp_ln10)> <Delay = 1.14> <CoreInst = "RAM">   --->   Core 82 'RAM' <Latency = 1> <II = 1> <Delay = 1.14> <Storage> <Opcode : 'load' 'store'> <Ports = 2> <Width = 16> <Depth = 8> <RAM>
ST_2 : Operation 27 [1/1] (0.00ns)   --->   "%b_addr = getelementptr i16 %b, i64 0, i64 %zext_ln10"   --->   Operation 27 'getelementptr' 'b_addr' <Predicate = (!icmp_ln10)> <Delay = 0.00>
ST_2 : Operation 28 [2/2] (1.14ns)   --->   "%b_load = load i3 %b_addr"   --->   Operation 28 'load' 'b_load' <Predicate = (!icmp_ln10)> <Delay = 1.14> <CoreInst = "RAM">   --->   Core 82 'RAM' <Latency = 1> <II = 1> <Delay = 1.14> <Storage> <Opcode : 'load' 'store'> <Ports = 2> <Width = 16> <Depth = 8> <RAM>
ST_2 : Operation 29 [1/1] (0.83ns)   --->   "%store_ln10 = store i4 %add_ln10, i4 %i" [inner_product.cpp:10]   --->   Operation 29 'store' 'store_ln10' <Predicate = (!icmp_ln10)> <Delay = 0.83>
ST_2 : Operation 30 [1/1] (0.00ns)   --->   "%acc_V_load_1 = load i16 %acc_V" [inner_product.cpp:14]   --->   Operation 30 'load' 'acc_V_load_1' <Predicate = (icmp_ln10)> <Delay = 0.00>
ST_2 : Operation 31 [1/1] (0.00ns)   --->   "%write_ln14 = write void @_ssdm_op_Write.ap_auto.i16P0A, i16 %s, i16 %acc_V_load_1" [inner_product.cpp:14]   --->   Operation 31 'write' 'write_ln14' <Predicate = (icmp_ln10)> <Delay = 0.00>
ST_2 : Operation 32 [1/1] (0.00ns)   --->   "%ret_ln15 = ret" [inner_product.cpp:15]   --->   Operation 32 'ret' 'ret_ln15' <Predicate = (icmp_ln10)> <Delay = 0.00>

State 3 <SV = 2> <Delay = 2.16>
ST_3 : Operation 33 [1/2] (1.14ns)   --->   "%a_load = load i3 %a_addr"   --->   Operation 33 'load' 'a_load' <Predicate = true> <Delay = 1.14> <CoreInst = "RAM">   --->   Core 82 'RAM' <Latency = 1> <II = 1> <Delay = 1.14> <Storage> <Opcode : 'load' 'store'> <Ports = 2> <Width = 16> <Depth = 8> <RAM>
ST_3 : Operation 34 [1/2] (1.14ns)   --->   "%b_load = load i3 %b_addr"   --->   Operation 34 'load' 'b_load' <Predicate = true> <Delay = 1.14> <CoreInst = "RAM">   --->   Core 82 'RAM' <Latency = 1> <II = 1> <Delay = 1.14> <Storage> <Opcode : 'load' 'store'> <Ports = 2> <Width = 16> <Depth = 8> <RAM>
ST_3 : Operation 35 [3/3] (1.02ns) (grouped into DSP with root node acc_V_1)   --->   "%mul_ln859 = mul i16 %b_load, i16 %a_load"   --->   Operation 35 'mul' 'mul_ln859' <Predicate = true> <Delay = 1.02> <CoreInst = "DSP48">   --->   Core 119 'DSP48' <Latency = 3> <II = 1> <Delay = 1.54> <IPBlock> <Opcode : 'mul' 'add' 'sub' 'select'> <InPorts = 0> <OutPorts = 1> <Sync> <CReg>

State 4 <SV = 3> <Delay = 1.02>
ST_4 : Operation 36 [2/3] (1.02ns) (grouped into DSP with root node acc_V_1)   --->   "%mul_ln859 = mul i16 %b_load, i16 %a_load"   --->   Operation 36 'mul' 'mul_ln859' <Predicate = true> <Delay = 1.02> <CoreInst = "DSP48">   --->   Core 119 'DSP48' <Latency = 3> <II = 1> <Delay = 1.54> <IPBlock> <Opcode : 'mul' 'add' 'sub' 'select'> <InPorts = 0> <OutPorts = 1> <Sync> <CReg>

State 5 <SV = 4> <Delay = 1.49>
ST_5 : Operation 37 [1/1] (0.00ns)   --->   "%acc_V_load = load i16 %acc_V"   --->   Operation 37 'load' 'acc_V_load' <Predicate = true> <Delay = 0.00>
ST_5 : Operation 38 [1/3] (0.00ns) (grouped into DSP with root node acc_V_1)   --->   "%mul_ln859 = mul i16 %b_load, i16 %a_load"   --->   Operation 38 'mul' 'mul_ln859' <Predicate = true> <Delay = 0.00> <CoreInst = "DSP48">   --->   Core 119 'DSP48' <Latency = 3> <II = 1> <Delay = 1.54> <IPBlock> <Opcode : 'mul' 'add' 'sub' 'select'> <InPorts = 0> <OutPorts = 1> <Sync> <CReg>
ST_5 : Operation 39 [2/2] (1.49ns) (root node of the DSP)   --->   "%acc_V_1 = add i16 %mul_ln859, i16 %acc_V_load"   --->   Operation 39 'add' 'acc_V_1' <Predicate = true> <Delay = 1.49> <CoreInst = "DSP48">   --->   Core 119 'DSP48' <Latency = 3> <II = 1> <Delay = 1.54> <IPBlock> <Opcode : 'mul' 'add' 'sub' 'select'> <InPorts = 0> <OutPorts = 1> <Sync> <CReg>

State 6 <SV = 5> <Delay = 2.32>
ST_6 : Operation 40 [1/1] (0.00ns)   --->   "%specloopname_ln6 = specloopname void @_ssdm_op_SpecLoopName, void @empty_3" [inner_product.cpp:6]   --->   Operation 40 'specloopname' 'specloopname_ln6' <Predicate = true> <Delay = 0.00>
ST_6 : Operation 41 [1/2] (1.49ns) (root node of the DSP)   --->   "%acc_V_1 = add i16 %mul_ln859, i16 %acc_V_load"   --->   Operation 41 'add' 'acc_V_1' <Predicate = true> <Delay = 1.49> <CoreInst = "DSP48">   --->   Core 119 'DSP48' <Latency = 3> <II = 1> <Delay = 1.54> <IPBlock> <Opcode : 'mul' 'add' 'sub' 'select'> <InPorts = 0> <OutPorts = 1> <Sync> <CReg>
ST_6 : Operation 42 [1/1] (0.83ns)   --->   "%store_ln10 = store i16 %acc_V_1, i16 %acc_V" [inner_product.cpp:10]   --->   Operation 42 'store' 'store_ln10' <Predicate = true> <Delay = 0.83>
ST_6 : Operation 43 [1/1] (0.00ns)   --->   "%br_ln10 = br void %for.body" [inner_product.cpp:10]   --->   Operation 43 'br' 'br_ln10' <Predicate = true> <Delay = 0.00>


============================================================
+ Verbose Summary: Binding
============================================================
STG Binding: 
---------------- STG Properties BEGIN ----------------
- Is combinational: 0
- Is one-state seq: 0
- Is datapath-only: 0
- Is pipelined: 0
- Is top level: 1
Port [ Return ] is wired: 1; IO mode=ap_ctrl_hs:ce=0
Port [ a]:  wired=1; compound=1; hidden=0; nouse=0; global=0; static=0; extern=0; dir=0; type=1; pingpong=0; private_global=0; MemPort=[13]; IO mode=ap_memory:ce=0
Port [ b]:  wired=1; compound=1; hidden=0; nouse=0; global=0; static=0; extern=0; dir=0; type=1; pingpong=0; private_global=0; MemPort=[13]; IO mode=ap_memory:ce=0
Port [ s]:  wired=1; compound=0; hidden=0; nouse=0; global=0; static=0; extern=0; dir=1; type=0; pingpong=0; private_global=0; IO mode=ap_vld:ce=0
---------------- STG Properties END ------------------

---------------- Datapath Model BEGIN ----------------

<LifeTime>
<method=bitvector/>
acc_V             (alloca           ) [ 0111111]
i                 (alloca           ) [ 0111111]
spectopmodule_ln3 (spectopmodule    ) [ 0000000]
specinterface_ln0 (specinterface    ) [ 0000000]
specbitsmap_ln0   (specbitsmap      ) [ 0000000]
specinterface_ln0 (specinterface    ) [ 0000000]
specbitsmap_ln0   (specbitsmap      ) [ 0000000]
specbitsmap_ln0   (specbitsmap      ) [ 0000000]
specinterface_ln0 (specinterface    ) [ 0000000]
store_ln10        (store            ) [ 0000000]
store_ln10        (store            ) [ 0000000]
br_ln10           (br               ) [ 0000000]
i_1               (load             ) [ 0000000]
zext_ln10         (zext             ) [ 0000000]
icmp_ln10         (icmp             ) [ 0011111]
empty             (speclooptripcount) [ 0000000]
add_ln10          (add              ) [ 0000000]
br_ln10           (br               ) [ 0000000]
a_addr            (getelementptr    ) [ 0001000]
b_addr            (getelementptr    ) [ 0001000]
store_ln10        (store            ) [ 0000000]
acc_V_load_1      (load             ) [ 0000000]
write_ln14        (write            ) [ 0000000]
ret_ln15          (ret              ) [ 0000000]
a_load            (load             ) [ 0000110]
b_load            (load             ) [ 0000110]
acc_V_load        (load             ) [ 0000001]
mul_ln859         (mul              ) [ 0000001]
specloopname_ln6  (specloopname     ) [ 0000000]
acc_V_1           (add              ) [ 0000000]
store_ln10        (store            ) [ 0000000]
br_ln10           (br               ) [ 0000000]
</LifeTime>

<model>

<comp_list>
<comp id="0" class="1000" name="a">
<pin_list>
<pin id="1" dir="1" index="0" bw="1" slack="0"/>
</pin_list>
<bind>
<StgValue><ssdm name="a"/><MemPortTyVec>1 3 </MemPortTyVec>
</StgValue>
</bind>
</comp>

<comp id="2" class="1000" name="b">
<pin_list>
<pin id="3" dir="1" index="0" bw="1" slack="0"/>
</pin_list>
<bind>
<StgValue><ssdm name="b"/><MemPortTyVec>1 3 </MemPortTyVec>
</StgValue>
</bind>
</comp>

<comp id="4" class="1000" name="s">
<pin_list>
<pin id="5" dir="1" index="0" bw="1" slack="0"/>
</pin_list>
<bind>
<StgValue><ssdm name="s"/></StgValue>
</bind>
</comp>

<comp id="6" class="1001" name="const_6">
<pin_list>
<pin id="7" dir="1" index="0" bw="1" slack="0"/>
</pin_list>
<bind>
<StgValue><ssdm name=""/></StgValue>
</bind>
</comp>

<comp id="8" class="1001" name="const_8">
<pin_list>
<pin id="9" dir="1" index="0" bw="1" slack="2147483647"/>
</pin_list>
<bind>
<StgValue><ssdm name="_ssdm_op_SpecTopModule"/></StgValue>
</bind>
</comp>

<comp id="10" class="1001" name="const_10">
<pin_list>
<pin id="11" dir="1" index="0" bw="1" slack="2147483647"/>
</pin_list>
<bind>
<StgValue><ssdm name="empty_2"/></StgValue>
</bind>
</comp>

<comp id="12" class="1001" name="const_12">
<pin_list>
<pin id="13" dir="1" index="0" bw="1" slack="2147483647"/>
</pin_list>
<bind>
<StgValue><ssdm name="_ssdm_op_SpecInterface"/></StgValue>
</bind>
</comp>

<comp id="14" class="1001" name="const_14">
<pin_list>
<pin id="15" dir="1" index="0" bw="1" slack="2147483647"/>
</pin_list>
<bind>
<StgValue><ssdm name="empty"/></StgValue>
</bind>
</comp>

<comp id="16" class="1001" name="const_16">
<pin_list>
<pin id="17" dir="1" index="0" bw="1" slack="2147483647"/>
</pin_list>
<bind>
<StgValue><ssdm name=""/></StgValue>
</bind>
</comp>

<comp id="18" class="1001" name="const_18">
<pin_list>
<pin id="19" dir="1" index="0" bw="1" slack="2147483647"/>
</pin_list>
<bind>
<StgValue><ssdm name="empty_0"/></StgValue>
</bind>
</comp>

<comp id="20" class="1001" name="const_20">
<pin_list>
<pin id="21" dir="1" index="0" bw="1" slack="2147483647"/>
</pin_list>
<bind>
<StgValue><ssdm name=""/></StgValue>
</bind>
</comp>

<comp id="22" class="1001" name="const_22">
<pin_list>
<pin id="23" dir="1" index="0" bw="1" slack="2147483647"/>
</pin_list>
<bind>
<StgValue><ssdm name="_ssdm_op_SpecBitsMap"/></StgValue>
</bind>
</comp>

<comp id="24" class="1001" name="const_24">
<pin_list>
<pin id="25" dir="1" index="0" bw="1" slack="2147483647"/>
</pin_list>
<bind>
<StgValue><ssdm name="empty_1"/></StgValue>
</bind>
</comp>

<comp id="26" class="1001" name="const_26">
<pin_list>
<pin id="27" dir="1" index="0" bw="1" slack="0"/>
</pin_list>
<bind>
<StgValue><ssdm name=""/></StgValue>
</bind>
</comp>

<comp id="28" class="1001" name="const_28">
<pin_list>
<pin id="29" dir="1" index="0" bw="1" slack="0"/>
</pin_list>
<bind>
<StgValue><ssdm name=""/></StgValue>
</bind>
</comp>

<comp id="30" class="1001" name="const_30">
<pin_list>
<pin id="31" dir="1" index="0" bw="1" slack="0"/>
</pin_list>
<bind>
<StgValue><ssdm name=""/></StgValue>
</bind>
</comp>

<comp id="32" class="1001" name="const_32">
<pin_list>
<pin id="33" dir="1" index="0" bw="1" slack="2147483647"/>
</pin_list>
<bind>
<StgValue><ssdm name="_ssdm_op_SpecLoopTripCount"/></StgValue>
</bind>
</comp>

<comp id="34" class="1001" name="const_34">
<pin_list>
<pin id="35" dir="1" index="0" bw="1" slack="2147483647"/>
</pin_list>
<bind>
<StgValue><ssdm name=""/></StgValue>
</bind>
</comp>

<comp id="36" class="1001" name="const_36">
<pin_list>
<pin id="37" dir="1" index="0" bw="1" slack="0"/>
</pin_list>
<bind>
<StgValue><ssdm name=""/></StgValue>
</bind>
</comp>

<comp id="38" class="1001" name="const_38">
<pin_list>
<pin id="39" dir="1" index="0" bw="1" slack="0"/>
</pin_list>
<bind>
<StgValue><ssdm name=""/></StgValue>
</bind>
</comp>

<comp id="40" class="1001" name="const_40">
<pin_list>
<pin id="41" dir="1" index="0" bw="1" slack="0"/>
</pin_list>
<bind>
<StgValue><ssdm name="_ssdm_op_Write.ap_auto.i16P0A"/></StgValue>
</bind>
</comp>

<comp id="42" class="1001" name="const_42">
<pin_list>
<pin id="43" dir="1" index="0" bw="1" slack="2147483647"/>
</pin_list>
<bind>
<StgValue><ssdm name="_ssdm_op_SpecLoopName"/></StgValue>
</bind>
</comp>

<comp id="44" class="1001" name="const_44">
<pin_list>
<pin id="45" dir="1" index="0" bw="1" slack="2147483647"/>
</pin_list>
<bind>
<StgValue><ssdm name="empty_3"/></StgValue>
</bind>
</comp>

<comp id="46" class="1004" name="acc_V_fu_46">
<pin_list>
<pin id="47" dir="0" index="0" bw="1" slack="0"/>
<pin id="48" dir="1" index="1" bw="16" slack="0"/>
</pin_list>
<bind>
<opcode="alloca(26) " fcode="alloca"/>
<opset="acc_V/1 "/>
</bind>
</comp>

<comp id="50" class="1004" name="i_fu_50">
<pin_list>
<pin id="51" dir="0" index="0" bw="1" slack="0"/>
<pin id="52" dir="1" index="1" bw="4" slack="0"/>
</pin_list>
<bind>
<opcode="alloca(26) " fcode="alloca"/>
<opset="i/1 "/>
</bind>
</comp>

<comp id="54" class="1004" name="write_ln14_write_fu_54">
<pin_list>
<pin id="55" dir="0" index="0" bw="0" slack="0"/>
<pin id="56" dir="0" index="1" bw="16" slack="0"/>
<pin id="57" dir="0" index="2" bw="16" slack="0"/>
<pin id="58" dir="1" index="3" bw="0" slack="2147483647"/>
</pin_list>
<bind>
<opcode="write(1151) " fcode="write"/>
<opset="write_ln14/2 "/>
</bind>
</comp>

<comp id="61" class="1004" name="a_addr_gep_fu_61">
<pin_list>
<pin id="62" dir="0" index="0" bw="16" slack="0"/>
<pin id="63" dir="0" index="1" bw="1" slack="0"/>
<pin id="64" dir="0" index="2" bw="4" slack="0"/>
<pin id="65" dir="1" index="3" bw="3" slack="0"/>
</pin_list>
<bind>
<opcode="getelementptr(29) " fcode="getelementptr"/>
<opset="a_addr/2 "/>
</bind>
</comp>

<comp id="68" class="1004" name="grp_access_fu_68">
<pin_list>
<pin id="69" dir="0" index="0" bw="3" slack="0"/>
<pin id="70" dir="0" index="1" bw="16" slack="2147483647"/>
<pin id="71" dir="0" index="2" bw="0" slack="2147483647"/>
<pin id="72" dir="1" index="3" bw="16" slack="0"/>
</pin_list>
<bind>
<opcode="load(27) " fcode="load"/>
<opset="a_load/2 "/>
</bind>
</comp>

<comp id="74" class="1004" name="b_addr_gep_fu_74">
<pin_list>
<pin id="75" dir="0" index="0" bw="16" slack="0"/>
<pin id="76" dir="0" index="1" bw="1" slack="0"/>
<pin id="77" dir="0" index="2" bw="4" slack="0"/>
<pin id="78" dir="1" index="3" bw="3" slack="0"/>
</pin_list>
<bind>
<opcode="getelementptr(29) " fcode="getelementptr"/>
<opset="b_addr/2 "/>
</bind>
</comp>

<comp id="81" class="1004" name="grp_access_fu_81">
<pin_list>
<pin id="82" dir="0" index="0" bw="3" slack="0"/>
<pin id="83" dir="0" index="1" bw="16" slack="2147483647"/>
<pin id="84" dir="0" index="2" bw="0" slack="2147483647"/>
<pin id="85" dir="1" index="3" bw="16" slack="0"/>
</pin_list>
<bind>
<opcode="load(27) " fcode="load"/>
<opset="b_load/2 "/>
</bind>
</comp>

<comp id="87" class="1004" name="grp_load_fu_87">
<pin_list>
<pin id="88" dir="0" index="0" bw="16" slack="1"/>
<pin id="89" dir="1" index="1" bw="16" slack="0"/>
</pin_list>
<bind>
<opcode="load(27) " fcode="load"/>
<opset="acc_V_load_1/2 acc_V_load/5 "/>
</bind>
</comp>

<comp id="91" class="1004" name="store_ln10_store_fu_91">
<pin_list>
<pin id="92" dir="0" index="0" bw="1" slack="0"/>
<pin id="93" dir="0" index="1" bw="4" slack="0"/>
<pin id="94" dir="1" index="2" bw="0" slack="2147483647"/>
</pin_list>
<bind>
<opcode="store(28) " fcode="store"/>
<opset="store_ln10/1 "/>
</bind>
</comp>

<comp id="96" class="1004" name="store_ln10_store_fu_96">
<pin_list>
<pin id="97" dir="0" index="0" bw="1" slack="0"/>
<pin id="98" dir="0" index="1" bw="16" slack="0"/>
<pin id="99" dir="1" index="2" bw="0" slack="2147483647"/>
</pin_list>
<bind>
<opcode="store(28) " fcode="store"/>
<opset="store_ln10/1 "/>
</bind>
</comp>

<comp id="101" class="1004" name="i_1_load_fu_101">
<pin_list>
<pin id="102" dir="0" index="0" bw="4" slack="1"/>
<pin id="103" dir="1" index="1" bw="4" slack="0"/>
</pin_list>
<bind>
<opcode="load(27) " fcode="load"/>
<opset="i_1/2 "/>
</bind>
</comp>

<comp id="104" class="1004" name="zext_ln10_fu_104">
<pin_list>
<pin id="105" dir="0" index="0" bw="4" slack="0"/>
<pin id="106" dir="1" index="1" bw="64" slack="0"/>
</pin_list>
<bind>
<opcode="zext(34) " fcode="zext"/>
<opset="zext_ln10/2 "/>
</bind>
</comp>

<comp id="110" class="1004" name="icmp_ln10_fu_110">
<pin_list>
<pin id="111" dir="0" index="0" bw="4" slack="0"/>
<pin id="112" dir="0" index="1" bw="4" slack="0"/>
<pin id="113" dir="1" index="2" bw="1" slack="2147483647"/>
</pin_list>
<bind>
<opcode="icmp(45) " fcode="icmp"/>
<opset="icmp_ln10/2 "/>
</bind>
</comp>

<comp id="116" class="1004" name="add_ln10_fu_116">
<pin_list>
<pin id="117" dir="0" index="0" bw="4" slack="0"/>
<pin id="118" dir="0" index="1" bw="1" slack="0"/>
<pin id="119" dir="1" index="2" bw="4" slack="0"/>
</pin_list>
<bind>
<opcode="add(8) " fcode="add"/>
<opset="add_ln10/2 "/>
</bind>
</comp>

<comp id="122" class="1004" name="store_ln10_store_fu_122">
<pin_list>
<pin id="123" dir="0" index="0" bw="4" slack="0"/>
<pin id="124" dir="0" index="1" bw="4" slack="1"/>
<pin id="125" dir="1" index="2" bw="0" slack="2147483647"/>
</pin_list>
<bind>
<opcode="store(28) " fcode="store"/>
<opset="store_ln10/2 "/>
</bind>
</comp>

<comp id="127" class="1004" name="store_ln10_store_fu_127">
<pin_list>
<pin id="128" dir="0" index="0" bw="16" slack="0"/>
<pin id="129" dir="0" index="1" bw="16" slack="5"/>
<pin id="130" dir="1" index="2" bw="0" slack="2147483647"/>
</pin_list>
<bind>
<opcode="store(28) " fcode="store"/>
<opset="store_ln10/6 "/>
</bind>
</comp>

<comp id="131" class="1007" name="grp_fu_131">
<pin_list>
<pin id="132" dir="0" index="0" bw="16" slack="0"/>
<pin id="133" dir="0" index="1" bw="16" slack="0"/>
<pin id="134" dir="0" index="2" bw="16" slack="0"/>
<pin id="135" dir="1" index="3" bw="16" slack="0"/>
</pin_list>
<bind>
<opcode="muladd(1172) " fcode="muladd"/>
<opset="mul_ln859/3 acc_V_1/5 "/>
</bind>
</comp>

<comp id="140" class="1005" name="acc_V_reg_140">
<pin_list>
<pin id="141" dir="0" index="0" bw="16" slack="0"/>
<pin id="142" dir="1" index="1" bw="16" slack="0"/>
</pin_list>
<bind>
<opset="acc_V "/>
</bind>
</comp>

<comp id="147" class="1005" name="i_reg_147">
<pin_list>
<pin id="148" dir="0" index="0" bw="4" slack="0"/>
<pin id="149" dir="1" index="1" bw="4" slack="0"/>
</pin_list>
<bind>
<opset="i "/>
</bind>
</comp>

<comp id="157" class="1005" name="a_addr_reg_157">
<pin_list>
<pin id="158" dir="0" index="0" bw="3" slack="1"/>
<pin id="159" dir="1" index="1" bw="3" slack="1"/>
</pin_list>
<bind>
<opset="a_addr "/>
</bind>
</comp>

<comp id="162" class="1005" name="b_addr_reg_162">
<pin_list>
<pin id="163" dir="0" index="0" bw="3" slack="1"/>
<pin id="164" dir="1" index="1" bw="3" slack="1"/>
</pin_list>
<bind>
<opset="b_addr "/>
</bind>
</comp>

<comp id="167" class="1005" name="a_load_reg_167">
<pin_list>
<pin id="168" dir="0" index="0" bw="16" slack="1"/>
<pin id="169" dir="1" index="1" bw="16" slack="1"/>
</pin_list>
<bind>
<opset="a_load "/>
</bind>
</comp>

<comp id="172" class="1005" name="b_load_reg_172">
<pin_list>
<pin id="173" dir="0" index="0" bw="16" slack="1"/>
<pin id="174" dir="1" index="1" bw="16" slack="1"/>
</pin_list>
<bind>
<opset="b_load "/>
</bind>
</comp>

<comp id="177" class="1005" name="acc_V_load_reg_177">
<pin_list>
<pin id="178" dir="0" index="0" bw="16" slack="1"/>
<pin id="179" dir="1" index="1" bw="16" slack="1"/>
</pin_list>
<bind>
<opset="acc_V_load "/>
</bind>
</comp>

</comp_list>

<net_list>
<net id="49"><net_src comp="6" pin="0"/><net_sink comp="46" pin=0"/></net>

<net id="53"><net_src comp="6" pin="0"/><net_sink comp="50" pin=0"/></net>

<net id="59"><net_src comp="40" pin="0"/><net_sink comp="54" pin=0"/></net>

<net id="60"><net_src comp="4" pin="0"/><net_sink comp="54" pin=1"/></net>

<net id="66"><net_src comp="0" pin="0"/><net_sink comp="61" pin=0"/></net>

<net id="67"><net_src comp="38" pin="0"/><net_sink comp="61" pin=1"/></net>

<net id="73"><net_src comp="61" pin="3"/><net_sink comp="68" pin=0"/></net>

<net id="79"><net_src comp="2" pin="0"/><net_sink comp="74" pin=0"/></net>

<net id="80"><net_src comp="38" pin="0"/><net_sink comp="74" pin=1"/></net>

<net id="86"><net_src comp="74" pin="3"/><net_sink comp="81" pin=0"/></net>

<net id="90"><net_src comp="87" pin="1"/><net_sink comp="54" pin=2"/></net>

<net id="95"><net_src comp="26" pin="0"/><net_sink comp="91" pin=0"/></net>

<net id="100"><net_src comp="28" pin="0"/><net_sink comp="96" pin=0"/></net>

<net id="107"><net_src comp="101" pin="1"/><net_sink comp="104" pin=0"/></net>

<net id="108"><net_src comp="104" pin="1"/><net_sink comp="61" pin=2"/></net>

<net id="109"><net_src comp="104" pin="1"/><net_sink comp="74" pin=2"/></net>

<net id="114"><net_src comp="101" pin="1"/><net_sink comp="110" pin=0"/></net>

<net id="115"><net_src comp="30" pin="0"/><net_sink comp="110" pin=1"/></net>

<net id="120"><net_src comp="101" pin="1"/><net_sink comp="116" pin=0"/></net>

<net id="121"><net_src comp="36" pin="0"/><net_sink comp="116" pin=1"/></net>

<net id="126"><net_src comp="116" pin="2"/><net_sink comp="122" pin=0"/></net>

<net id="136"><net_src comp="81" pin="3"/><net_sink comp="131" pin=0"/></net>

<net id="137"><net_src comp="68" pin="3"/><net_sink comp="131" pin=1"/></net>

<net id="138"><net_src comp="87" pin="1"/><net_sink comp="131" pin=2"/></net>

<net id="139"><net_src comp="131" pin="3"/><net_sink comp="127" pin=0"/></net>

<net id="143"><net_src comp="46" pin="1"/><net_sink comp="140" pin=0"/></net>

<net id="144"><net_src comp="140" pin="1"/><net_sink comp="96" pin=1"/></net>

<net id="145"><net_src comp="140" pin="1"/><net_sink comp="87" pin=0"/></net>

<net id="146"><net_src comp="140" pin="1"/><net_sink comp="127" pin=1"/></net>

<net id="150"><net_src comp="50" pin="1"/><net_sink comp="147" pin=0"/></net>

<net id="151"><net_src comp="147" pin="1"/><net_sink comp="91" pin=1"/></net>

<net id="152"><net_src comp="147" pin="1"/><net_sink comp="101" pin=0"/></net>

<net id="153"><net_src comp="147" pin="1"/><net_sink comp="122" pin=1"/></net>

<net id="160"><net_src comp="61" pin="3"/><net_sink comp="157" pin=0"/></net>

<net id="161"><net_src comp="157" pin="1"/><net_sink comp="68" pin=0"/></net>

<net id="165"><net_src comp="74" pin="3"/><net_sink comp="162" pin=0"/></net>

<net id="166"><net_src comp="162" pin="1"/><net_sink comp="81" pin=0"/></net>

<net id="170"><net_src comp="68" pin="3"/><net_sink comp="167" pin=0"/></net>

<net id="171"><net_src comp="167" pin="1"/><net_sink comp="131" pin=1"/></net>

<net id="175"><net_src comp="81" pin="3"/><net_sink comp="172" pin=0"/></net>

<net id="176"><net_src comp="172" pin="1"/><net_sink comp="131" pin=0"/></net>

<net id="180"><net_src comp="87" pin="1"/><net_sink comp="177" pin=0"/></net>

<net id="181"><net_src comp="177" pin="1"/><net_sink comp="131" pin=1"/></net>

</net_list>

</model> 
---------------- Datapath Model END ------------------

* FSMD analyzer results:
  - Output states:
	Port: s | {2 }
 - Input state : 
	Port: inner_product : a | {2 3 }
	Port: inner_product : b | {2 3 }
  - Chain level:
	State 1
		store_ln10 : 1
		store_ln10 : 1
	State 2
		zext_ln10 : 1
		icmp_ln10 : 1
		add_ln10 : 1
		br_ln10 : 2
		a_addr : 2
		a_load : 3
		b_addr : 2
		b_load : 3
		store_ln10 : 2
		write_ln14 : 1
	State 3
		mul_ln859 : 1
	State 4
	State 5
		acc_V_1 : 1
	State 6
		store_ln10 : 1


============================================================
+ Verbose Summary: Datapath Resource usage 
============================================================

* Functional unit list:
|----------|------------------------|---------|---------|---------|
| Operation|     Functional Unit    |   DSP   |    FF   |   LUT   |
|----------|------------------------|---------|---------|---------|
|    add   |     add_ln10_fu_116    |    0    |    0    |    13   |
|----------|------------------------|---------|---------|---------|
|   icmp   |    icmp_ln10_fu_110    |    0    |    0    |    9    |
|----------|------------------------|---------|---------|---------|
|  muladd  |       grp_fu_131       |    1    |    0    |    0    |
|----------|------------------------|---------|---------|---------|
|   write  | write_ln14_write_fu_54 |    0    |    0    |    0    |
|----------|------------------------|---------|---------|---------|
|   zext   |    zext_ln10_fu_104    |    0    |    0    |    0    |
|----------|------------------------|---------|---------|---------|
|   Total  |                        |    1    |    0    |    22   |
|----------|------------------------|---------|---------|---------|

Memories:
N/A

* Register list:
+------------------+--------+
|                  |   FF   |
+------------------+--------+
|  a_addr_reg_157  |    3   |
|  a_load_reg_167  |   16   |
|acc_V_load_reg_177|   16   |
|   acc_V_reg_140  |   16   |
|  b_addr_reg_162  |    3   |
|  b_load_reg_172  |   16   |
|     i_reg_147    |    4   |
+------------------+--------+
|       Total      |   74   |
+------------------+--------+

* Multiplexer (MUX) list: 
|------------------|------|------|------|--------||---------||---------|
|       Comp       |  Pin | Size |  BW  | S x BW ||  Delay  ||   LUT   |
|------------------|------|------|------|--------||---------||---------|
| grp_access_fu_68 |  p0  |   2  |   3  |    6   ||    9    |
| grp_access_fu_81 |  p0  |   2  |   3  |    6   ||    9    |
|    grp_fu_131    |  p0  |   2  |  16  |   32   ||    9    |
|    grp_fu_131    |  p1  |   3  |  16  |   48   ||    13   |
|------------------|------|------|------|--------||---------||---------|
|       Total      |      |      |      |   92   || 3.34693 ||    40   |
|------------------|------|------|------|--------||---------||---------|



* Summary:
+-----------+--------+--------+--------+--------+
|           |   DSP  |  Delay |   FF   |   LUT  |
+-----------+--------+--------+--------+--------+
|  Function |    1   |    -   |    0   |   22   |
|   Memory  |    -   |    -   |    -   |    -   |
|Multiplexer|    -   |    3   |    -   |   40   |
|  Register |    -   |    -   |   74   |    -   |
+-----------+--------+--------+--------+--------+
|   Total   |    1   |    3   |   74   |   62   |
+-----------+--------+--------+--------+--------+
